1217091118752304
427068031730487169774873840560
1133098111114439
894704891560827
-753188622713011
854686602042074
158441930105904049051705230050
167599109171035302090329412714
469159760360895359557426752876
-393596706761377
397504298979458907269000435844
1499227494040310
877921710598629
148343299023237
1176949650487907
1271029501615203
-16388413562412
1025231445133945
122619828162639039331950977238
24827985442751074287707110419
943712549090963
151936719077037465220039429446
-126602091562545
511690503458445
1116896370795676
152876693480498566155548001477
361910140828015
1535575078533132
1268185398157323
505326482765739903230712157752
1007460521923469
614718512982300962508247053832
1040548414457273
-35006971231169
644897827949661
183805106383485
406875280009812
354699705961058515662939646966
143017208333904467353340794851
-266908715211991
569240845167619
603485356502256084283360880880
-643271150533381
71093944278816
-69839940212298
-874991462634304
933629340016316
44691056969658105174664858728
106907371685214836485355997321
504725660230647076913816335848
1683968032428058
-366200805663770
313079967695274
-470110941611704
145616494991509
1382431700984876
-258022871029552
-26947175973617
155825674695334573441505193564
1561058547081337
157158333598246820394661896300
-122319450652631
392257442043666
433318738644998795292451292272
253366919831243097743035181334
484168053631402985340316687353
899860530149266
332201034856357869801582381563
-292084529760796
639244426001804
-162281219791410
647445924140945467072995811494
377931313114469769319652859300
922581334048995
157930541984874821996215498074
192379920120743693727109218270
92959158677841996882909258020
-36005474209387
557128384209281847006986266304
161907839444769859363929116880
881208506058577
249224251492925341753228996933
304423982323096
735202200448865525453901856890
3497294490268554486399054288
741257203755741
703421532606729
472117154850684
523844555290945772532036568375
640222825982362854443612623693
-193953314759385
906320267224165
-445991292502266
-75808497879845
406354973877872280611149716180
179277656926521195122338159070
-496415675384153
644599867978330
284484931725942363810312978500
1114428869229157
-597427217927552
49689428671099688489253084668
-12341578840858
933497702182254
765702716936099
1147735409964522
-262219189737894
-250138464369274
1117395672649543
15377631850333398312441848709
410145873905798
186970918733784634930056643725
889357275813505258694493208077
-4656030896680
1578145409330844
618515111435360
-640568382921248
478532333734306
946045071943156
124530620476318206550552888840
144580767214603483302412725598
753174338464537
406323004998431
863429994578035
732375048481886
204854569765041694639565840520
-268351662489886
176336455993947592760537435348
1150892966240367
852018306929601417461024138607
46773135146545960177632469131
236076885562921360017574625022
1347198276585470
2176455172191630246129013488
183176842418339
1243771755980338
471105889719962
186508600823917438054737896063
689198252296707
515932743770027
262772900519032413935261184425
249094046160940736604402101699
115021525846325
-350455870448407
53969600272404644066073935430
-915343550875855
202587143705434
403097530722532
822730990331260
136425190736973155490005079546
-75306534216917
1789747012996423
537797340081825407038740770568
-422318339536627
214400812556599761228448007325
-130208160000464
16157149267376987229998968605
1408480639258637
1494069653783574
1434622330685913
25429125203286010282927859736
352613661648058
1307115372334601
366225172153354393278366124344
-668261496563237
424389466645307
-545121305652000
401580679103745560670527563716
689244777033105
-467535607101503
566941422917814
1082300771723468
124208057764519215694755982830
969894782135056
575295655627903
772856770639459
195741392843257020288556424390
348831774183086
52080202387471029775612528262
62757870266538340157907882770
1279668999038803
-557449098760479
-363753949019686
-536242903982174
618389004206674
409949185606726
1542632585141091
1528757091471375
83075712406676973998932098840
761924209348426
-166223278237065
97459259911727489742700058024
230035289710275977466870560140
242200322630667835805055192886
635607117227439
-350957159607198
103910587347564
438314369378984430091257806480
172987643548663943979986629581
322540273077751363012030257426
648250493228520947552391655352
-73579160231111
348933067090183
111468506277354
916057345161004
247033977906580
92606395727971962578024469171
246514650802072256686254859788
1507998798574674
356051570781816
972874302368134
1532129509779749
92474714184417706324082711295
1764905163399249
143837962389146
456666134924909637794588579872
165701896648439222379824177192
553337622950652
552493889998232292065460302244
-167035995752817
536840900741155
-108429687387778
1271227314907689
909267338792496
-220815121150353
285976460552525715499992142470
564496641009858
671669855049899
213017585361886257125983679034
474615456784555325003498368544
198724351018441484345715959955
488527591464900
257714400382159121735986494768
1140038174682516
317235432062175
754555770143199
-255854226994887
196988936215064
-539646728854207
-443865921940592
619327386885640
1109394122155299
-299476043123240
327111666080824922047481197456
1330394156642540
457741036275677343971791944140
1402051573020383
1166163101598557
545506731052787
14695035481920258298575412880
61850564034704856861356359390
53847296701420
415885901514068821590645407460
1181145323885007
1638562288280871
304780785109243
412870269471316
71302590059916504622918741713
347070521690085019135651333732
97343226874843170103577524718
1122834258898856
34600348426089
506514786115074832895576493024
20065380410785357424530001906
831195864554389043180754385340
-560085029249625
-100568063363944
215139307619589792500565255444
1759652952904138
410952892375303568894282166774
1056226402875731
889748737899677
-484561602718014
895598987209196509259908756788
292104417951311270348736840068
834226045343804
-219776787275428
1046047477991782
573114807069744554896299803100
279059552803501063175782569620
932878309501566
429054008916143
-225201589685756
714689623574737
-223455785109535
527825728197301
-236218953041242
-533972618353450
1618321796403061
44887875070659
157610193940734
390786621659712
-215263717150889
-335881773963375
582819348778063
-248300774960985
420960755586167299496172582392
22227408872824739248358317645
283044394111366
192080936406685553529215704952
842010303477819
466844091581651
1184478279590485
396282804366733
832188738633864
-180210217865804
146992478017089
-48842687190726
24828388657593293762338441200
202815720644477918488980191667
133939757957597591162385319342
295159494741944635561660862556
1181017524417565
1208762889969921
43999510044247852355349720800
218462615141954
572593510376384
1988776764126244
275264674998422560914752501670
379143775114906810208005002700
923895743043174
6594
-76720679534633
178272539912299944893291630980
431912830048370
1022198820740833
29136117339682
250630577529621
1014939799255260
116340126134945299885100629710
205003554048789546505659467784
790644467188286
334352461677263
634431541854350
533641126142640
525438530634713
40348045144541907552580773610
184565137512410
1060437712954592
-138750505555000
17432922639541
297502183387907
713442755841683
-298538218758489
1663147351093307
458417731058097186343528519056
988216403662386
-276928192627347
1939441462113470
11095999630936
1248406973811234
-22191432998212
585368327553347
-240348851827986
486070418156527
863205593247568
-89390143398610
432957473898701004516476961549
781759583669051
-445225333135461
835113849159408
849119272252253
71227490308738
515169478659333
-603694738866310
-79761468793624
-660721596585881
-263873270615103
689749755695459
488089072014395407360165823586
6807994451320686431302478145
-729423699777862
-709050354119380
52893386289771748660379928114
-179278445665282
108927642189409
-42208937039573
-199597656389484
22117840570517596774062308130
61625037165258
973792952252555381712925184
24050604765200205077421411840
86419150545254700633392863632
-490058988402353
578625525816994
95044152149219416196813466500
-246646109662642
115472500146912
589263866031121
451276357088775172748280639152
139533751622393
133785471145775567659708408250
62752496890672229495930003565
-777223618309978
796426361642372
1521889417143396
278458715928007
877282223513359
46625831158115584251541845620
1324404046854192
814555625418033
296974215832929
-671106167576676
350983862992985489373030515383
636068660231031934971937483544
342501334618764
1392752715936405
-761473717356673
1431148137288920
570477034076232381909524286903
1259521712628948
586991439133833
-457275496191430
-552375454529385
1047884074874177
-593032774910992
28190817790076375295474333050
996836237210868
1269362986274019
583176495471418738435547646582
-338583397118655
1440629452918623
3012243358234
302660841962382
848112654935325
879430287195553
131855263989993752693499470700
120106820380274948036329826040
2309502397912264675679215112
239598554432176
28212933212692979150858452958
583413659709270
908211623785669
184062969106212
16474369679402017655177676150
-571602596659793
1255737593026007
3337579425816
-470930017386115
5668263846753359582255222275
-126071370940695
1082505617760182
174671088376660173765983102041
-335380100628316
372892399390364467335161071685
570578979737773
-619111216300611
811425898583944
6393461310702972869627979381
548327435295665
1659215010012883
5362114560997226216660703912
992108558145321
-166368168209227
222635559787790
1005952359932732
790644675891805507853530298688
569835254398406881256589182810
1179449809127281
1365129849193493
-396701052584025
-113243887303700
1621969510155057
455516284201672
390063601946680
1269857507180721
481121646664420719714443427364
1403609214958973
90066825868447739288216819619
585551618314786
1388115573174319
1024343183991294
-326089601431440
-735338582067809
-607368940849775
1140389575556756
-441168044176098
1268015210363079
729581393252344
95463925404047
85608095544048369491052532852
-172830645439136
297500862074963
-288266389617217
616896552463566
386322685632257
6561970639083403811247697962
896085998087048
830257146900171010806151673744
372617547030675
174196245265216
122410078443633
955903909146312
580228430396760
1213410080422888
97508852180051538018113191310
-61664021804197
57614137837119571963618693925
531596727685304424141755968074
307151893326084
25283601804852061252191238779
648445200815405
-162015819657564
675925384332265181801217834619
-292222360578749
1510744577196791
261168124499545
611066233477327121144622801590
170384242871897984620957396940
-609706220126850
544920344903343
-433561069987261
558670052765784
783413408152846
128206040509727378090563083945
116727497089538
505166025905565
443849797966994
1218693648948370
10750871548472176512170444964
1600352644578708
48817870447554935830470539080
317476561675023714258826959897
309956911844778451031201345839
12226546060193370397311139900
-288399383578701
814458066555684
1175927171485617
668443033195515231447206955162
934384760904578529901079588781
688814692029833
231162583911043285696412067200
136907065889316
510622923945437227079329691244
627008091947583886122633520251
653125949320068
230107801977351551120043023340
265394721919876586303847495510
1031061706839817
969403644070433
572134475714928
808776780238913
1549511324704807
248462756417447158049947577990
-2597356720889
258566319669090
575983899379649
958587682701818
519533507779415185326879085038
597585940428856293079357547662
246792226784119867299404332400
-279029932534111
-248010043743997
1178926679915469
1380035262496339243279933184
177863940233170532921243832462
765576316181707688018054496618
1552196715993682
149172916366668
1178853833946984
1555999805773017
40076369703405
983140802811501
384549195118226934245393269313
1769404552486892
115257717297330125338246813926
-9471647569909
94743371111002453627428157200
324604636432142556497075733672
157058960410863892374099721164
121540297136332333842962717085
-17803657933970
1550372173761260
-277719518962664
945760665662482
-193662887900724
-702608023378813
-323127044365203
1257455095203914
569768738346788797450362872892
613940037842516
81022355394243998683893961842
356567441324700
447332102929235
316790839029341710871588296946
380276801260593505824418203470
986603444789416
122621253339923
564546280328446
923478065762070
1322025549646110
19449167093715
485500600650350029177241192160
121444670802312862873249987090
441234128835208022767388089072
50131194152421108382628912300
33911935494282913820519837300
240520955555317518965568533004
641007847127801063181199350732
957009857261586
103826796393021815101193558218
180543811345431
662861107530429956264267126283
58480412814093153511552268550
70667203697083
1444503380234575
-101699468446694
77186285453136
-24010815464998
-255145463619435
75109934228289088425657975320
439968129890925
48295420367886
624740912667049
56450496516463
3971100124539450699666044955
927111366663026
-501726740863472
321495922673740609415550481240
540838546978747359407370622482
185459157293080062765713698157
340626057566048742614487122608
69965981799568
-118028730730314
200439588742090897109022664095
951377625641182
1233155910415746
14237809050517053057067427188
285107498549908156208750525288
-83056234228387
15513324935035730175223771508
-43762331220627
700455067464779
1624097973136131
6274951015310522307808928640
335025965617622
719929525913576
1647442311636585
1823928309579887814151020130
237795663229103103886578934494
330907248103083171460410957697
114665122348120310170746574160
1165514655104701
927173229655898
655699443760325398984132610710
237695496774551
456919503768228118281860865585
-452130776446338
-638537857648777
178669223883473985710497228164
42837655459207384441753645920
-728106125260989
472315852295362055891311112201
-62222568036869
-425073096442330
118906126658357853871930603819
629371005622878
93599612987332661026401870105
1417198313036272
1193323789566415
204639744016226
1142413736622267
-443216293850545
-69082047113857
616222769841896
1765254523580468
201560835213085594731651660239
755785062346858
640500513772537437082589475292
97657270412617
-18771081817356
54921458161265359163419168480
53497797464670702693336791235
-410104446854078
345059294885196
66605836639565537990477550260
-750698726660890
198537541432343277363950699064
554733890214654
781094815239627233703773308300
548792754253779165645366148655
-113880825304400
227123648342755306847620417584
182285436145042224814900766336
112020144884031
654549659285744561608147996920
901861612200420
629879191509240
-61063122681696
837285248757464
43927796745488308931194588312
1340600876871821
858435099140041531367709732400
1351887737840035
1132537521707475
378863008630894
-801507240841667
288552517090288326565588043356
878298305783044
-95200412035559
26061724895502
275202271350155
-326611238502042
495215938667324
217834458823321
660617106801916
590269104218785
671404362744225
1272352769110609
144907966159091065443297255900
-541865005717138
-256225201731654
407964119528405
243334282134216665728010426367
67652752884740442743847081834
4698965037187373568430581660
745566226392801
35502222419545
1019002780091820
1172743404219907
1579754756028805
786012230256364
344427364056380777157754986210
549896034824718
670507236065399
305450527854126320860856205609
-35297719500208
38814497543169725640288797565
13147363160445248427462083688
432657882634061897032494838923
185834615720640440323437649982
244354785131100616787807240445
865895077242288
-576188595592480
549523296329206
1073953046338744
123962125624948
245503928407389
-49394089368006
61802377475051842736417866278
1383353761035484
509340080627237834839694096015
72346632141661532481276899740
4207171754371484862299268878
1145392400241578
365838509150464778824685075325
51511652906454647362303946745
50414198155664251659909002768
-75351707944812
6123921677693630113050184644
1108019401939755
884071901232720
23227963529375
155242723778603498328070516098
-171550375359607
1069033115420657
183310465740346
-657611856408016
108142076135595
842840479434521
1536403463126883
-788506211422981
505838625410553
1156307090658165
413782077926657
1022077255574566
-87870890420618
552832797725050
12224195886081
1259063396748219
359669612077459
260902137365501593618286343500
488943155440745
-148073588171219
60716937495270974652841039248
502163623106005134704212997230
-309770376845573
142528320330411489817102284334
454834010105391
821758757275671
-541097831616606
1063258720801606
916236175396399
551194783584408
605367883772026
2709054949912
1110813823512244
1282487138592468
496519452683308
156613456068490
-603948844345114
494478778962771
125224102690244075107207506976
1042671250552578
531604195096891443169539169810
774011867378258
108435673635650758765609335209
320727928669778111430710971715
112662588828358978048562879600
-202111803234158
36361715882758083393398357494
-547324334093307
1471339979070577
1344201558587063
568371811800758705397468070351
1135311802048681
308775348411954124760265655712
349677860420068
1190792209566396
829074801994569521464991605335
464902945220490419572175931384
-871849616859294
215259801660909650525813652317
138496197379482366941884287280
794977775475711
75377293125935
-739324918149076
-481425895208092
-304588879874571
588724501957017559308032273196
790825651600001
707601028349349
640207812798750
921680423706538
34684205269352641749138866076
175112076022677247851840420978
8416249630923035601976494726
1245723741748936
-867346278045773
324797650462417
19578333331945254486784006560
483267068829053
96076444693107035996263107298
68298775572022201238364881564
6988562034383005514169640048
667288096701400775568592863680
90229287821476454686146953325
282824289076237
562643827864339261847395388646
376617690185281
393369280430784
771244078841637
356608265280668126676563352376
5094112865824265556234841108
67484573513821
511432937336334253852514573450
865154742002674
-347647816196974
178481573935270073642103736200
85603754364126055657511742392
998886561210534
186946768751732685880439348074
-126911621167642
567952106317351
379604236478604
223754451800587
70720948017418879154903142858
377208941706689
-407054331299933
-328044898031909
1299718191539713
558433687590962059530309681795
603996875040610
4688106703840420993801731672
1142145674711487
-250558281449657
97274761841732931952204328692
286555585928489732631672814440
209306492715813
206727951431309671572359096400
773703900809216423251110444
-473078968451501
97252632055198
164762147933667271423748405898
74498781923735
545664063754495841933092052130
41783363367704189039705400420
760707560344058635097212320340
1123614736068772
-53632445563610
-49665811704239
-273022816840268
218920657515897854844307546560
506971527336067739141072306997
358037903262343120326008864106
-304660522768196
867164810777249
206455434502039
24620090280180673479187798304
107285352149511210290729121904
421697715100553235210006289608
649457453562809582928288837142
-37500839474156
414025446676521871448537440784
731444272224002
13285997203728
880480363372665
110260205503423
379738881710038345225090866216
885567699474434
-897693876477381
425522147396483140533734380971
1475137443525605
468378268232596252857555912966
58914814576771600842685026060
664020531519673527992114733524
1153717565547718021214815158
163826732589323578562500710140
265635410577094
9927
1204566418527598
485919836653035
593891040732461
1342403036903394
316590105492472537875342515868
61663918433853
304778222762723
1064890859326894
0
