-239942877085325
1150641381922251
-399939298365267
-689700173518403
62113442118056
189883895714917
500516953562023
59511694205761029334566415770
-43706946978033
429173111118249
173347111308026182870789474482
-540320053468447
13815791058386651441033295621
387982967577473625709325460360
31388276389055915183502856320
568073954343908157076408554392
657813960768738
-100523617593402
777118595634825
198054072256163116573962592896
22215273743679479500195144092
-628490785861558
-20468232749307
1563600428153698
707515741276174
1156669182205006
1397390585164682
177323823351994194141860989527
761237951544780
470652302383975486291009996324
155133552586857158311744655566
1277339234834358
96850720591318
-795757085873543
39574870589483464807464712680
1696978851177337
165011023283021
1119994258427574
1072563892161752
-323050561749923
-190296986531109
11631352408025
139938286105238
109717781114986802860202178713
488182802247085
-117827346135417
1699973105581333
1008240671091365
63409645946382066692849097610
76001705344071611895639557418
1123993436689856
517908401719751349393390450920
754650023273181
429299977718674
39422133950491111268860368529
1247491817572169
478684438446196
1441034443639675
278510905596019
882056972041451
385118358271000
299769821850960
670849736470312762800950148840
54349338814017080507463028429
239537450932360295581598153517
745968933960943
710857148947678661451660882585
239072592099544
403975302953994
6248159798006224052091467238
708462993106077413410368111286
-48812357010249
357515644733757567245409663915
3410582492072583280842883172
134571315590738
222258637958509926101790480564
557024690255474
627972929578954555823818295592
134557384279254
1789605837279137
217451256690954819450348839800
512105428332271
1206080994508275
758186652732865
682433244888842334151954012928
874557223416493
1460259836965397
1244815890435215
232860250783767
-40038096063225
-608595929492683
1285270627340304
12596949225231
2959889814102977857705491420
722041924838837
-314170727774790
-9841896890858
844937683899620
-282407894720073
860405438015753
213125110328066
405393849108853121146229409644
-140496317567414
1088882399986516
282381158402389440347948646925
655988433116502589868617077426
301129799407865206656059422312
-430713121450329
-55804069746675
143716792737368
503523703524761554272078207880
352691970865818375001983600204
555971989297434929383320630368
838086985531545
52375908392193
2101199898382
301609428322166101756612199220
921743815238291
97186705796789566647379324830
345796386232916
816299740260801
-329858398225418
155526107533029226783617590044
11779562556685358576692521064
460676243304845550998910720050
920338572467598
-796008461384594
313924808446982347855511716976
787321223588032
210470892147249282596362024212
1194259276786653
-543103685712121
758280204506571
75373863025983929578329679534
285858163549300
1218670695190611
572838460285993
321252641804059459164032502160
4686508851740
424982345044118
-75702803608477
-195431719715068
-383005932150667
195459010769858
281311329143867122875249410439
1432881517536906
14108486730688
-133318016783707
459491831491305
2262718037610473195502364901
26102816837414328247399428810
359964808641375268388310698010
-208163730475903
598982506308700
1281754502660233
164866170018393519790562085568
1510033573312011
-591648072412649
853683513957220
1248767832057554
290651426144579
75228465448781
-381391500373104
705717290303149
131451254523490161548240251799
574289970523688
-291513323642863
-179808083770110
35524655642048654340849868818
1620050870819484
432115573046246336532325986402
159036872102464
534841749478046
-745044241579343
109251992430450644304951605879
587108531934852
288864194523810
1521699386502811
1171188044783625
209165518108428320233201878588
88198388940486
653106727831868
1011860705878624
782111388068308
232250011554259322320877279190
1164029756035904
210714622728721
622829316427650
489408103749719407265655471621
370338305556192
1494736106119627
796789847676170
1032880389305616
232452214965134
33581254967694281121762424685
868140408302398
128738489792512285195984052674
729131607318479
-301104156678709
109168673221940356666731147415
492711723586313
51303191601739
-36709695207267
1475876829906047
10993635215680528749965356530
-187654978949138
-2952
-486494507144466
1118619049134730
11508081630312119409942187270
325896893990258608523275616135
-412367130219173
70628284547889033786905452050
961572875895837
162135668130014079777427161174
475407415496591
1222651092937762
315349927437139
533630067481259
262747730338471781880104663490
1245285823272819
635291765829584
-437564250883313
-83765456016197
814267183997511186994012472875
1594110852685175
60252867068006
1786133389430945
109706746790217
1460357217953845
642497511322287
-135690106135529
1041504449804557
793561595438485545981930927915
1127683038734184
86441982757698
142373163406501236500493205660
980994553901544
-61113852516081
675471104940690
566093803988149773726515635202
1591767668232574
516034289932394
658426412567326
198654602063133
452488400415813812464307062020
59307206101869
9125104219204549740658428294
889409706760819
798478142465644070384037382144
666259022853808
-230629025269906
10264528987023211323514498120
103844844286043
92724489245464714261385491090
176240856005277
587006778818913512211819161154
-345389280085787
-189587261440278
1556212989451645
-13021330559894
-73781158832570
174509089335025
152793422135917
-606089754553906
463937839230698
511761290726132
249921027471982
982744521209114
1479669713067030
-213041725874045
252927118751563
223006099858331036067176422250
-216906524231770
422173814967327
1337772341752216
368892379048329
100601741666419203569032426158
1694885581543794
-227880341909634
684441472072909
248765439510381
1035670196498032
1036936506985092
-155722134443412
116859220380744
75856371819494148135666346952
447944143761557
182870079087827118422183954716
884286827035394
890205166018261
262519075390933
634128686733072
1142345121956517
379748728745321
35091043533783969074290370889
961409444443582
-93951223510770
667142743140744
145064446246096457590996103112
229315682125198276627075637052
1461030774033068
594267126605357
-727982290444423
-241577196401004
279132463497409
345420974620388481736872901392
533284570746344157309289357796
-185573335693855
-96072532406432
266870917451551
154856620201693
22672385365442008614095209212
775659638319432
1039117490886940
906757270346749
950847204329418
-68071674524877
895662152513303
458167916435520793338580532464
113131251846860083633812658400
360862935194342825556911382771
189347302120069728157152306616
15386792010402917727357276864
554196355043673
303038763729549
386087247540177
138293722198087
187768645003313991511572977775
160000556851267800460979535762
1152650948874239
340659263460793752812575233184
47226467823091736390449413665
1235914555940717
952022610354430
-143201769867445
369123206374229
168627156259393
135617631810447606095651006874
491493115615929
-314958208591497
-228569854470169
111259182688006615823897189568
811710985693480
199540587059787
1169259369957009
9823709714025
1265605662894242
-44424729072102
269426975386880385876574770624
677195954102213
-419605534339446
807218740824157
706827834418958637017956516206
66528720894408222630757533387
1069243687423230
-95431596340550
190172894895710819131268243664
338330231303457452530845493528
441421143975266
-547541466277730
789089439376809
-52537369510114
1416741106397532
13484528968457682590220359181
602693750381678
108093565854384985590822475516
-30503214985937
404002422571231992274542128245
104100720394784147851204636668
-442611879793533
129119214847011
1213643278206768
112415255002563156016277882340
-159015184832205
40596870424140724189549343288
-295181181437598
375508775406547
542105983132711
123633076327542971535662303416
-665869923395483
346498987224351
93279699552882
315107911679520145874916330225
465024002720692924795798993120
754856737918957
257126510850234091244209450844
-4222856066008
-180278538687964
11628126524152016956711109472
821856050489718
430842870886066
56300277164557315206331484379
14149724654609319144831836424
78402802758762
363273257361105
113822260452915
327778582402430064901150882990
1220707401517384
1067249348855672
189880878102719254981921488867
100172199030352193807253483780
1837665837250254
38169405541696193569071962576
-888369537588931
421739647730239
1444870218943173
134371173180584
424478564596282
93479836160654
822485986170475
218161841649154940730043384092
1214128225510093
663140723129472
973720579227371
1237804039623402
328707434567629
-307310011839467
25364695320229474605964528798
424742417097276547843151107642
1041705433744581
-321682062476631
-567908039067192
1187120674731131
786199086069372
1588443028462317
88471246006359
-163927923247190
-807205292158828
32435998627038
798759151352717
605024373565203
-634364024342026
478774755155071
-432267882751134
389648975180781872699583829025
1625787626952364
255834551975208421951868519310
528377039707807
431774234241009471386722003150
-202691564332808
-483572706479571
-504650896126686
545638567288154
1327000938359830
239680077532899347360171166804
74320091419419
589349924118166
1756004556463780482143167312
-57255012991804
57329378206150
710941970117298
242256721680183
292450582471141803706442212136
651274502679453
635620778592672
507074919028013
65573578952635383343972379904
1096067599970792
745155528118760889941933980080
233148115136077186599832988875
940794258027103
73493350700442
411878418796844459769107524843
1514779371950349
-231182062742021
828617128971480
675509822178865
41190677837659204896778422378
122432358824801
11040429026592093712123755324
970337903276209
52799395179195
205394264337261
519781626335080269538266657964
1050507725307957
248146852673253
352603416589372
1247109050636180
268193926207597249135615176786
65934536837799412117908022830
130266396101725063294400140946
-189225729635595
-391185176960997
543721434873617
-686367466235316
152070431772600793382635695402
236033392837667
561993541338898
39715717481460
258743687923085049277596997989
1230634191804906
33372611854977
409117668378097002748952967338
46523882626303370004486232370
559170470610562895797335643600
1266655037390285
1171854080447188
91313238740811090163976132438
204615151600815
-156690641444231
449249147183566
5741785867403847397802921779
862972129044759
118084386291662
152871970359399
620603650999152858774285722906
-716309980170652
221018517602367
114726526452986
831222001696718
45034883747114
-903324871236076
224929862928981
-30385122203135
614585390481689
462422705031657
421741890174870979443681245100
1946923515699149
-109920451171074
477735680934025
1367347742618234
943268942276729
-30345205356019
770895481659644
1722883337617621
112286031300183902499971150074
525637814252189
-532168732007812
1337448613919463
68789759314778478979569121284
1522260759277666
685711333542276783314997052296
742267149321463
887055126459072051315662037
1580670627800680
141964725851939
59174371260813348552006482085
114807824773307132169641430960
456673561729906
1276756714810635
1016498522120321
-176495105418591
499103839647451165311700168320
994076186091764
344328884417179
1135716284956053
452436503744938
121764974044592
289643619867050
101814931882065154574277880529
6695259845914058861624020080
114785271317935403455927377600
-20362670600312
610193246436781
377430138459903638928155788528
155376776400834
688155370927936
0
