747162780167235
56706025296152636353706138055
273575804061951322918528490100
864172605689696
762728445432412039644292892000
960486478157798
-205404087939269
668098557269346653331400755432
359315887864855
864627065396742
21589568676028141817745358665
-328518489396999
970114189382703
780389903811629
91299552179144811186825456512
136326856991405275407630613734
390422856475069523677353553406
1144591290086160
-470039515613533
1183404869202086
715512807338697886912316323578
-283069203029094
73930011589611
119477727309107
95611043086626226567259019335
355461611309260
19088596474033391416504514592
405778966820228141987599059936
764397144345691
1053165007337354
68551303318488088841141505067
339903284945954
-449002631707370
510535520817850
395645054868739
25633583357669526461893331712
908293839624428
36671815698866609371192330232
465558699288045654529744896672
1058631955272047
-140491111414549
680662284037464
-493721601980052
767206973517777
869057435461702
202977479911575987273944466618
-876602452741197
1163026800799486
216870658775184
290028950033249
1116006392472279
865983122911470
285826674824889
660726915879073909329577584832
1799472666002526
102985951547057
339597316966058
185140192011508
75895684943981599914092999872
159231194640238
375041184878023
1795221077061705
791046052981300
484447730736932
-378142346212842
-590412776097772
458865924224700
356698175268441401188418751984
387305238977427
605410011164878
651448868766798
56699680784262139750943352536
273015640143373
97294198015494845670968946954
293570808696849
861397989072714
1239795820912508
1437123369311340
302796252373454620217602865808
325288996943888159154760547370
1529532108770435
52469618032609831738505240960
1507263144034273
-196189404839478
-762645442662316
1051197524288527
-332527351055574
1200373989351294
1479713687452987
795067615216809
529791687785585
1179825426987268
40019080502030830081827741238
513326574707227
792398009916109
201255187818315
1129234533561664
-705661569338471
-758876367932732
1142391091372181
378849034622750
-436966660227980
569775172303750
-104481606387981
1204167486344322
137822543552203976338089908736
909447947337221
-359273882885365
116894554667596
190253496960355586086770011172
30676265369250940624340045970
879920794041950
158998129058738
-170141456643677
820691782500812
97827257193407
1366980111838559
528172083008746
291077442706306847761721901753
1290840392906313
527684149758751
114123047244314
184096762672615
700225064191048
532778615358389
184849680718449600012595270976
230937348353442
-11947049092696
76542274747919729835060874095
1553281304340323
1163497075378296
1006616730654563
708308959287888937577967595236
569658060791739
163324096068259114660256844006
1548140184453389
843249261418275
1068533265467886
1569901013871201
577115874303926
53046806237096167030473836776
12173634748105
94959495493388491642643507610
444410561780213
18406639849464610451861671347
-145868708356526
256713815091287
895948665456551
240328915952790712135549306608
60348998114801590408943899625
913103532464678
743952197205798564680799225458
1130849669779142
-661672744523234
977593830814290
232705577972522
414645128636204
31534076090610286369920530183
253141850451215666494611840757
-690599314036657
1318451168874019
-230197169450464
-527497786049890
236255997828173073016219110192
791728135756344
-12852674469864
319349566361221196482613555205
12578744561410556815303949400
592670249763589249421391575811
629141843466173170092805000430
785167472968775464927446288879
-126548672011325
849351647009207
648135549943319
-839237049278779
174546543276658803272265734484
1755025901301545
217801596805587
7932078346985269285447762025
-353670239495469
717054015973156
367178043562202908463890334498
637735531734486
486192220227656
927797744549837
-278993858946605
3061693539873468725564784276
34430792480240349199012773810
1372817267020431
1808489144396902
1330276425911632
683944746141277
90644565922572386499403327945
791655738225084
1309797577398296
792490028066464
418289708379321
317415858331657488174854376046
924535622599802
938103330068335
33943800903264421455186991805
54380921270157081593533654894
-163834035336857
281460674682971033303041523544
29587056162368704922127597030
267134648628270738989290496856
893641802153676
1139107263342619
63731027701599757251062638664
11238720706846823485454867961
171360648928908997603293859274
105619011052006723435941524400
350770678262494928521586158734
476812382986505164697246435540
1464806053220774
606737993607424597059750172800
207436015119905445421817705400
1417415082691407
1150917425026325
913024879087079
697952169133660
632973160311198
-440856631623072
1303151838853661
1095941256865654
1061658612228414
57636987302478022896136142892
1315381625308291
150340692100970980376164722760
750038700477170
662348353645762
310849062650650441625737325412
794461420865339
-416241892754232
77952141228076908342573180654
1264624136294727
359999823864191
776463586447726
18477230510374
230431485928033
-791743093483685
1121120846924738
282058614048722262359103087288
147743807394607545879996731482
494951817610032578296158786870
118049935387391221331828960306
926224612380385
43460386821937876829401973560
116530854346681
1187801755179954
788903793829021801799941395075
19952466920159
194814657222939979567357841228
406179441674935641670515138048
-130864579253696
772140312215335
114036465680994472068158529912
536600696063489111226768800664
129174400271430393792263363828
421080596337250
250577571999498759423425897325
519022906043696
378693228302379
1103479776470504
1482245526502822
490618802896412
144729277739040
-780522491315535
193403417515795889965544803492
101641214603687463099506060681
290397369838736
938631519323850
356602626685611
170160770227955432772426684810
1028860701717689
-170271970035963
1358716154612765
465244677892782
-116955283608279
829105971271847
274062466940930
136382343687455677198190542090
768371735939874775024025162143
512293780052556
-134373189336336
729844951173541
1410143230798143
-313094481468509
110316390023741599203651823524
231880501732307
62278434715622657810241763576
273356815832152
938511746652795
47276429450300
229745670165003517951081768289
1128388971710417
516139431112253
64456294931046
114657410659169866520405582520
1690140809983735
43242961181597479879816640800
23587963259174
439533952025425623110763222351
822690617299952
185124484280891000911343718480
333215323686908
-24619970851724
300923912245068
807742025011166828669805977067
685483422565961
342873929251860256700321549920
1536774728408752
550498656919024
638205667142063458580292403074
-310399871633311
340136367210882164154215725016
45415245542397443094940468974
1441419677170791
406349604635241367224909418144
439608869983850598340029993096
858984241160576
114715193469935
-127342708198555
80250621989431
1009743003399268163949495194
1070165863203865
1342388319417238
9022174387340361409973094570
218422413511882
929358095238372
1076521464698429
0
