-384923994810316
573325590508451707186223555064
310320305882436
-848981922676402
1285123761910747
780384482770732
993497215863425
93564554927312
1850315768364789
1309552005219384
239233473733316176835326804194
614332439258451
-313626154557466
529183330583693
865201997384563399104809246256
77074809844935507784534278112
125446322386680
548256929653027
-391910113153912
1396847586811605
287048839682176
80099614262929
518206383324886624772835486472
388465732969154651257748041761
202796170607149
250830557063088098007130196685
213279699083497
18957046609023453670262072022
560106462979128682417954977813
157742992204105
135404079041350462747000010622
-193855121344688
-470228639495720
515947091904680
115327358846373
18309077323206589890425214558
244997727286718
140403005695073
24281064362604765128091421140
372491734835013
278106682530565032010729155428
-468649388574451
-21719897444132
878178450973775
149529654226343
185559148587198114145015514505
411694337045782226586998908544
-671201701595792
20764168640783551667157005025
990468282338159
529175898113653874337980813370
411821318486964
1039107473765344
266346587763597685002410414586
781711355717803
691620132881493
98985919584154090904284502260
1702776477217993
18433713463133766508330634876
170010228051050218574730653468
1737886219973005
1077143418704773
3131338605538
250240966629051789911456360745
341694441383429
489160097852560234257368426956
28252842392927358333670015140
160250989831480631865964696500
29581023238579546451787498984
-326009759367604
-12959191242908
264858128518573
-315786702155039
-48777507883745
422428944582840250783453895622
670288785451615884436723729125
659891669675975
-281870304195942
144917352706081013673085787360
273776434748694
593052290767269
-983067551722741
532566463465620437170520959360
75285561662153953180740852840
909258657789579
1045750675917938
1136723970788187
854486715811164
773297307446617
-165948642359839
871302610344321
293404431010145072302891469844
298885947507051969380966486244
1302491626167242
1409486256466556
952863486078316
663143660006414
743263613833673
422393500233267117350115532500
310481784289584189868430801524
260713771638111
78039015178027314416576579556
854526763531636
911707128472660
1305011870632113
783562745811499
749756176277384
240993336359470
314687944555759462228570934564
17152029667925902816101317940
11715931669731
724568810804278
1395424768557189
228122394235755814050115572306
321358115724266
1260699197441969
211023495817079028630175171697
440853701109871352224753261665
1202774260282576
877417531391828
24326943138481765528697075246
7452713846040
588462026914555
1114667186049091
478509130854874568942961788978
-513698271326557
49098863916889540412960155335
-904561950072921
138248254493016709807561559365
597584073389791543544332357065
334933940088387
693432692966518944883870522315
-88208001092404
435888726174894857409351392720
283352569542145065290365787616
87170609412829
-57304605544875
1099164187140003
921697547288709
667442997421661360632293389710
202473284601220570097603081990
79387025633942
904341179750255
165624802852079
-206267713822635
492246727959753
963062173205106
-704915007202773
339347974585001
597988144996600592122238252070
308206887090116308063701608094
261407421547850178359558700210
104413374923618
117004446908012374842402808764
-281851555460623
-44947080959430
729945202821085
25242554222012575686561986190
299511627503471461010241173973
1758801803898212
455256559494948
156411845938648602576616418890
-631340736348596
180158773624488403830244827002
29630464603399
349513241445320705910968609372
229610224185620015919965763930
-86216067986308
488912082363973685639503207209
625954789893746645360194370388
-768239279298706
531361313481889802820570877675
-153053453238429
134391726255478
83234638833349
224904766529031
161159090412650650217402807400
1337163731671413
1565853653417950
46578065398863947838761556969
334314527600772
1522953594655942
230642081074339329350339449494
-9897434322947
770593029591621165215844491650
1336762627969215
1244130434645856
571239076512498573940947115272
691479711169011079433423017200
947820388399123
164717333509108083006283390631
1584167810166671
298209514218248993926291751454
387225994108245
1601314913130124
-114891688248458
430202577273486
23100095742782
161993799158889
1568990040766149
232178389860450468140641976634
94793434732954047070604693280
129113811816937426869038875625
210113384203327
-113839567272555
530851400791860440812071497572
76159216149352
-64734224381511
422907209194631014511710636023
248533945644225583119757222822
1408800054902591
949362280472884
52671446759224556431262856217
499433174492727227161089273678
-202556581310518
689484449665602936034789830740
276303143503550916328376716879
-742094305736249
277712059920126
1825540122638832
197460667613183388487774818140
18610967642536
-2738805275479
-294002506250746
-376425650559679
304637569805090083644999765207
982071316537572
23692377344068478605935779152
303304043836395
-512274409798267
162020269529815402165479573880
293030487504371694279143885160
434628509902390
21442333231757611047437659518
594031407117902
272661905630655934438134875427
-307584812488615
615123428411041
34339945374532792437473392392
539041463480745464472916886060
1431140961972568
1014639344274138
230977273825110795460592073900
19902620733219529723889418175
478025998059454
21272916164608362934085926168
674776762809414
645631847549384
148263184875085477793811793890
747473613368685
-221077248585172
1726799367703586
9485739596222
88407971024047213278045449688
892833409597148
180529206174539788654731274128
481366690193705
1804088323838015
26058390635676912310564854087
118314010131321431871279965415
1013748135019239
713994609509481976795984371088
833977654604039
605979764092635
-619588489277412
1023195858023678
464849472063876
1297454452028399
1052504170980064
-331070536715969
148849720409733554387718498485
445772846553483786737008961220
322572724050256
-67200329660983
459424269762150
352632961956031186084907628892
495279713737410
1617734992624993
192717735357907700675775559820
6574107053687744492484251832
252160382374689537429923393470
482130437007364
1128784442703507
244388409834618
1110593161638965
369837580242213549050741060016
316857182047705894632206143095
1562514690993845
636995058485200
472684707798620
1022914136837955
681231691845080
660970827943462
456183646035686
1227047452462552
-67452434606527
-196853938239864
777992507457050
696293822850160577959836358725
735341074829877
319986141546397512059789373101
361208763203148
-241140691368051
46477108066795
1126404448643795
119779625998956079154980771650
923300163244505
87053682352048374333130306852
368163509538189440996583658814
652343692536725
547226758442482
64613699071953790357438517296
529900421011150962637637676423
773600208952107
76642037526180764509273963836
431238342686620
63494742025250199550990860114
757418414507208
1267305397690252
1899790140373857
-182422251035624
1560154463498595
-946146489790396
762671680300548
17871992257420786067305750062
46589887266143801400468793572
309996730947254434321039520680
99178854387089673122774324776
194461708695072471102127260090
334248529118168234024472707420
-195660601739897
419521526230814
51453811029373434431677028412
78271228858615196220228027221
455629124643269
21930727818950
611839935548038460116674214875
1386355008602172
231644084725260
437502595367724505542251561095
768564422324485446387838486241
541131731372710
8394078459831417003987093412
1599795794134063
-303124573034634
825662153806035
633524377562596
658653639765304174762712000184
24497508239665389239154222552
34317387317166686609440012872
307356125144034
24966926046833943224565659946
335957421227549286368348712693
1392317867302476
879447923429833
339584754604877025719640767920
499922717541342391439985436168
429554140341465113662228463286
439096463038883915588694443940
139473612153606814642811135650
546973946816407909779323683350
27386780637042241752016321004
1476226397854266
808575901062888
195431379594288678833818411095
704343175456763
245869518166895803191615398718
-258932440404229
-450257572295715
529718346347287
164581940577634556473893218560
-397226144875781
39756380660997828226694167026
58763670811283541002568294432
371492526245018603794429861584
-243917508929862
1379865933007551
-511129671957694
94551872746980635783081328488
-90522015006866
968539027964914
57776712941625802366754355090
1241196865217206
-31496167460580
339413537932475271118882125174
284258800190905
561378711605346174996732825493
159116033256975
1510409794529085
729524009546905
85315309796426
540483729502557981755774584005
-98206746837324
1045553563150286
967450667438858
816584114474454
78897867915697634049947026728
36945641718989310464939650575
51809850267020922196991936793
207818969405776872954210349026
-93756811807795
12563128746900350566809929622
909674166655335
903220679235469
472845881104650
1158074497960466
-445088615554311
-60418838494853
118268051949692
192112832144655275514147618055
-629991270140408
1638790674705218
1149988221207090
556102447314192015006484602821
71423590395471443069038099201
386634480284117
-575698791557552
530461503954227
1467649669590170
-216605924505885
975627315437625
856364491933998
410696881285219
832695549902484159789392722
80419630151964639705155417541
469536888531163
-626262527417057
405562262129304
450175891858097
633054125622429
950191531225535
-282352258392134
372982122407087
1603832468554166
1032262243933534
1806012486582919
779282952584490
540216040512717
735722105885959
384630294422975
418600033847890711969836690091
63619225876142
128817565351635
202807857124355
420481191257988438361837975808
155252977051642988210085978915
139119952742278008604906531358
442365549650049406039387050780
661138465759062
623690506494776331754422364899
972526053923997
1437246129510693
-530877468193654
957072407777817
814571069695251
1567969819027126
-105217754928519
1174564302878632
428701435390881
765499395771548794577026203364
64955311542431
175849505087761307072235841299
1426911398668476
475953305308655
106887357297128433321856414500
56236018255797
56567806945576
531274821199301
41499862901794293202912604712
1120915523628832
514031555607788435977235853216
-140726055300726
14898902778399289935772968264
1312145687146921
586229018733395297929250994601
274176461513309
1389268220976405
1150268907061302
-110853423489790
959354673950476
300466086137985
210025409449966456953085547820
-105643111320250
108742788936611351187968569592
1638604726533166
60862143595791454578036760356
321330950967498
418959886214684
397729688014546
463973522768855
1176143570210439
-379086400998672
1405920649846007
582300331795142499921578749084
-456688540462513
191582163976696268469226666460
113677264337787728012371795520
141825831192551305091797299855
1274567287136153
992750153531825
66831994834271912291089612563
691442861896342
1516278844857692
1061406958193608
60428874643908
3104631566896
48199946525429367713750650368
121531342198585
768265024240865
-229542408168331
-97039432245434
541257496503048
554883781584579
1208718801485753
-290028558280652
651154409560318323417397796677
1138463984785327
-25955406416549
-404141829065047
-175735989146103
4952146678519259370892038819
576026510970493114257521487510
38878282601942771386187648706
1242341180929655
14385132796455318468229472838
898578769976285
970457278154060
682391857364474
-283674219085376
381898648880209749631637077350
503670749512033036384146091396
100281159390124
75661683800491712835427410224
1131947148596518
192897671908569
1462307228220884
418835462150877
816816145142588
144729087335362
1482147909669815
-693201455020688
193608394531587
1411545096292588
488337810730979
631821407994552
555004353622104167390244726880
10386981519785816767352503221
107898301165590052663497746900
243612933143298455136928929360
290541439412821501222560378201
-25887627181420
-29289554691220
60668210261798
-213816666231257
812998076825355
438230449673706672685812175902
46667810724889839384880532020
262170229475755957621074548921
364126477524426
7709588652867263716217918072
366674836968332927526935513250
372147069974932225775514730650
918892874860413
713451118155368
333558000929775673787198299224
23669662551143724955033025220
142530406497357510366653374287
272856677911597701519753891926
716388981359942
717861113943415
586152082166940
58543551425101496403493014276
-6251833545560
552422758126210
1392581682440733
1283773743694541
118362802768577079826105501047
67058798963523549301246980510
444348327964205913239628318654
731324421321498
844197424770645
1365329962711013
759956347927592
360279871316492
1490069613025626
24572834934096
-147753030542201
483331705861381
225098379338406
1618161277365414
-422603731898193
-894793900527713
2109499577902437262201254736
-478202062841569
186519469352750508494725952101
1196349457397571
1295200505568902
396834057457063141910900630010
576360093564961485928802813372
783274370412792
-619983471396868
36824745880000217353730308896
-296298483014942
476398979546300
21924846804072758966728417100
555572267929813724462317599200
118496187889070456604174113832
687152997873246
870622869270538
555468925945857971041039185644
-358004729313937
584806268298206635672317241692
874666727909391053434488443
-703700033440715
1148460369426431
964896887285503
-319032494858074
1839017503272426029474315203
836485054449185
259003620786949976197996661642
55672120714794121274048774518
695430044166819428696333709660
82890192070881643173568479890
1014680849692567
313092065420030
-6472831439982
758680637905017
1252795405190417
259928098389088
7707804627847495064736796752
388254667535877277890380037635
1184594531552198
837428655113762
-195340393508204
1264940180448037
-187773543822058
1503103389127248
109710519236864381010134223396
34431507053930523540780941034
1534915182401892
524844654531364312361795704639
1521485358945801
1016966122411652
906067711542445
79562505540975884488876643402
1148584626723114
-214050566112760
-236717844860325
552824019956181360053553805029
137231069314044799821914570377
18926133439532205226868066448
1176577520528941
646359478074347
-198960728949494
-431138861735561
841161707037604
353004209636857
1244628830564703
-5362689200527
1027950818736928
1186589069232023
760805105160999728801624322934
76687554740402
86267229596639
125788921398129195869704038613
42972099403407590751195339724
1160042484207670
153166010931535646604722422085
595064987099644515497108425946
1001257207601624
168881045991228
-451140419490328
-184740892580628
28910358791902608051049747230
428931099656016687006341825075
251699255679583983443626530594
44450558846097285728276436126
-606365759270393
498024607497119
956083074098643
132607277490782690012489717480
54632788160783994880624401440
6128783885874
845641878060530
206891398418820648848998850310
924436864889648
10541414845750722967368851314
1711341228201431
50202939965174713903148473074
398631487476957011983928751158
1418404607266195
158713274643062372237423277750
1926287877823913
-78585670570243
-538973889239184
-174509165980632
1523879870988658
43914301741544216129497772968
447241721668985099087706523800
927655895495047
-846222518198795
172458899119890277028023806000
-186023444378776
1136395037853743
363058147590389883494257121152
333580525986674
141858979997979389673477000744
302345606394542222844010957394
53493298551683394228211207520
64455757298921665107040313320
-283408259797356
44772432436068481835845331398
1341584829863525
479919093082657
1286192123640159
1285699218031552
-32861124494187
95404759672885117227218257150
448993239306015332507820884194
4763509497461
845852068027743306364137725040
589832397229071
276316842976222696816413317447
300999785258994
66246529619042
-56515821842433
1046886319202133
313956081781167
628743526067296
194771045032416
16972193172724945528331744500
1022808968468716
208691903207428
836536558468644
228161248557780807647290686507
-40889004897542
27730450723865526950056357677
835023485410737546646103708593
185298514907986947663041868464
232365911035099
108586436290756
1924266124084740
-220791639236756
1177510874288279
-68677102674929
719536659810021
519181401339876
1623393569003541
61785364931328964687925584581
111921960953907982424263569468
1029562506605877
144133072113069717548930564009
333453676608625270195553154610
745405138777487
1121003685800741
-643513137802191
337455281833779529308138262839
1373922189210513
26100641858972115014139030580
511038115273500
926926775606120
361411549410136542880574023200
162786486880813539953949188861
1186654787416342
-133432110018132
278983890636232885428670941141
1119200114413543
493513947545804
425188995701576
178884477409387607180394548386
1022300072612239
-94657416157941
63089314109028768088538230384
-459109992021183
975932798527819
123243339921750530961119895760
-99770173324574
1807862006271856
-203935592185520
429545956173157
663907958441956
602419257390991
-580838500199751
1184579560473192
252419335891204337119848102528
1182645555958600
178027612762774
114091229085769
1668553077809173
1234476060279144
53526875732578379396874922560
781327471840790
209836772074980693542556385976
-127360034936952
212115110111229317914095026216
16949788402488889820737646635
229911334099722
772609511583640
952148487554159
1680834740448061
-295637354354735
147571320795048505237465620278
1317508809501771
691973537287592
-122310670963105
1084744661799785
-1023631456448
1387336339604877
-301852541533777
1272138425464702
423092735538147169893280609227
4532416281370095692024213520
133925278015286
449943916135857
536991248421115
90395442403280188741409082990
53231650324161
1428058396232993
355155983967566
756424277913878
984268400003381
-11613308943243
-676848790468361
10338289886200033753185322369
454496093132033905016190133700
86232429859865320124963248008
-66193305652861
-185008293612664
1549512300730328
1146484012181815
313516984578663488540623178175
-223297886073436
-758279752389374
893308981826322
210735828845756114069204739858
259419534985520
1645656056078276
228487040975833
544112942669257
1042017148366116
206831649507774874265971468760
16655045945158411000635511930
441105195433067
-454740535919602
2331683384015183516680071580
42445853888566014739984538617
1103797249687577
-13462146412452
71573449754787433650554327586
133399963292789918084300892660
605880798243855548484930202080
-55210042068097
994785970292761
352709527496201
510456557167690
860469451635490
663065672589371421964845864027
870505621769753
54783716188743
634195237518663
85543328965328242324167971
762343451176687
184292846870335210484104326588
-509989608714311
941431501085499
681260322704134
476901295193678
56393575688769223501743027282
1272290694580580
-697994764930099
757835190997071
310439593869606339744662207795
66364328257130296966871557581
1036445881224358
213968176821350838358604186880
1235203465996179
349461759101192039069322238376
610726450084139297915576654205
241930536356400748362958590931
266626101618959802639581928228
542118033826520436064777277644
135298167749875
1003626705024737
559998344009690
1788636478658537
1498358265812943
-157319079864285
384006777294017
881618091241096
1709124470579865
-718167657557418
1337938925141086
257089871987354
813161947017456
1505712443958510
227102166537307
1473504579534576
472632520559597839755611448450
1289760824158194
570701986495141
842544354189805
670093912931687
1605126448739957
49794199233219800314132178304
638211555643529
416134967138027
1367527485674959
0
