-95556137122289
11519161484098467530330521720
83724437140146
30574341292465691322461402824
1171795241661999
1362533744724149
513518555354556
1545984892629810
1905246570354796
1518320294089486
284573838721070
-67724793218964
327127581266201
812408087249464
772654949216886
202415117996914504324684670151
798972240174576
338265824466300737346005827491
1044381431617231
-43707983128613
6830685902012277684941919000
775153191671352152319175544430
-59456356159161
1542794139245388
-111388781937014
772985841628280
1029087770098566
258112751327724
493850914360746
241315023728311
570771931070210
-450272381808714
803483647947960746857014359186
359156368686579472848544937430
-630046774000345
451023356793519
401787381911894
159211005644272
-324445187203704
587110830486271
235692281362060
1030808725124731
353566381064590331120081614630
618689631392930
391450055751711
302144083849045
533791335032551
116293283760260635761482292405
941006840675649
215474626475006814585303202036
630743738776130451455375657812
680518151839733
1361294967727641
134709657602756268071780764737
26535499128150728274755737560
-763058054689393
405085697032896
550375221905238
674395663228196
1103309545782427
140778044844094
394535962619592
1052342107489453
125343189774197787944773111499
777503249624019
359845889838480531487611435048
145441593556104095697312676568
517283932262895
1347045599699383
644808637095573335177112760000
1131593489498308
109678700315188383553434420168
605784947413709
729358005926643
806864708617506
-597519126972819
-889134287734163
-426492038953369
861397137800626
457696633447988
-187560473277271
-419690481103635
364082141856669
20316933135231
900152732491536
283953340213166936108507206860
248363816101117094670396433458
66169133552061
125343514911193696078043963749
62470604859416232302938069128
325925467099382
571084323670423
1474153007759315
444691692007316557333351065216
372176687895169082274556802595
1161230614744175
271943922002869
598443414677448
99445648028320
-241068305462021
244025347351892712752833075072
663261380727185403165994908048
-266206180133442
38576174445439002106046040176
153704377970653
148108396203011572368608385662
19185446874800
672588760678838885298435467936
618934172393232703651592743080
1407580373456224
155298213024918131106448087303
1146373824430542
-207094334513685
1503861131294136
-88942115358885
1912328807610894
-593628334987031
39780444165420
20367797361735671897330133900
856937609996721
304709984596861484450434344096
1279610125950363
1164134681939068
186229222322255147131081809834
713558991269578628535600060700
461086692009532176941788433754
796024293455115
175609903677707361408798680192
504777518325457494953764353660
861501215573074
-371096787673434
1475720167751197
-281086247950137
304887383063851
704989964090724243835291417449
1340253528238566
92602684504759366511510976443
-21137130740038
547468961728668
18427053193221864728920019040
401419374919681176449810259750
683255347905417331177734277181
107890898395310
111598980194797673971168515096
240223581098367
185491980498225969564099559269
92023803567112672984564892142
1794588722436288
-807166484708407
269085195441019
451881336943785314211517801622
1310255728071717
198309374967120603528700313595
-254007518773376
730028467583365
1051507281092868
806563945514909770675575063444
1628490293466398
595867596482478280668290607744
1570861130899156
1656403281832002
39157129650845442622163304150
383693956758347
496637921822257
495877329861631
719033407363513
143787919101881875390257331842
670810715597258899267810280205
1219295071430462
406760111690997012189680427930
39742309779863641833857643785
1562780811601188
1131311671406358
-190456972335879
891278857167438
171274423561737761538696732372
359359267295420222835971769424
252500934000579558050708117635
158762421669805
86238965121232619444801593296
22032688026199
908134599416676
54582055053206791531497456395
580464076317797
750260268019074
-854380115275439
-533792166660054
13567685784786
1026284460324012
6945491859463009351619668308
1444727746416599
847345734569309755657901662100
-719331292168220
42088990983729
1731296979570795
-247511862046003
57473213463225396497484035072
-752934904119856
941981668409771
124542730772301
-522784303558316
986073251588977
460297470731478390734037248224
261085152194033
-602673792326920
1362571791610413
495122937498666
-686055807866038
837350228727593
1373468739600647
-232546573009782
348490157236206774807934233886
2111472596366250787067023552
537542432955787327750046537380
397889146238811
673156102295480
-393184532703343
247578573798048878227158726472
535158541882431
1604284162381770
547390412842277
670192306579056
419237461628799
74137442470596451864372804096
-309281717804700
82463029567711237326838243248
-297415622071604
-186325111644318
526196483894920
1891434382114610
813302007737148
533312024222813872571341344348
436065731258523
642338138873527
297026865742658956709096179775
35281283157285
637675226524844
720414834184283
1462638941549996
-9286078836205
0
