279279245797252430371496273040
6468577829590784714383733220
203764604047001967820964511724
53267704772850856247872382976
774350939674198
445307813398173596987395009999
1294327797086902
-437647088381080
1122210024086917
-70675842922131
-821300634821173
-6800441992288
373463401633377
431227387689287197773978001560
-342129080356352
824384193469833
-573650392154860
508033620851722
13577249353403252543540422380
101119835423627
137514984084766
201709878452366240026001116398
66734226887099244888544133490
59541276523775792432836684744
27327310596348460062477695154
98665053930028733948696970982
511548442723585
300557833860546
210931272524759530226752171175
-176358342942806
387658110173242
1330235500656582
976814527189448
1383456902638412
905086866808895
1303915399690882
231781574361255
-312126009522949
90356194351266196045096188070
-104229114389752
1351109838073060
119031361985215445348298055379
-222962291991712
1132218362761684
-576887174574530
957304117072263
823805090509881
652389780227179
-666855572025392
363079009178206
-161651609175724
-667198632558786
998221524728885
251936441123285947077906075360
227412162748761682376160294568
683660634628723
565681580357161
88842504963256
1193881414460279
1370006051771240
1260984583733648
388893004388854670725291675128
535076897453775124255812734318
394887614842455717245246500743
52000352982076403585656602000
436749599225784871399507831942
157305915046180198229002459440
395332220169758838204700281365
96284671644650877466509522210
-99088011377062
-706651971693991
368184236174011908732127256925
109344665095042
256289507071783946275786332630
320634275775130806987265597845
790455788126816
-863700110560788
-285667187208688
1578268423546700
476349284848644309259877958906
406340798988228035563482094290
362273190087926
1462393260416855
1046491222990586
107765086934348276772610497710
786994837009207
782515913313401
-56192195569088
380433782898047934407767239769
936502715739042
-190055441196748
312793256183558521751177329890
-461682448562030
118790118432464269788757530015
33470694607287205321460908455
223826650492648
94224254242057517057410121175
43014752900955
576502688908806
9809849057193470522478207173
-701609795809775
877121732826046
51461263810031677243956923616
1668920227777213
-311288215683954
31420607739899315290706140177
1564100183297898
19773199664161536144955519840
654875695773730
764786848368677
173416054107972
354763384886880749090470254426
7855825308149455298270339823
1090377121855043
137100180494061982283765945253
580031326445458933767285426368
254918445301901
702437864511620470128308436933
45225189972442083246859056896
653752007183357
29213065063705795384787092467
396703407530047
953444703905937
1702936880001650
549993106178160234485876204156
834120347012501
1355260432117743
37644261622996
-705363697567990
68922138979787624538752073968
283719945513801152362167448512
1509623662851996
234974197746657
62947243554575
825134706280343729213984583130
268396814979654
11825703189882808562321416200
1316642362724324
423248777468044
260587253300367978119956125613
529156188100991547259829088320
-106029903454643
934449345769794
962537215379574
-921819942671519
523509194221268
977716592141656
581895781043618120474012175050
26134003958400933930228924970
620726071121041
1129654095219904
17271453993676922752828856832
72324370608408666868133452310
0
