367739613111483
247065337234876
72803632434763993254277008210
-2401870201498
64626811311772794452768505640
-101483970441263
524421753547633560194829419280
988381797082948
112788702845080
-431249382824340
950131194232193
520540955895101
-200470943513428
567651443178571
148070936262202
183421373865068915086451399580
919926130786018
1279916017648222
206447886690461
10709336449348362030792273714
825262375336151
-814325512546525
1363219583035095
222589610411936509348504230582
1701805021181008
-333162989977006
-43385996809396
1113398404867734
132451150475802203234335062114
-73958626290766
1337998897686829
225211514205160
1056859914035935
696799649353047
610281352712770521401814157529
782721592701193
94098174661898098046792386911
1171403733384716
-160648744264048
-217144972607065
1077224908599267
-198200963283010
638407224833828
1059080372162380
451208113791875
79501884670831
369620977536661739978620058509
-22453875392200
658905715888539
703638989711723
439685533861138
-69741033758823
252440827961008
-218966195420545
626446636392621
706523569227963
744374866711124
19446051600448920063802219993
-66440390460772
68084131327004190374673679386
908072111156663
845990742145425
113956396475038
206800630790956823559266022240
575113814735746
1183793218581179
409169585949949013353745283422
179703075489013569518634733336
-167895467822337
335864240542148775264104167674
477098115507461102556964403550
167085639647193299384175011254
33374357660123
126180749389280913736155279104
927123409565165
546957634549033
733835209138170016522945451250
631015085923976
669539345711877
152435012980840
1431820243049528
116042045528421230934196759132
493481363379142
69035118609249
1019379868776532
-289028017187963
-406820141148190
277880848332745069402246404965
142034122390135201264018867726
40683755189293377226675745388
69775678140437800873524629601
73827169471052
55147145833960315811187528875
434264016629932390904798210283
504794787771353
446120049932554118374423003200
778882251034573
925799215122180
808601271786345220646890741004
-887835307381758
-829969736976390
64784000206121353015923363172
1042786746301702
280509243332594
1683650780155680
-379886179942527
719270054071970
1751310178116949
1359445213242916
100270915101956655444995124180
591756953884234723208884201386
1262486407449090
646440677692228026203171474409
-387578043736331
149888547805364565950212008364
415483743104421142411466496156
117147110840218713946989075072
1064673266656402
-185127530231032
386515309179340698234050953426
715003694033873536901639859565
1272810787536203
1192368083286974
935095409400964
1485928361599256
-365956614339072
501909434737537
8087096803454801965434619776
782040163892717
349951410002700089685064061820
1362786839055340
1064220655143072
286108193994539
575732798981594
798389945638021
1905633594224727
1082643924437819
1002942217547339
-304790749093331
-719793029639780
854087004640341160746968624168
40001156052759173779878769544
813106070945233974810382719818
-537304389297365
707076754858785
-458866993305952
1487021513478036
333381295383688328993263918892
-43255170225550
30925955142259962835968094374
750855194632348
688911217984593
152328595545297
109920210057653962970581620288
156282578581532
1044122884392013
444967730569926
246056725947137083528313824496
685960469064479
115192337364342
1673285175798041
671707616939341240554803784480
339675414093179
245224644666427
1372146768534205
633713013060557
-215285522526296
467042760025928
109325732309330199015405395728
44181795960255742903592840313
795614577135973
255966915230190628386108995700
126970132364889397596255781707
29819560860937
103522963452591623336744246068
-877874735844295
854837527276401
1509074479809448
131255391172942
459889177269822088762363161840
546598208449010196663531383296
272737073340327566637776434169
358851926938850714054850865164
31205611308956
37036198965877552118490744763
559383985024795
1059990187200779
1056960980188929
678204567188686
-36235206623229
1056185808889196
201289223533845836078690324324
788550113305475
1065689026113277
1006516078287567
133180148328246434416805396240
178951423886477982492540464718
663000910003470
121753920668912121593392475644
-539094222899554
-118769747089954
477315295501773099633224922575
278650740508986
175806121917521296502812238680
45942936513281
561134436252551
1272303739781667
49339007869198609282368043962
593542503456044
1353392030368252
-272856462479572
519550746104705
179413697613288995925341791572
-655778883454014
221556057224404
1245921806919207
895394370332878
788249230168030568692512196230
1756081178472137
1006468324095062
32419976210479267174704341095
863607590321568
188364190338505
386645967840223824717949284688
1123880155188986
319424227433113
1399735490387573
257316610795200143331929166053
391812047363981560219270806600
163564735764223020817015005088
79395154276907158227105594990
1903052944760656
451386936893892336665521250610
561820928177717625508842044000
83779739277938
216222396212962
81493949541567
34932212091335522141350231362
-101384004918390
356595793275453389079734663088
-125580795964223
68055526393564
140843520704257529700068948448
144753972626636
137131665394216
-450383896627392
454849662260400192601977098040
382124532741568812527460318982
-26378266109570
-239438033194678
1458456102530175
390517755210720307380100462548
1630416931568907
166608115836770002696411082115
910682575210221
834204605455551087900219306684
504373583375567
1022257985953289
1344627863411986
222292466687803528519862229535
10782992629228
16111448659174227481909122978
586960333512917280690048471200
677747194177892
920196394440532
688185917725567
-119459131091213
1621624847536633
369451047617235657256801194480
498948719427675
122864052659771196136997813766
701257653407324819152802542640
-240460196054881
497682197144961
254887175298694
10568336266965423488854447836
113221785502271582947567412526
642980953391870783208242981160
1776619977011178
513067687663158593621643622824
111042255155853520319093403348
58136470140529
457563304533301
513673567845806
767916130663926032286751321998
1023347838854403
-30886470844281
532484714517393
-302374849003636
-92442974612102
1149503243889635
-178942570139318
7672
-293557103307447
542003908069651899195024145172
889462761901033
951037241842283
463980492154570178653906497960
1270404686868868
34336730634540
331822179219385630867421233860
828647504895676
725625533818049
111177210312423
1226612560639885
76180090355446805597631343491
138094318995207
951121080371605
585970946300300
538431035017769
225137569559791002731326677876
-143484079119660
1971441933537527
-438604402501899
49779947819607781348233087168
606423553740638474400616346474
-351460487253359
-142864715576218
554381047082770
217536584335936
63436550192100599474849119625
102297473093721
213644533683780
259474782288457455589795044933
6102037747364581152672617010
595548396849181
91676728393805763877798143315
21963546357208772021624354605
1281416229120743
361636945020308452199488442664
34446258404391655016933640062
239086520972158
87749354677486576995709839360
131710468347991
1574328648473017
1132392810695450
318776568315415
724763120737082
1272562948500619
396060267443139331410010203426
332568319970388
966578898921892
935479112341104
17048037429495044182772891330
276211143961120179739371520620
1310904225553849
2151367883155685241404250732
79869304758293893349292602281
370413954019432117404498594432
-354497802933708
574522351834717
1873411376957233
835004109630880
-465518038941817
893353887605109
433031118581074
1463324638639519
1579006256023992
326528797874171
887093013849010
68655569961036902787677830004
882993421676493
1063051009113031
-339229242985328
26118375951731803571876553774
16324901067639960811170523032
-189761034229836
1092109009018677
-798498689678711
-31993824862634
802800681077784
-395648986408189
23024189231220946382389063935
45839015957564872006524438571
715864180306604806477499278794
677063417725156
178246752188335
1015799428396270
165909945786274849693147656570
471638165716358895610328471096
63513755299512
1960583940956837378629375410
305639931730002661017728047200
1235500277476922
21179097970415019374940162840
421626992374808
19057111575922
232240697233088939846523319485
1018102816166272
1440944771709093
812844728934517773714319171000
323956107899753
-93402085031923
120213224315332
902411306061550
527429886149448
346076608203813263052832011882
146935477535318
421734465491901127534500820176
975894026864385
1373290168347208
245327058981391998820774951510
54357557653402
341016251474222
10358727423670494249358871364
39130890875646238845088071247
757002462304893206735049456789
64042770881583
1264468438796892
259398506971167059863925043701
96192154976859025582952601720
974685841853505
143442005037743176507139235619
5710196867946360363345141409
1615933494142061
360956720811206
575373647549874
606607886518460
180888858468549797454142135452
-405128183134378
633841185567489
476143996590675
-431880533919448
-267137803145892
1226241856471797
-469998167036049
93687160141303488704258738116
302551343663770
-167852387004468
-612328806176389
939570078573077
720480774955923
1644893217358452
51883890723693354948037920306
1031085523816101
575327054855984
8646497552439586455586501344
851859497720181
284628451489977092005083594144
388195174018925
868805384786670
297704496145293032448209730092
646343638031922
1050344020561438
-249775517087111
309504386229269622409680264620
26205527276557555401604065156
-649363732195583
1568317205880843
586395829717253
-114268922897357
199439444669458042283288404860
224976132884508269961084510706
417138890865334
222747429224396
852134260632339
1086139915979983
-1631693230169
-873694868399694
1285204674917434
193221484756921
56801069522869114795693050062
1074057027342989
584465645721612296865389528075
1043572780200602
1543392615590560
62913483248895087848763200235
-47886858868182
343317382002211580088098641272
275849281515305861907154387330
-91276928431284
91276024914739
248750111947325
-755944621530719
-4038
459959690457073
890847780477338
-142096175419621
532641935412466
663262826270190010997228561977
102406701784128
-89956606387362
318666135377091
1501157952870410
-72200614368843
682543481905351401624899805162
174352140647545
174336140988829981030564647744
1105761094478145
117886707448925162106417699004
437598946831864
905311699831829
1313258218779514
192515231154789952725546911790
55570690704012699518656217824
909901497628028
518828898312923811188731763520
1149778113539626
43918051967367978370944224436
-92107677192007
1209413290949331
-684247565065734
628534316670933
734553932151816
263204567571090
302309567538709837599505455888
434152101447796
314203069251462
1155368666533644
77625599420517058535898297088
215969012568461
174604974760884156558117557504
183398167835925245362679520870
1291076812420035
639873982022649805802311606224
442861072259140368098204942684
1010633564308769
360123354654029842293973187654
26621411959145027407525125740
-288519008915357
1371536040413879
462517509440336814025584435510
441161044312058839073007216070
471418009377436069978742426582
1072260589441000
283808425332303042383056797080
523538908262037
14046419453248404889909878350
58985713343571059929481850808
-580561424470860
-301024850159259
-531113066183877
-332866033596186
1513345368273814
1372099418993813
310719346043415
958347323229722
844950231485540
1160169874158736
360589747379530993838157675078
85209973155195751957405377924
-274063019486885
858842297194678
-37911976109405
783861826688154
538383407925052
616130553960853299582919647600
451622010508812
44984083974874
320233936090697819310590580352
482768870981632
552510634651470
486806589934314
681626697914145329982879688830
266362389172152958286592167828
1817834475710416
89195315346303
167929569016037021572008628220
154481624498720687178295928104
559821380421485
359256109556235
1009194155918994
-476327874753928
-404208597271010
103194451914495664916153389131
338659211941345053194511059056
359502740594901
72262686273199
711655092889431
322119776793798513324497776164
1239173253943479
673756266265848362944200001968
-357340885380871
382845299459206
532704284530809
547129294259237
-520058321484413
1399562978934630
1139743853466869
1003570733324690
216345223161305955201694862835
-719294034333193
300783700181644
-360187735508730
-173632415002220
32356391787571259975004086940
67413654157297177405482455404
357297776712712
-83400006642332
-74993205902012
1039714903186421
299016037657192560624233559050
31023684764814
-59388269419084
199226798105823555581171783968
1004253989536141
499094109084054
136922217426620392537680884660
82522850614121434740470160576
-647263235172625
863534779244347227185520909414
-471643655921087
512917844003483
654874578495476
-221078432436482
1460183590265936
484157933135720
649450560114454869879543835895
346685320574800
-161156632784434
1711666102523143
439457979868145
1101772787292845
1204341950753909
928679726125150
423089961321269
671015347039900
-207471326004549
1791556007514709
316344770762075572719069701184
-257440051671359
1637767528118617
199863747632351683797891413780
1551285516648540
574229571950973
1145418638089017
901518354298253
534704553998066
894337244605389596449490952
12857400036100
-700863604565162
165791610008173
377200822062359
813268988003330
441559453243264266896798157915
-76990772878681
-872946044546778
1417362501111714
-42367043364043
1257978422308014
959994444413551
-335928336466877
429793167902965738334354506110
1780952923591246
612065026768952760200220634380
848063544442358
96349079265725
201804712590755
696416745137242
683784005543514
400144574154525912847134528354
136991878503356
1620570354169371
1564775873513282
791593293782185
1739137075454237
710267303382408784311920673
248877828850713909052817612736
1471170104655111
752442774458742
21081351275421714983042939720
50041475782071018275603745834
228575793260689
50760497186188221791134864704
1040451410195730
751060568587144
328327174600249755873183396628
1072845426233498
1042377622637821
-1792773447938
918855229769332
420785599038271379343397701750
-392226541034339
474112618204476739930190752506
1147543665478338
769404284846000854031951976086
9385296262821750518014857624
799437544951970
1007897360343862
396009258186636
601660273046432
850131923642063
52990556662188
305375747553325
780735990840704
917772864558416
11430914103615022470676845440
1589523155196099
930751357435104
751799348751141
808776376088378
879808618074878
403155905431865
349277733640251
47033987489599660947605433238
24162753194919688987969858384
858016970828228812130199552531
363775655618642369991723969680
455303307341729
6857751928116075611345819658
472718300476662
-118643486143931
138924061089430126389223764108
124285041266646125414257123284
749977671493191120034483422900
-672627159204671
131061730634767904163163279070
99748647473646810225345068800
61669333867296895689013366518
-537112776875217
287921154176520520351164892150
-730224740152247
174572074965883275008487008246
1526613513985405
956625449615998
697130602927290144759524763461
1263755828523573
587875935233956266488328372716
234341252224711
313283431299588886053128282114
462194338755809
192159274170394
28892066619135760390698153848
189333000924840775515080840073
947581117613616
16787655127509270661945556430
230533741577720
14054187448811
779904951564875999961791917926
1277764589632968
1303907582606384
165636149314087
111163736574754733536340242788
-189345729123939
610803670283790
665907062705367984436692966930
264998424384929088964537301320
677310648594948
288492696120364
1169070165137845
208275181718867230544810623116
1583385297964490315587519201
-93030785418939
1055291085612629
679061596839789
2884501740257068947093155320
290874472696022075664771417120
533732566326322
463272359867070
-200021756121684
91942226393048819412956340
1212817215272612
545979812982545943599193639175
2688962543187880021328026530
475591433191708
61398101130335
487454814822175571657631890790
669185594623671
282964975021416477674381435406
552096302865822433784043569619
144936082841309768930309916682
1712806894623635
-328994166377959
315062929808931
476248066921513
258969077251540971183479056320
246371076911594
711582348655068754526148410639
773046354193103323679093966736
1037374304271134
685920937247491688256743087824
160118727378040327656123029286
607875325014704
497259265696643735127229403728
76457799880695
452422790361801570027754371112
53627972582588
971452870517228
-262365869802953
-70438697737456
772464934740232037202111745730
-697477745918842
1893371691455594
418535238293438900607599038068
236643560166496311664466334048
587681525176968
-442015563077332
85199705850967702977457869127
-536271212739226
221613083986870
24899142702292593452239581474
154146574348993352338523717195
1841238470834849
1469681937418122
281584979854596658025649147303
1054422877504234
-172711861459261
-503307983102837
386584187456194868391824194860
1320599012587344
98747188353485
412588851260978624827938187306
1262235355583890
68304557064235063701173229933
70362477011384
4251185631524272072931105940
8390781704243832136707793530
6926271727058393471780239767
642732173265045830583306535659
832960494829695
432205882276061
537057223837091930126287539840
281282228522612295292656956565
287399512325899
412810596056808
1048534124182923
1169987637700194
831387645490121
379927289688100240017735414270
-398488670950725
1313452334868658
309948154523717276944340061547
159615924226083858157790222435
1052719496385209
792571875654003804512592930656
876260910403617
253008338245096
-228856026670822
1219746687471208
-446901132977512
289085507003053524381621373902
241252280368739
135641154216953086938207709136
1693559372043508
208492519516828
-223427583844293
321195501858925
17935514885264098690984231480
744416024912374079277739852250
1298570093481578
151904002930919044324468032356
1546524757980516
953225758534830
543035400774651
-229154373201426
160078349603177538080279887040
166074135164827
9762717005241
405002739326086975295147030736
1077748389538656
104817253522596
-100045729059765
271713972733323938249151221118
1430086945439314
1068209312780200
850650476036718
1001777719680156
222543134964464366570743246950
659342270332703917391013891840
1044796215048270
759862315826176219207137353646
455242830014041182138457167669
1211488891191675
1434817880021610
709869826878993
503267901494333
-22134798333765
929550368958864
304526058794573
590935403167070
171819087330034320827685559723
874708975332074
31685687704757616322390835992
487719096880153
445961171864124
7677191258678525748222761980
268594744908899486424511368531
826742608515828
-442261839596170
-244795408146648
388643845592624774541540924358
335955104612996
1276929692892142
1591098058025342
1748576304231789
875716852868112
488455503324051
70896188652731658397254126276
989287631577557
660533222493695
957864406555989
667854986186337511673849911290
226107445575709560554781217425
624091058248434
16402747918039433505788847850
368410400620727345734264919568
31935770205137
655854665892764
34636600333140874317030359964
13414918796316380475414930375
1389081738176262
1446480053757479
0
