427776314334907
1142247827488060
176413891201068738684387574675
-148882433722456
-763322717297262
617433903677326
11307000957745518293245637947
979198768961718
1523817442255798
174429521747443324380094100700
-62292096892529
112266073399784477034133256046
184891933864836
148389498677085999481601733280
75599448415490207265766314720
622521783003243902204464217565
198206919242928991999462115544
553249194602920
147465642344117
846478078393221
-96429059111623
429569718972660786981672129087
1534554840607088
467763017080002
735392911951857
732135447848075
347179202744848684268607869196
788976091938501
1313180530829271
135050480596212
675280057974719814028995041472
733078160188959
-23846636400973
-149614316623405
16775648437929271523308946720
394923524588389
300712750447169740174076692782
1567758083697515
586131297791408
478972771865200
881256123336869223430917497202
251469065206242
495030881464434
-8600966317665
191803542626753371219092284265
-619029188074312
784234215937308
586528394104622
932713120658461
855306561384883
619130967951352752461539044436
310357730136774
192356553985339796596999232820
1122439768468443
704016254703456721337805217906
194607706821163356105388869224
480398923625706
-46681771253394
1828464741564935
-694667204921343
187251768627704
494264458582270
-491162392442403
1560382434754213
1067656854310180
1175659294358422
177343867191266151638406906108
-652920367029054
995326602525389
293431636809621874588159899148
1475302969465017
619417277798092
0
