-29037926252792
211236802697604
1312455496614310
338429181935153
387515267565283
292321834636439739178111453400
683393233503980
242802048148959735454214911218
539769759127164080983077807556
726841391090558
1648021470090
212914835248909
34776587288368704473630523480
287535591639240
985504458424812
364763734385957
253265146498953332882151360105
-592938688053326
542083513525327
1620103296830103
635965586227362
1590032484726
146785688937687
134741759102250
632167513000610
498984128144467
722823008577682301573398400592
349441618927420026153601697451
1123240112153280
-860484168762003
-190216388383223
55003929601441342780194884928
663967291500140544143379077708
346514317518136495300189950762
-682969071477192
1354772434891745
358305997181308472898387401910
491109098212321
80700242942993359452548613390
1358905536101150
1210900027857075
264333949243545835812175077357
477587100981320
1301279513427695
91394590522362110749166935142
537989486800541
-372410451024793
102050887476630
315997819833156877920733161104
182449566453052
1602469623917137
1136827498013019
117813718372940
51005791532427
198913935833162
936737642563092
886965422789169844440045594423
-246931463391747
-603174309440276
-122348226735695
505519900660041864043068793836
-422502337805326
525058078831834585325267931264
366090192561615342842238663185
129368602007666311138025856150
607834337310482271214697137018
924882058224140
642552910032077361729867096180
1668828815732434
1082941178822390
603616378739900523755548655586
461363253608453
358918132280406623640189621772
276335342479228478530393439085
223391924753230
-217141168578012
82255810510035017808901192323
-263670369990758
844784044544592
801825561539707713350729999404
-190220477109803
76483036799175
703947975451950
30527407498664307463827328080
-505351965082483
533096078489043
149354615856062
1609010063443307
3403518986802863473328449424
1233275149378568
949149574378792
126007633412641606572102015756
276073464051671133466188870930
1277854006539029
-112136253697272
-656081077590113
-586772469976129
437487660161051667326536432865
1151462710487395
-654287002451283
19673680371627
-128312463219381
-206299101668139
-583223925386115
-881445397575121
1188139088358405
1131504294652596
1631891914854117
1379079496979607
775213917673430
104994503179876361068926737920
427683004096579
18770768280030047244670053560
614395261726082
1122949260220430
-197493467430967
1559148128946208
1406696490838379
911013669025007
272455124802126970087414590983
1399428223130042
24750534384480
445891366144902478072065514002
1187860799798038
984949267330253
137257456077281144027282738907
146976044875554305715147048010
308862827573488474397899979873
384409143613176
579884904251541290436346366128
-741474891583533
49831575239472
-55324362495004
613016197686173264702013272610
75810838443009091100053443952
-43066806817022
128875532276123678679904540270
551010555702443
-9574248392519
-14687894025234
204750948278805431545332202272
-265466252636400
119485269593099649638505214648
721667244431791
677255544873475
1118037158477737115833172876
751683611452549
486483074023804
662066265163940
1586711596566103
307485915669263392975370672846
582839074650296
1051764901472703
-617893545812646
-334704313927607
51281589668385606939210490669
-168698637389644
445877222377085012453831946038
1730362743265524
1788483354466693
548604434124881
-96061172124759
262761500220340
235466963530274805054300409136
488127404681250
103833798171108006481241884016
221404349337600649478925809952
-590311284943417
146780647424978381295444107764
-334876891145558
1523629511818826
150354051648500
418536517650302
-551972085719473
1146928370730932
758022029339991
250425857565476360603199451000
624820239526320690337130481132
542742831551189029254360532653
-134806381399207
1117666805701874
1111969842073830
1163657812576255
765947804545877
430960020739946160793671759110
566698343985390765676259583954
14415719992116322628065762200
891955183161374
87676033432574
-137396183517277
-713297586000755
572897152755873610611286032100
1154653492522957
503000390277818635052169933696
166845769939662721021564935534
91984856223237027025292352958
1247354781286853
33838014907742645994793226450
68650506262437856502590475008
841768565823385
335092906243868890546068008818
154796746147990
453793750403703
382918300120600
-705640088502166
108103125801586473828562205501
149563601647877
-47476976199726
9042599185132
549217012878292081251101312550
-254348878654886
148756704743759610837871753970
698462980245470
1801558367817884
817845365255381
425356498358620
116689932781287004655898963928
885382403614444
172364223980094
129529773394788301260629488731
283047753907464
220275808865162461513934600457
99323839793112088689032031065
380135531280754
444200433707050
1041414278638722
-31990350199219
8130199400065674931664412000
203737754877397
643197853308483
1740940522546539
416777205336333161159494831851
41475512251084
-179381957786031
86573901575796861728787088321
1080852039521361
864572472109721
83690606109750
-676695659885975
24570040876985668627983912600
18198415567843
8603215323287752017481979544
20991431922165
296704540584146329004046025118
334887227190340
1407063748262703
587717710678513
629132825671692851766992570550
1209196138198266
-615654329798185
23696429879684597702019925740
354964798597841112991059067985
-148003873290154
217244505089686
1159375457028467
700988073505929678764667707350
93756967465083526905538088290
125284465258342514178434070648
929916231618467
69827846573952788681164306243
1637346798861044
354869913422293852404266353740
63852753901743515775715927218
89062271699740610474455377123
976384268232768
-432446901880991
17993126961778167393988118070
2359217753411773269519926500
806841465547615740199164855
344876931877117
331243504145436632897697186889
44601330009364725069735087676
339828072697504762230705307780
323876566013595504597878740264
1518294788967056236873354860
1516715734554086638548959281
440053756730291
940175011784387
-468199502927934
1343169954177194
195632367506273616216402107952
1863771839228656
342188687765788175845052418800
308953728422654216184379886946
1417985234503917
171048147619942886162769716600
774121825296408211810226755468
289160113047402899732924975685
236694178604949122703806683396
580782719344942126609810070160
6392701508637842513883990144
972120056776770
614991855099863
461673953971859089658127538950
153725737056962886539864475057
303545360435825688919047911666
-403301457949543
110511006733143023353747974665
18125557927316
800505537222058
329191032656447420347304508501
1638284224661163
76814024318502159190548885770
-568690735582957
-128758879324532
1752051792251215
-738618382590282
808689985459702
-603410543076501
395587803026315
178479115030704932165054278635
873094576809560
-797627290611158
222639656375736855580976025164
265837622587259
567923093004203956561431955773
-325156316000462
1157250927675844
1804069578765816
83297003753607147337162282560
764973596495542144420936704
1599225849070631
-143569441794701
-386241584569304
453429163359195
-530045573677932
-425178277845905
1530750336637328
1203121615630937
37046968730467
964929370185568
1537811381465255
307778800291310445259461754875
-160095184786282
940663875941903
260772019475473
-22496202204293
144907063779770776347672770100
8004052643550353772659934975
154598004087001155979522841804
1917419877166255386511921773
1141720267340818
1361248538417233
242267744012951201930164727027
482579621746535
562367064524433
776163876976025
1124374970224054
-601134713303647
1208165867402685
754699558449668
584215902851372
-512714962698115
1608303144591129
1285769755996782
431808520574134657150590715443
73593885641380468741237809301
63649431804774
58257741990718916776904886035
1058709834591417
87417917370486
1468659038894512
1386977003556808
214904705313570016061000255624
948575275745751
617047512429217661231898246915
682412039046480
888461534818030
490012387733519
-433946214955597
783224262268853
1225678735059505
493921449403902327573065504673
188308416859245
-138682586129563
433310530653942
-321395353388326
7440339108370512139128259588
1051625354806551
1247678126616515
-207928589998198
525102245679921
50700845836150726519929424572
839659324248332
40834241968819264233051798667
550660103918075
283731332752910823524731024128
218250301793602211880914530
259459810861133785732789029434
541361584119441
198310619680170227723064960875
697642633828384
169105031969862979659893759640
437547444193454098247786076336
249610869461460
160797599961932933646265382256
743498014320764
129526896630554771369117818678
-165292775430706
821558835170502
25671730210767524563666578228
431438649047505
400748586299927082189900500742
-539506854280092
-358778765946843
306528935212617
-382385523244258
1107095787787991
629507800999621
812681609429336
934633559341800
232024572975675786210929902640
576648931946752
310233142651497676772543693166
316745478659711
119092080398672164052893600512
111346436594951859127924358310
30206656753039
563573826461811
1663996055785602
321189636058179445063518013892
310784868250058487228426824589
-132795028825553
1475472861944803
-87392619590009
316311318276773023337566108185
544791458340687
282324962220134917322145203268
206686594010760568656647810718
37530365079343732464522643800
760654319104084744042753342686
88866007337499373245201693278
1138660461211470
327206398257207102406482377004
395041732040586
41668607175710681189521334118
610971625498164
1915924188547858
152265022685535393049519585352
1206166781044586
712024987506367081792356854026
426543373116882170941622169564
92498120831137482088662210896
76896394013508
609467795704853
140765238271277692377211158575
653053555295427
769407979379175
104693515058401047665923683020
559312149150007
749678588392626
35472822119927735054705115780
6491265927858238306918809600
-113148850252122
706627948785508
1310575810835724
367673709665055639785464473680
462882403016440
738548167562508
102403206935757796338149462351
366961679881357058668654055775
1152781194149607
200343772549912988014548385284
-224191525092168
455190051004586314359695142390
930483901221935
750306794153099473037967740225
829022210841053
566089163879645
-84707962081255
331203980822804567633203635412
-367417193859405
300493449082206
79276064886692165557960138949
883713542178374
176830624990826587431268250864
-551871633187859
14424247661296824925085713436
-246350768776850
1647710230085638
627218969427959
399306067699866310928763389582
283937184971018
256266588943455
-502655027222205
-526716411271106
1234746138975533
933365902852832
92882180878626
60327468369665280529807100288
400362722006198265899912870048
326427275247347
1506640880979094
737893191270925957466190126114
142392265851673262699315003501
15030332374816652998256241881
1509415448356189
43374787733613847744163560532
705875590362911
361722677855909497917392531328
1008394783054935
410556436050733576013388391352
2205872886149553352652362080
65285094522165929714612098845
-119698503618553
1299692055019565
1364116542405752
133782871241817
-493748086756064
1636246909651186
923901199677152
543793116872404123366045037894
519898569069963
-855325551046333
41358190285114
406188181677444969451446906627
436262582570153347840912095183
315702260364706
15673742233790957804546482128
146107725356606313721664306712
316092594488993521781795932704
490766847681572425182928453344
355035299007411191100715511805
217494277200772920173370143625
-110189686184532
320733158543841
45740715068788938679761893172
401815086953581
1034694789131791
305347047774827
442534934504059609328471127275
985631601993737
1215822254131861
1023995011488382
124682606841226836657414603850
1165083007971390
1685202571590027
-670257258622608
807118256018788
94133319775973354613608149428
714700911260825
-643231282884044
109243835522748903562385144604
307534676645458
1147643051243818
156190238401209911408830199380
290314549237075176934984574828
572790080795848593302560429329
660200636992545
-788337767279141
814950420909018
68567795087123633635624421166
793095617118635
827140199791692
1603054998681711
1837706408906157
235201248985449741963754399325
97820230604129
910977740023724
-409519045986197
408791294356825029915768877006
-509965782689890
84100617756060137899219329992
-623387600738295
76317077466338519068673309300
400863390878343
167344894151720376722410029499
48759112052463071351197549950
98423938857091778387249005110
1617064926988817
583584379768700
57879027139459785422268850305
-324091572198363
706331242985562
744986538117795595583676904056
722417282814315512563337043516
-623152795230110
143166841394880
1430834484488869
140139472644307980998322550973
1376613480528279
100878161166282217399480119960
30272776015295480014272156576
129261331758262460392539921259
71564634429223705396958441712
-445661307141661
315439458078412164476001137082
54018711283164312635195258979
113084717960720
816295270622701
928988784585464
164970932655620
395125118972576878137213816890
1414576621443193
195375029567099506845534708132
-151404197952022
86300301887577650860212547950
-96589414123705
589303666438958
-76840078179644
1559409984508524
997514854075223
1059873871532552
1386796797065196
1262890459952322
456952800265546624223941912872
237553530212704146565057976139
-467100151558747
1572784944841648
1456479874628852
359727719327265015301101506386
839460585234050
-261719343878537
834663821177428
805450825345853
240297457838388
824170875410737045721313921400
-814549147839329
-313700427752613
-503079165978643
157844056024022
80256767584750
527851645816032812058215197746
105830415313745404443026433744
83702564538822035232120907758
226968688358551
758088741543020
1149243162516873
928791253370493
32918717228854236479506711820
1646603646636339
-18608995683059
1113423693963151
1176062411536057
849703850062128
-238752288578028
276887783811841
-202637287852236
1040769228491643
-800710952434053
78951568440705
1607930413405460
1467678310655189
287728884722254
1281181087069538
149165405201468350850122813598
500075389767333389936412917613
693859097888426
315468134929399776139538778180
978332161037699
-176706748353660
524220783282491
587176356452629
0
