785935024040845
362179544422363078968916303224
163303675845337597598628684436
885361022894808
-703562851592353
1200080114508640
41347605727769865878082951924
204704742145735019038049533432
263797860234130
857451858294918
55328711458179913686708672150
-267151587446101
-347316033967399
1039169459852747
982906293746697
738333900141194
123292235705156979543944882820
565728335308968
298507912246838567093937580691
230777147763185113687515897202
307194983110278413401320849252
-233395793958400
256746127232851895288488975488
461419586104709
690964082780649627565416915910
211715995531682
742000882488633235742805558475
-476152963909096
-624915704088569
-398119078331765
409379767784932436393115830187
0
