1057148944448606
346611258325510
479987934939846
1306399092172840
59987860161593
338526362768283
1129931472381651
56093938950823
13080593853408
993052734318159
-77630061620868
514971859115946
557985825869077
641622551830992
643024425954179
111782670238352935204189325050
336518371110537
1172591976342027
210030551258901639180054450120
236910114205799
1106354728829325
1632908821548033
1670373758061780
3453525695368
317601483756588
1144996049951811
6157478948661903785559133095
150285245170498
284518813540768580772326287337
268380613326735970761357660285
-178672852719436
334684273050450
310719582324829541584573263990
-720877740861884
82310977558827329922763890092
271596636861571
250019181948772829394115900425
835690277904539
463130793457977709718607178783
947892237890441
1299390218803999
179027811872239551806265923136
1584536500512837
-144600659063570
959026134551086
1179634939402228
1015823259072239
-508445631730021
1051190613356662
1127249758850925
306132885899020219091897944415
126591711101996642753033521011
81787659342187263672439792700
398843762861919734287228552121
1089154025036948
1089889832330407
125011830358350
528716664519649
171514135140507
186588483580732541584577499518
156554164921508942338320743136
445076050506088
143613477530296843732741976820
731949420042498228382305043958
66924218092474414363512496082
106216456599935406580271910308
756172814838625308745436712352
1557291295278334
3014853447396362950628972856
1037251774143662
753663095262019
317013811348050
21394031335430
1448688060271620
865856482633901
1212832896797207
503737176251474
615475733925284561860399868270
96439525292000818375391194617
-258892680980988
452175587765465
2885163586074436692719387970
246407014796594
-580083334456559
75772569881662890502824050448
6129363876462
86782622793694522914174428302
401246616511178
40029194932755645484660179200
11955907403796
1478547107675815
12539035862949276586195076368
516916814200620
97768406215076999270572540716
1162297427666124
28715197768548106335976737450
46674249014346464972647426706
624673193143760
41411145188469266311324091505
97079775230345784338484348692
547077778584705
92850106981177
293130407034488381066311658860
-739318871195567
785849150497802
3346483685129620119677003012
-615827345434771
826697160818146
175128181965450428904308962180
-552533625477485
225510242332173549245427926252
712102178722914495974120851067
81582796385169514247448605928
226654716328266575809741647470
983955863370909
46348776559564826940686261905
-96947009461838
1247983166451067
1564363416447371
1309989712660525
170406728486386744134873879280
778407641604589
460257516473543344979092859817
-426231635216250
398683218248963959997204821160
377651543410383
740327619744293
-62777095236815
192112925474917409448364813536
322130770711436906599292240952
498236479828925429767689924850
728079770058697
1677945533974763
703575052388081
44334126925492586507912253304
248692730812020069566592449786
810123361067343
174197678805195238184938937298
583084034891603875840793757888
1302806243120403
863550115113174
1108720665189866
78324692541156645408561669843
-70511312320006
-70069364490473
899361256353233
933662236646552
274472917017315019533249468357
498177292423302
270226113375687559486604643402
464150563611056542013056610106
-329913493825893
426224568718728
829997040639587100853455847448
179722653315108638417373016620
1671090767628421
1158225025917926
-315775160295472
267064309842860
234008375629378305994995997950
1231798448074161
1423014724173277
142791169863920859915260166839
-46015460330662
557010493511325
335875146719695
62542263803786742347559694850
115295987982705203607658109660
949222199931596
-409531645685131
220245669452190712650265873464
1437635444618569
240563767893830
1434646270831445
623952701121008
1088660421187285
-428108414347468
684639037917947509860753208184
167929236183154
151607780819136049376732860374
195418688233435
1234840989907436
575851536467219
497144464449568635830869462680
94371319603804
243900051031620
397317783335926952962485287850
620441630150781
415722743609087557847108614125
357330776745802
445187912195297517241505012300
-86916723657084
937677306289763
145936990396459
435718012019204
573474092408873742258659571168
1022112600483746
662957438279091871408431827384
4574001725839462231116736755
883328024989732
890786291171597
373955293225681
294987590650003
29475584908051
1248434071158944
276929362357407398824059799403
-20417355796157
930408830971006
-161708563450151
330150972658433
5397344943711797272621380306
-175604077645759
1273182571156767
48791310248717617722642272618
635509823351991
363927496132665186463335756480
178577240130428365064319031308
125225581003119365376405442092
-167860499371149
463907806356914
10796556056326064490271001844
799617147790449
75717050339861296338474322260
1546165846297932
485775526789032
1519969629901819
-194435282922241
297136341161928381061707953352
1219555770971790
526432539859392216687375649636
758567351858349
95467857875183399072210938512
252508159467641
338447640958507
1043061745116750
12790399682998278355121478294
613098490740227270507522167478
1257605655924760
141477189210132515875368923725
-604970850106718
1859491111680912
5998722638776136733808262478
532911994139953289557407458250
42047780126379044968926084384
72411221819639986537255808796
205569358641215
930863285195790
-405927306762799
784119056208697
53420621056149454828979270880
991177067915878
15981759088649327200755120645
176524609979133586756554353760
709887237813629
296769172323879
268726693313107
-113720240820043
277946404345617
183055899531578
318517337248644869136598132536
-527089947594540
498613257107886
105002631221948840376602576620
876136397059959
1569133699683295
377542725517752366605845343436
-375395518980208
535876877779387
8165845782374710913744844891
42406302474188109529495154284
523901242777207
1740545093396811
55133139860799932495698022724
-336843518560901
765022941371315
91717883156508293655140443003
584234070093892
-29829237495726
852688072616857
717596437273084
1176417627002501
1163866656298143
30765696816144588133689371959
-421220191157392
95758065850639578321987438840
-475390161860782
119513947493325677710307652168
310163515336888
-267815315631703
1179571473585247
1127845598266913
1301574047401730
47213353171716
617971073230119
550135230079869
-291369165244451
400672460876201251625677416704
574825247339808304500548904862
1032271403982344
1324738831507050
448742836190274
-156440533582055
1291569730273610
1685463425229713
447213347937491
132272965523601645511030880576
980404625479288
-3736968220940
218950155935077409005197968970
124347313666034
224940754716476397677864779981
-534056243796533
10208292345815833142303379136
-503112252944148
1058308679580678
202831752383308
107202346373983711009985215455
716131048401076
174880640490768054441313657647
1238879122496872
-255118934391059
282150876010026202846278525485
-76533398944280
187689684577207366537293322425
1008151279275646
-94616991166314
-587998597422289
398323210092882307374913846438
807469610296510
131743617392325400460019840070
423194698563146
437314406433050614449245373895
372004997227109142792412603104
455036297309475819391206034420
1355446711006507
1491634080292119
70207879946936810190336429210
-87587894525716
563563137572795
842198279469263
-299108839834371
91774478670693499015957268454
919359883087015174073638425966
1516634661520227
66961411765523207546502054176
901757804115190
150187158678210
642802708006250
250144199583564241881653442718
-781514469495178
-363320783737309
11286566468101724175411337335
457243117171912
122707278580981008627161531038
-28609318071857
324256540444452505339468759736
589072975929633864860614773020
162546125021757
1451961058518152
748569282053835
927797862138697
167018180319792
65417592574671849796190081868
677986054600146980475818382800
603028252086207
682648971691601
91099942661876465256029032140
317144021917681974379053876048
-2577314680432
61067375747426
504099084552131316106799508827
-295148264686784
118151436239160453928247164604
1899547133272494
905280440239699
808715473353801
766372654302649
1026208709165439
-155181673666585
908822930524942
628046524959611
373664460517237
-52110557812697
1008914845558249
1088916033061710
261113183768463864815048115625
1359580322157303
949807362242140
1031704390507619
149887856635755049975391445267
-530427670393333
1154439813565936
753313291291140
876937635375042
396110344661284
-80050150425310
1449364142368423
-253169543483218
265900626337225958517404398290
534091229362768
25261599090492686206060772733
1065719374078136
-494950652172895
222749888249939813912367385174
290157714004685
667259935252530
445731154145510692094582241888
710518462618927093721772610111
-41793041010657
201478853289515
79569675518231088335028805980
1228696409616611
115798395709110061545251939016
334150707968101088014570617867
735794463369201
622622805206025324720970615788
-28273902014484
-843955707745414
34485737390848092118526655822
7847868042105393564773706300
201107592587542774002808571946
128911460373937919299937500023
1329881487195380
415738282646550
-322113998005247
87297164426818235084476699900
630706942218051441512509185103
511410708292679
90214653885191
306495910665661919195111080209
921097150782151
-31679809273483
525825717360324022330589214420
416769434137125
609943220726136
5778677667414604708659892326
79857549962226879396652216424
125451073713403
300818040028769
427698808240276
76080056254974434725293609994
869356333932876098640864101988
120738762875642145867441936304
698670298220677
-712650169468158
1052864434644699
412665489315117
1640238423712103
421791768639566
283146100796406967016086905192
13254113935285654520781424448
754944346976625
418868786485994914699229821
129907773574373337032125297638
453793792246033723443901599504
-148584835512083
53785977689272
5429481313450909469012836836
641882690891442552072185811776
433724130440825
679436304873078
79856978908896427465110115575
328014270637794194342629490882
424032090098676455204456142408
108138739791122696086310985959
-111377919616955
990758388698181
-440388889301528
509207766552979973141518035314
1577161632844956
865783863303924858256787642564
-774558315185549
1389594121156468
12767507836023785472230615482
-19695615147444
1201824751470071
183795580228786360605012879173
785477006081449
443200763776682542062751899093
977642434009723
-721819901622779
229823769118019999837049145089
13153329805606155744762366150
59373442338891148084361737230
1026802287040251
-783088634738837
873169456576235
-414692633944433
181187330798579146482411392800
90242123561977387074008347452
119640406218588678120017403705
455948623517228
312662459613347014822806013836
-101993424077357
9668295017554923552813013964
514546675555014
510158081098718
1804596895648070
60616247432936659538919132040
147468880370820
798333307855646
1265376449481808
82034712854127
-112535141531346
1125911548651106
16606374177884120210671487022
135748536185346374264936770392
606687347688283019034080114762
511809447248695
542783741580578
779973594771532
590286820316589626691174351430
2534603633325
-309613229505726
1334195630366345
32745241378748587636202554048
-700102773869190
326395937271858210442428784080
1313838436777114
-220324565313993
-470666992754826
401997755869400348125958635950
1090824466757005
417898097426854
267446418787431444946643548809
1116400465966314
561679227831707403498319766798
-190352332663649
657291565564319
-359810618488328
327690147376044160599088873590
641695182825883
-713957460463537
503121355378821
199037222578356704355896468750
87138759040035380493620158068
-91651026179907
449383803072399637932718140880
301884289654430445935794305246
404123332718153
-501157584168598
1364144689228631
373887749139079085232779034731
401692148763688
1193013980115631
-634202241743656
592904853505728
-381874191827079
197891392568293720716775543279
76089349824382
145730524889205
199233816108366588672948851125
398993854543714
1657073860171179
75108851742123952254593407800
802243435693970
1119861721569967
98592136179280236209005416029
1339674675082600
651204813258087
309186821440640233465316891767
-577557041835187
687707024688668
1386906864716261
-211279760718292
-89720610922486
-792449318234240
-495990692997959
1191813199216472
202565979713522283912258182880
91970521201077090050803835862
885886264439457
35489990831117
1017185848977081
974952418591451
-324005524076376
171234142893420232765648354512
484043880478828
1621221039325587
583098465815606
750887904161232
1277130820951747
1765585072293944
637934969709581
144748387894288459609491908238
635431089715166
418006172124569871701545089280
286331119263355
828532245629852
90733875533147598156084487794
-710350592522358
661695779346024
346509755708701202856936568305
-678979621281960
1282088460074284
833358419534274
-463005111128522
449296504939999
640042935060441871857705916842
337243645928817404437865614326
135243523265207
507949749105780
61806856621025797198615833290
-474849852701226
289145508749825
1453879879684926
422033450927214
0
