564624285920174
329986647128053739652505788160
1467714238210207
352660398336581640972318471039
-76565234711461
220713606515342
-160451382487890
-299529342612528
818048823306618
97296823001296
-372444343373369
-191511775477994
-44373890077442
817849093809837901266361996680
852861376459551
88725815097290
813695185839890
-368136497719219
529454267479245
132292030019576
120906207327839
1208929921232392
162036544257127151052229485909
101841035083390633964552438704
-490286698989468
146484669038543082485322507346
70654215334496902877413110872
875395216998748570954137905205
200889139540372640739079330724
231437942960724666152925631056
534115947216577
109176396655870966873319176800
-376958543867172
653889792685071266186039823502
189520261138639452511579721904
695172079523680502705438462784
788692946898166
1224166691015144
391232983834001244274691772508
13411342249271724275610860331
1496759775110783
582106206854987314045487174055
-175901186887303
-813915038317470
734498343054600
-291498988366903
452042666795662963484225580928
246324014074108913868654435605
557054189675871
1511150642667435
1141944301286377
698125875278901
174105308639134133545380762797
433304833120156026750121010280
481224165368459
-83559948385091
686992275498921213630056506362
934778201276944
30137129712158
13903616447595328179146265180
235544406495879956481832597499
539153507859883360735997630670
815783346899503
14859923260254046483773727248
15222318330940863234168193182
1379482300596029
21051192733081906982037648360
495644173637860
-87590080183457
801663455602809
654069631981554956026560625385
711521628656474
654027872906019
1662944600611461
1750849561947957
308384058769781
1033103939398472
253110493018417529003082199425
607097201489224
115033629717126632018753116101
724060286614436
159505893062813498398614494667
16671113781744
530180170020162
521623228977309
-115883036931187
138062880580194290384806432689
199282918322649626127216537248
321447179110602629993744594174
1013619191131106
672222878287377
-194259741397442
82283650024972730083261128435
941969689922416
152036738822935370621499468207
291241115862358749701271107040
14039998144522544318619897363
90682963676218684591913731808
586970351811164
-231065279084556
1117493658124130
923916938044619
122458586699909624595619066200
1332384042328066
65973468540938
709008991522801934058009411825
19189759978898839701279401832
1065397540944568
14824933515300385273215880734
456387858358493
620377038366519
-154346259375194
327894992927870
-229657716074752
935907720114177
556615017779144
1054155156034233
746236721361971
333150526014276
-6871794405544
-314888897207520
486175304945034524972540039680
218773735431337925040979403746
-38821391883964
151542888112285246745850450288
438946073885401
1413356504333897
1047274202810103
815984305896999
217109911157281148220932973480
-234852269696748
438732939157118400480992004920
890574258014009
1181425037509601
-685314965708967
780349140335992429125273313719
893889861844408
-514271379919696
-436723388707940
585267884896617273760641789843
1623291447226523
-503879559137656
1041242815354684
855452874280857082677793780959
-428103879923702
144721918107073953925615570470
-185669985765323
225755467500534
1341559955277990
815831765606664724163591107100
324784727044586789867824397376
1078700876751589
519543889600641
296282868474245195781075438380
980728616084984
-669875898496230
267483412493855
972211478049234
-382661362348397
1076926309544984
-541459316906834
741341720936831264278141946130
204824395547507695206382694020
57092763091301763047167190796
375158151621917762533742881305
18246560355851166127532658188
-129205516892289
-532665773753547
213424382708075
158562065601120324335294949036
137040438235205939205638994720
1897197433040442
301832512865962121525466147345
623881209103704
15233253885534146363946616842
1251266942197511
-71531438798512
10677379476915363689898166062
-214675971755409
10100188828362063146607745142
-137901434466947
-803783554089517
135390540660329979148800943552
448437155268596
-694919021659868
486797230400480
-43399397860162
-323975217754162
621627691881641256816074386988
694640335588647
-571267923327378
1012046110355094
873218321733696
400310273205368261664845299158
113594107058383453219896272172
48701221382912497839214439304
97441308140737523865359889822
1426865045326858
-63716326499373
1674223225784387
1664931259877089
751183391290569
-34116008805605
256729913280903709842794981366
1225479123143292
38373602830995177092846635764
71719480720205
370487606971159
14673075758945832361654958451
1605297341592915
156162433594203760089408448362
4599988392477111032649951496
3449027566452479072100696320
295331088002093
1173309375553503
87809208603103
1556211306211197
233789498364889264738988960753
257595637033992073910326171876
14005512620672
-99337677256308
1138464197636035
1675910317982630
1020096052364967
136838968264098
342629874717594
-602049570493414
1185110876238593
289669044451157185781736704096
140277617092014749957819583754
538428341879956
901515972182134430779798822552
191563722730752670009245348576
-486082992060704
1560099498563326
559400963847051
851606542908000
10304780861964292317247292120
154334919295057
-330757864014815
844264774658649
1314037578207961
262676841116046738772130413344
93398273024142431334538372800
656195134069623
507114703622392972191013783662
37859312414870
1475380386612632
70397672526880
443718578972851266624603828744
-802709239349922
596851750654794
10200187040778692502042434940
214269789625208
702316647173153
186012031494261
427621232633969
1229491929904240
131698769503998516575076608244
229285140540354
806479815640419
64333643138431
5937533533093110297582395040
7889335273265
30281595257569305269334168363
244668048375811998945391147716
-153055764060787
888714089285108
464576569834912
300827714889988
497910366238637
836494542932162
85717902558293670249158249358
185643083660298115670555199892
723674271222141
27376403493031
-14005145472685
183227468948477
-266784967747298
103107123696812
-304605320820345
464334056302606
1176233632403763
38550013814611359122002150343
-423603414159013
1067651402514925
870911108608933
56198904927117939157338130216
410197528174213
-176211581105266
1343870173944839
583733666486189277384704128200
952174979813359
-205432763970477
44001760970902985810598855375
293279435975881531407521513875
661295000638655
1127148824617046
-82721220341483
-416932186703382
982008558688638
164692621461303
44285036484541013342777055798
1075594445757621
1097578158594605
94666165039749567840275578125
670676009208491
403527973709900517908570183624
63257655984911
-585056215366249
-120337255144089
251863791867022082295898610940
986277484617397
678653158575666481900464470045
-280938309242339
-80834798635354
-73228724852759
155880446701786711709174212168
1251493068612344
-504446207806658
-501397062825901
-530726700779760
155050946984141
482999333243921
518959753373596
-443789233401102
151314409549681
-216768721322313
58702173803141463040281274181
443630296519233842447857973424
143081553777995607704132945328
263206349633339
164363894841803827730690686927
-281779371744137
484260977008241
62878047494289
1385473733730360
-185558854712193
-318426166563774
-87987961740235
962977225701431
940644583517016
1528894426954174
1673806391896142
579142575355067
-65956924946417
1416076861072152
281707618905449079935614372944
509346483594168
197504681437248800007637811188
18377264768694
-299453547530952
905157055882913
-157920155621795
29455432389926
767468556302048399264024000112
314377366354730
842497887783529
428991214556915
326402659858124
-850948560109635
721817514894401
224185954594413630189663051049
121827122264082
182210159978763877229741948448
48425162672213841370314519495
627250705087065845145003423416
6050636917441943634737337438
460840713041651627215911649592
143586101753080166994004563029
1447759386771927
-565580665250461
190236839273032
1250853400217112
504479118196180308475278163480
1280385408250876
117802481660536577924094125372
1577751049148112
399882515453976
148355402761530
105315828200628069772790190880
100492114805638085649716167935
1705017674749796
1018060432382470
1029625434507714
97453012944115887787355303740
-540712459527813
602903689933488
16490432753982064516407537160
21800647960883
1390774105858188
819684080476565515800971124726
89147467709410
669213712838322
636859137194112700189013418664
-313820760511508
1022612566866755
115138562986695182846591673000
830059087028011
1642713212656676
839015860862331057003554591465
1137522860988446
298510908640933273613019076116
-871656842249240
518687641296716
966664695031661
430419014438279
-97964856430407
128373520974824
242033322057765425320183934865
393183845569112
3407538695133702282106919790
1111981979299049
585870576570139
-582140849761387
224547529810465723147953741020
50613753327358175028425762302
1273353883879514
259684932148017
-363215261855125
557638373686228
1561588945728925
43070285950504005838839527619
121166618434818828538553381520
-627135789075455
51752894472117
1096238481307824
-893971478315620
-203253921015488
1134840888879751
-65384442593250
774498432716450
8535630057181494141193870572
399823769369296739411267936160
245972329844179093514051946792
-112154868011081
25901747340417
360923775554557405444660702176
97824827373447706426414456155
1253491803751438
25740310298794
400327916440944214418235778286
-332158152190246
171900354474581542939895743942
179459379489681
925261930075001
-691369033175418
103764584998132955474936394876
1388247287051189
54962745222095265184283516640
1053358993609887
456529646555833330374625829256
75099169383351006478911303978
573988206996908590024076733475
561108436428181
935115692020977
672333841039301697927953785180
1080656252447211
75836316994022296010108955098
455360228647286455188178575048
106658071083066493585666825020
1591423860686736
533322410038281
-13047214520179
-435818283774548
395340695164502823823415181750
1198820652448642
1127131172366272
-25900766571770
952750070026002
1927921040374162
89146921565421666893266807882
6260713847962535741307487890
1323933349787017
-941534100617012
288142126634730
809921850546220
-668144942521764
84531335315737334090289646217
555694222145901
514214831559157072008871843741
92058928875170
288935585418024700562471997660
803471273406445
368609861469601
93005186310543
43713276135366597937590651576
151844875950044
339854444722146
274317988893015
83367862660476
329084468939284937468050154490
18309962755839381540403743442
1110806879078131
838577827555916
730072398542385924433697561220
92054958654252089989449261886
80094028305598783378569144529
1304138283832922
1114362681964406
-393745238624686
629829702967912
649061219165347
-408737312633278
-170869620829830
307749897776816794934021270403
240299375289369
617030295959909
5425382559296354427343092936
242961166163922936348526696568
1508820964610137
-200803834027920
1736543931466533
210512134007761
43453042357196157222305561100
334036429130853502859619845080
-255496653437615
800102387183987
205421367705969
56608437990936059762187416526
101611828167432411895346369268
352608109052343
49423736429413300874195284050
1066324186565144
33548567702520373867507417398
178092619461217
17404566869538
497623077347847
-50848246987938
753065638050577623223737888306
-69656396327642
665808782285829
-890131538408978
1023902204803604
16856981210755846869029893656
-584068964056019
1439886518926637
-492717113580744
-571537443425636
198456492159266
510824251990815
0
