51829007586760474989043522969
16342464856513029951647188764
78448094585014087487553174500
262846384427255181151983340941
400936091135312
272176935789249
691888778461034
335149346456533
607330979668589
912369592720838
195487679978175
1665297836404429
-264049966138374
1205986443189582
178629047419553
29452438416851
610924604582190
593704405801603773151991611656
640357354213488861930483843296
228759377602959
38844772549050108429512950590
271049856848989417831914517083
2439936202651755945267794307
451819764236186
277422166789797
269397797651287923210340007676
137143636478212
501466457900737085556614566296
1758710734747929
443523359077067
3894129197949
23877521512365
557158945927061955473879611440
1962481025572648
36382897742321472612749697754
799292332523022
-151996410384244
91106974831099504597703890510
950136769706965
1399818161455775
729287212211297607849828546
793647027102112
1715322249631788
-144047550974761
216046567808224
603603192402864
328659665538478076986278076245
637109777843180
1131218507099253
814711132425668
1081799700078030
794278723478207195152401228948
187710730819345778899508338132
527950751360268
204391610661827
499263343246773590545168834704
740637921807673
1365213793943672
-458495173151505
418293886670892
-173022287360011
-711401553468395
547746588839088
-438084485311585
199186270084197246001099618620
606907086641417
82479533785649764223753312197
899545976954440
-224774040961400
1039970433264055
322115036432756
-437087820509106
173997523949900
117674680159098705866194063515
804332816419809
848058310564588
1003704404478210
162207401642877793704738341853
-575210107041688
1117113663065184
759523051887566
223915152080844
21118679779287516709841823804
670402724825614
109210852586634404444872439180
81029831510428
919264149127564
1247982227743736
-97540977366547
353234288591324
195196988551723834742408031313
364158484168712690559517803416
487721800139006213861073678272
-525365688297507
293566030568651062442922692328
333632215071823
995034837190881
718286450823171301829027534685
600402409798085028225390321130
1143131910986333
326236763985286
362100882771040
785336320256006
121850283592992
63937304906380350369777453184
1848230819047124
4556287458874481990823437940
-110829255223583
338007751043736309575061529200
348948755143837147200779551296
1018638709620261
-541112950590467
278147823212965
1152095966120940
1181307578435727
773887440295938726796332900830
1349845876378870
621383062365172
217906876129806249183936095220
-315505964840700
848999740134422086674415696347
552478222052853870569188843890
805383794772175
1073340186222202
114308061808844
345862974545634264461590040658
1491447533646961
21497455060479137710379444865
750143171351321
129624398054834
-4141621236853
803146398477358904250789305890
799427562884475575342059361104
774828973249948
309272681284588
567949465880503
-136873924458411
-217593458793931
202672807647768530040691126409
-54536498848668
1242308310347820
349466112172216337632287865716
1433371408017420
264613074316298
278269944368999410595046929280
488569257283671597000154461208
951714666490082
25997468217429312802838818170
-611352395664623
485167228730013
1205996628229842
151090467379527595070563465338
-232238287076238
1036778491169687
941860615980285
40048039134142115431072493040
167091520745160
-344512608233710
-145950074996486
156877936576700952610959902808
428902144178208
951663772023799
1288353948343032
1575017501964364
86344137597649787886055614128
612679350881016
612093617570162
196482214744153
98998460299908
413732256348948
1043336861306557
708285075104065587723296169820
701917084622541
88834255496003348714470501482
947323933461199
605141402354549613850177138148
554741470188214
734629272908715780583810506510
502792267776655
-1797
238916951041412
171217205334780549175577721990
1443335433716907
136634074963799200254487825167
28658784784558347788123199501
-384633844231067
976921546897400
751424877994578
512676713550426197082483629568
598908633456440371686997140820
499724848741989
410300238721409
910600434678126
46356830541103120721242386820
653793369744732
-81921854007466
464567174074554
356266749452300785349545152741
42179964303889881609283171094
676998304841983
433423880696994244598284775373
102260352428737298984287024912
469503534110855
220482471580527
476971017757310160500298968450
405196476178992419860086115408
675132770968969
192099740010265766749621986400
119701543566045182091238209104
1441316722128159
187676305145425334309945704840
67309011913723403377849232508
159742751859187615579888456040
920017589231180223038744989878
-106813210784587
-795272295349069
184746012704673
1865696512147719
636153579873526
113719032767332931168876553950
230344607107849286736802353285
1249625576743930
258427152753812010572015731302
768873178179283
331830308975870641741348908420
-427207986400088
1141513609657217
161759687089611857858402524960
97817078470334787331098670026
875278865127985
905484235758697
762088042871801
1862318543502578
1065041486490820
471850373586166
1511571094753545
10230234269729343680073154257
541344482443096
683794860728811
1092733143944567
29824602374865450234550825763
65691541484466051276680914070
1184884575119976
431647624598505050288600827730
-25902272281797
290079797264877596638905863928
257846293563434237635961449725
466136636412021694672146001506
177965001083598579393889975640
825949583120346
1322353099867288
23394400299613055052379707222
-236162067429841
473292951594176
1704089354798238589396528728
729345200277795198269723997620
1066764058998154
170389856318263910135856074496
1636633531549891
-374221468656188
1659746639223559
1661001682934901
-140220203388432
1086971605049604
1061696009934845
125381688433914928894838787120
978256647437895
940131196637707
741024754275164
-384277181023446
1393686359015907
261231486884533
426872148845407
33967515985055229178481591780
750247321195898
819920651139342
60525409821574
1202332961435767
1071568393436557
498439260126874026638129046105
1594124896553530
1777968521867164
704175695761403
190430815237112230957792562798
49130732255369295305384747126
316278481522028457514060987470
-63405638238230
374527526266630
544186471394099546732484873744
56965873036911040166825384876
90462930450550720763975400438
-240233910110461
782349649882226
-539015757965640
333026043292819
234143757860158619072645465088
1171201493751087
777379474162612
607573392554811
225211186247662
103823112560887
1679869711043406
225377048028085781353473085385
4268147801090162843218694640
-162138078426051
498545303164814304103129265170
-351773342498600
1144959303981507
469414590942349
1286791279716546
1610571754399121
-769600435468077
465650507691433004944143973392
188284058567278
-4351857397548
831654084112744
1030983489772847
-25805808758097
235035545159038728674257540292
21615528887610073659696214900
7860144210415961110148489715
306347172859782325247878350995
798640358168848
-225276922215517
289817155379476301098737236409
1460748772140898
242367360661742092762480828455
-381946221916204
1393601473186896
937018743327025
304084684732733
163858476699595807233507939005
87236113593855772810612611949
623939157296498
4752002643777733178808026680
921750186037432
1516015303735832
139002825210937071563431292040
1183092194386693
-215042379872272
409465406897745
-96304535642669
3372508247297927794268901403
1654036356728459
-271330973809249
836422616590762
-114260419186951
1015518181154487
33923974232137519595400839790
112716554019419
-166425392331012
465374535578951522950255443174
-352069625949155
348733859259622
291979043472076
452998982130999863207496652
-205644792496046
122981740632537852285287712000
101462882844946055091940517508
-72406060831472
712787760412263
857438836879289
121444684832713211384673483378
-8444675266008
20547358062731992335694341920
1040468121671685
854241182785192
23434120265598886567115902944
1818201895092463
174435891601830
227959372952375238047228422470
1578490044234049
685771646983221
1533652038993733
-420064040520591
-11566316115277
-266336697575230
-520231416481985
1710176489534749830473812500
428205943838204
263811773908620317910928897520
1584269493894399
-522031302977941
1452859091439887
-88227768869253
541952608048981
940210102882245
-482640209196117
1306567053887606
-66997897244271
1207203939874040
-307304911051706
1026846392604647
910833877254195
366575818615299483371684172540
-391606456199154
255832195710390800423688671552
632830552820625
519097576509318
6060314631190965046271298468
323600503258635278833532556636
332675263382904
608226678804936860672652449577
128458785835759376354996439864
5332015549488091413157211198
751949842453961
61060268082538
826882068700142
-14215531861042
55424285612390645227142078760
283584969667840145423924099840
32049215437644
317902946292834
1202384249018220
281743687167682957416404990070
-81336071229475
2567788061632
1188764151793669
105842642270682582303218979778
872634803477268
553223126572314348104814951900
401592721263232
424708485990157
30510824668515
137340417269733
216218245782359655692147848818
1244713161758421
-72912723048839
1752011343312563
-651717174498602
-518405423407772
54538947291640912800590394585
376407959474422
193687820105112370859667787482
1050617271808037
361811782901479118824144800016
799570819695624
-91266150818965
91630797820662920856961346832
250275018441277083859383756644
983976452249082
-485258206292625
651325590626038
1297677336906608
332591843972365968022258369776
-162425867241195
641074737036525
486004627838974
389917272460197985437599964038
143408904695450904355714677424
862587955249369403431464430866
249065259079919
-347453959695490
96699846469150994506318542240
-305774742139641
556940615567627861453320083700
44043178845991021608568325648
767013712604814
3545065830621
1099429507841205
166148135801763513241662466560
1280756131685665
1745503776393119
100874253928968305521264477020
-420999746645935
500076265505681
-53244037272552
-217109810011849
306592115989853
72491536383509026067815672700
-361009383960645
1471471027340444
-232779368366377
-2174751624767
381491373217474160368161565257
231641153857630027937464098618
-70306947073978
91952105437077
47034046706988
139653139220608
376084122671560
-172849930415578
430929408080130921199684918236
809067584927208
1419111044591942
818578349115759
153854166111405095919575530654
77212975572291118668727599188
337817057331064
953502870515960
828828306093023707577133505100
11208275499889
887049430382742463140241813875
65585312293278110033887657835
231214220753422940588756346880
1434350585539152
625116981920720
99865687304354846327283904404
86669022224573001263054299548
-187774341781346
160256469240188239780830700374
1679467282180225
193379934379122
1516991268631161
314636357245456
-71041644106705
58186960505046631693747958352
543969170364847
14884641234217
164199714550901
-153892840722301
313767003202152
1090651440261204
1038861277186203
1352196834951881
-314008889746146
-455752900801608
1531912248537274
1183349604967732
1642789461988833
-4957361924287
157873519554053518464966971600
626878212104503
8602213755398
1144389967642869
14502289636535866165674011962
14757492018351037129594938738
11428597343022834991277974680
643581591188618318609111508056
-769040742795328
811059169081360
53826579260222666111122796115
88970876844492317477005437487
48850131244915665028524985722
-728811092890031
155793299570125
1262156447622205
602284131320288
1124948325760321
473365430319058
558027565858918
295919336792723414433874571623
-55766705281781
536213136710664
370576602446191678280739841622
-216777306652206
1055894340005354
-87040773387101
95892608273433043883177921616
1434586193554682
1030153333910964
567098145934963700862190673484
1030394653720365
308270862300242227173501430704
-98404767995218
1375157456180798
1226093940917704
-324361198771238
1103354899719854
468827121289820603292214979016
1236945404053032
-229230033928187
188311483282832094372878037190
165264064218154
-187754665526965
-674441091869343
309244426869748
1612891172664201
328165068357365
8668172556567366868161159372
128218641214039697820255152240
526609466738126658538459665096
294527734519334021482083072392
623775366773035
512844283032592
1485193344706954
621779683478587
268218332030185299171029119091
959643476393764
1464928838181979
-32114908210612
16792024981284365195311260728
628856058346712
10341468837003129522981236688
596321023951936722318852684234
758822163250147822945448951248
-83577148105221
-260911673227480
569242266456143
29515759633230499063114185600
-474347208192671
124674360570881070153209571951
-265984987431748
661365601568580
86906700164409
1275261699784070
29839512996731780041451688387
136391934815722
-644209527369692
407930907425427048967879630878
5901162497933
10781237537877
807837318069218495468334536076
345909876236628218560712832352
399613279465438433990243730277
729208997017484822278323244664
605037373135561
1725234316276345
214122861060064
93656578990979
474243089065479
180319730377035216241281684235
72850502124457826342430709000
656199843622226709103061677177
-194651584898228
721448851315387383693402800370
109298084889140392567549006500
956246683152043
-517111581160877
702789518840658
11282395971030686044405076124
-492201166866115
822482577056764476601599132751
1201467100800311
298329951783336
-695624752202130
1155485510971242
1129390477775056
847950007887154
-320738426848291
104865096757259494308785113725
567251634946950550133896958340
303271360501736996385707372692
289881665360930828126084676520
-659995506190908
795232085012052
592063583452452
520672651926310
-622719289642308
1133131608950969
527170929677482
295487230375198
682497056910583
268934777539963220216617870656
247062350072021494216553922858
1686271430903469
326359027423995
5572859024205241367687595207
667341511651357
699363966246841
722529731729677089073447118250
-31859194589485
189245621547942
980374058787485
1227997608946192
1130862248815339
979203471763025
1377964909443740
24254898592399
-105890235286787
835019727712069
159124354547062297756232582328
1415193144099869
385619291334214405298772731020
72744911770471
270019772344489
-624369978924816
187372933700280174116506555638
281824518249796
1514590397746559
-262372653127488
976212430979218
218936608995516977794405022200
-289272886772271
912917508221303
281367841432931
310875262998366787316890800688
1192929617413140
1507062015356816169566746192
307940643234957
369201898614691
47010074679933520197421068204
495083924243330654694700372844
1052254970688103
40581096068996654959592620676
284462818713869650634601548055
21714089366758
1741859604488561
149232148742133
928544404141349
263865895850039
-482448757322693
-41770754703443
1060304786893689
19085165510168217112422497478
779708194146682
1108531797862679
1532004402079085
-511449832288745
494249363493620
-728455256541495
-357877420977307
1531447255888147
404481765321819
1450224792847621
382548635649418
4473070474852791639605671785
255953997572434610989001195016
348290788479084
808135156455011
778461252358630937290203921285
427823338766101633253407726845
527083727508018041359642254920
119943203707333578923333724322
71674223416467190243086838950
770330350589755
406171982953534
126812810158859930096049342297
40640863568974274034380701355
-570028954215340
1057821106735287
437125406191701919927167777480
239331563460517344959254490522
-140682209270003
353037768157591632857141667344
439192376486422
497643892378454885576234145979
112431592033784
40762434474322872510287615286
1725074299119101
1365027594918871
25603472682011845828845636752
-355469331259801
-133211994136046
979317600014168
1090903152442660
421214523252521
351707571637411252236872286070
1218756989977499
-285940674175255
323192981630067985926651422106
550376547617272
169751669581929
996305469349671
-237783446932870
183265427589655316830312650976
991581142194094
428118261019235905947341994900
1534897753992478
513231713645174
1268901757663941
268302567113762268962539209600
407068019068497758432255434288
9547736167793625694556916422
-110727830993842
29324460523515
128611891993691207929699847490
-441044107124925
1814618947388852
849178590063832
18555625203307
463311162629876
373871242157575050317301283460
135545071843000637174192264080
29733680915763587219270864386
385759521229065
408478473603632
612119369575107
464994252223231818697351709060
211062654977968224994798829832
207940302233710819033203489027
822085721771707
1089550697557578
1227170083190281
99612705165689169099025010532
263113618554571
164724874395926315326643039987
693474303555369616743858967494
91167727425190304537960429556
-475980725507784
730031769880984
22187472287614697514804008536
127686122551152547840368163006
-314688402777002
1561537244052278
567104642041447
876466161044976
-142721583561300
22403871990597
599455375483232
602659326569225150610048323097
9391516068733023128953797804
451089266128821
-668101099475372
230602539304472395264968679650
827976606333608
73462516981681
-651255376538239
504800603988055
41090189991690078544296301332
978450793388614
418681270203980678608172797107
-176689958366262
-138304852638498
427512374667324
646024202292947
-55202638048936
431693236496187426009642096669
116095865983622
-232622897077753
414784820292029
1099351092287508
369670026723397642717184593170
175190382432211
1113297882092229
1476200208299055
242043223459827
805519019488525
1384527564584813
1103599181948195
26199133434701513583088453028
-637628415795189
41707473881541500835723979856
-749615367128149
1032375932621355
-229291345390030
18732840332730099716201597058
1021214269404498
179888199352080
35653677399666
292006006242391973740614134008
986535920018790
-115297895038396
1575598820258699
1102244329500824
505800496656821
1596238615611689
76437205658060673907972079262
881218690522721
1765743095291071
563545933226192
204293021676752324234414043489
-22645932119523
414667774100471563611416081640
1260586303545305
2604195348490365287123591208
468455203340740
1288422929881188
45591625055256
-631676703439944
253277975734922153092748202206
120299813803952846788416996220
820915253981139
86875023754912410960183920064
433072546522236
359458968175099
-520989925219093
1612066036137114
-135657850060371
740294562950978649050797987473
546685373659212
1091538766352368
467271008553879872663034536604
519320328428405
-592112981278890
1077078551106815
-430209781903933
104363388739370295363161945915
-329582900812890
242952058803758631225183243000
594657141673616171437302797780
-26209297454038
1593840723615421
915346863397332
6051869601177197696945788120
-552963067739212
1243695336121797272944009912
39285107069260945893175985364
859644989965600
1003438092795827
408398043319252955194189898752
113300391859849897067030531616
1080075944007912
134156107514607
14019590609360153964845711848
305928844137948
-745640212785026
465452104420079950737697151377
712846908633055420802529581130
178361671038348026203821434976
1082084854877712
1368310550980308
1554647802073193
-590630521970734
-223342545445785
-426331042037417
337978299354907
701872323442069
-134369954269164
1505278015014048
756765896028792
141254633797592
99602082108191550233489025900
239078412681675605414838652442
889617004771018
945321623652805
1535863809420725
46654354312662496211810068404
280398298171014902151972970320
1556434282582257
-655832300421073
509163274789622
1782101699626862
657887840028269
12596376403462392226286332316
1018082773053150
471459928519426
646233734920333857523842439824
1065064582098870
48785086154375303215410811737
-424131962261466
-71873245935406
393488160845879
-136129002866811
1468073603461936
247377790366740
134142795236071722437222892118
-553735613115235
117064971122582010259058255835
164166720327771
372483462277544640204499932160
1196063871524872
-115794649471004
449489884314273
0
