-60808630532028
844194509518642534930488462960
735629550565013964082515823924
466765647952520
-444781026854941
1351449881517263
103404347786423
-633816301982577
-240198385524774
200488037798215203580907806140
84797074131665193872471654784
1110408143187579
-151732934501764
11332078560463
232611096652874
-22695539394781
357943066182240
-123671090393067
552254676323585
-168983115881912
103844491911719847389692251105
56187896285463088504231816173
664106817686830
949809403320421
1312262850980672
-312241058232181
-589517593749226
692624556119489
512544056734855579055176809460
27373180336881543088012540176
280246267663364
5513379743462082164481683919
887861928627799
169306938604834353176079946400
374228410413787317445388467911
1549182129801762
164456972620763305779307885790
106245773798228668802636899025
94347290633759
-916603737889175
48487477208688880657773373566
68606045642858695819131614640
627266355072324802891819070198
45078295143112065653093195808
379047188099170
896241306889035
-281975978261670
-12803648799286
71725215675378734688278581465
75481577498485
-410640870352070
98551557910426
900525671697528
1064704652861770
1284939838547199
306254031467477721781927294565
1102473700099633
87867795996745839858219144510
800048399577552
-76086952727116
68161873625860645139173370034
606451459780426
588212283491849
865694857265940
6577958400291143818847035300
-178777643787018
505906130456750
331695335903622501367072173780
433782008897287
26502039619753
8046977550346131846782248804
558827578885361
333612609041628
290412835809182
-43013546507134
94536578787163355873035562670
1237507561269312
131513747629365
489815322650324765908209582815
1703296757558807
1495979584871747
367815502001172074962429632327
25969148663425420100089670784
1619686898866464093117781696
138912287475402541161844887286
660617581139505678018551750256
583730120639478
407899709814724
138964191519593
826484533665510
396874972352873324407652673814
474202878450522
638523439994980177300963792282
1619330261505901008641278040
1027451585437590
204857139936248122953633812100
817141088653166
97601564199944777091374972808
124648963168794
42176876457531987015751302270
15960591937886369440144428192
1550682639728644
386890147344978
221614411513905723924499443561
1220484953981163
988224611253616
29503851252055684653958823256
-960678749914067
123413110012082477184533494710
243612247898102946935855995629
90103507000811686186647182060
40537386811767
205291859950091
484279635638206
309243327807034
361220342190944
35001967882949488663663868910
448286461930829
664001509333729
348442043720998412120082378226
59808153580795071679075912995
429331797185027651125639971408
143476189010049458785498887380
440118022657583830595848158164
510065505943700
100810086193649177871045548832
142379288853231
0
