1001801031104228
-165884335652717
-196772118227036
1131402593169124
404406798674155685393615751852
1444317872024492
1296723407073947
404533245590857011530419308320
1866464489358115
221621582439846229866494976891
349187782918665
564836065832641852037671023972
-156872328731826
142093361554440461131757263200
36591070431435328086139516921
713215295983967
351396917216414
81677774574748179428724766412
222797862138416068641075656158
647238340538287150325101181481
1279866142602666
51366835155025321873692585975
387564989135207251383390604320
-461382341868054
556211918732614852835807936568
-75782247997705
334270062917684808983193008618
260985592951502326673998681925
230925907784099755499802981664
73155401811747393727413615120
676164549202221937804617527010
1697943450492432
372997271222526277300068680368
20078778777125
-459631708939046
-64452253619852
688513858270079
153472853527852311522771513840
900355068066793
874266670408349
829777452405808
-803091236998493
1182736206262415
909543296404856
187261034354784043122824971416
292253458744899026898508676128
527891244378439404861012672115
-44540042048200
-330960465829406
1061716649571221
226920144176667
70399899329817
327407188955117
337371284026268554948926739190
101707842129451914253197791154
-343938176916294
526760750380808240893593930654
135257993320698
-38339290362416
1458850383710544
278137764320844
1189618496138805
832314791234305
301563330901368
138188964529427
980119286950930
1205386896479804
1679395580916026
485675025937512
842112961186366615764038870454
212423409965769516989546170330
1279426278324798
-230842430006496
562216148388703
-779779740163093
267009763970246
648135337604114
282751782040750283412889864020
365572321825751
393011099847224
751695809523214
17081295923392006634640622080
110666570277063081100882849857
-3227324763227
46175224503145
698930937654304
1079644217067366
-316246393902007
1256765906427284
1262661895733838
314486960133539
224602484425780392180173795042
532671277353076735013267860460
41855728201936
4613316249212128784262897234
-594223132521480
-231809782228720
1171422628122471
334979632364870101829808167184
1507199506437465
-30597021211791
292406597206417665356075945280
1380229739711466
58910266973522516973920280640
549964059275838
723883172492022
341158426632722890532314903428
1704747975288675
122494546758469835544854884944
647727730054798203667190712280
167308991139158
105901734511101923384418215676
291167330718149678051300149680
560596592866899
568151142498238873036511063090
-617555355354753
344056830325066910865004401474
121961560638074
1246899007537822
59024450822818654079605632591
1128446761172772
693407952557332
166387144013095736650486759920
116071711501874
1744068210769491
507533234809019919451366180008
203407383983492467755231310764
374224780194257
1617649151275513
464555790253745
627867403402170078835453376
1335691230852187
-339478529363203
4022
-463403930133017
1277047257289627
462896257982039715348064279744
719980951247052350809390728508
65748275390006
231357059381738
515510161662150
544992591737931
261295504536239
364065519142065
-12340006974332
283773188416086608831919621360
329987966309326
83033075377836
-721055051541514
607267586909908409752927797843
919527204616611
370756880867078528516098211790
265833661338918
775627890814981
212722506145908196303285248702
-111743376188140
5652153123224485663276059850
792304225506552
-487779070968716
221446139209072308280011960984
-242819202336617
1300831546990068
33432362953878283145848158432
664017049633694
5770491953056407057574410408
208189806816453911152549887820
91134202545521323496118895800
1254953556667556
-154616530724679
222761432791506
17600780089181983050846940830
603376633500773
-221240302335621
261631890200491956959559023564
53011347687138
709025780235071
97673247847142956431683213447
213004909070623
-286604564189187
504002731964107
11295590598774013307459733728
1036646363349886
1342675730236491
80399539306208790817483386298
1427372176362051
116134690803820
37042618018322466171197992262
-159903871911414
116030116796646098267365169440
528181009138557
105985742299205063176064480654
-473285528438074
2116610035183944051818233910
1101651756947235
1817186033287258
60657865836858876967663755783
1316293158841402
193959391336559594937623192348
935873017986680
-554530857981900
75993816561688433810498714676
122726695985553
100860854941753523374665795991
100468771794903832940744110170
951933625901977
-305534275180089
544372029400863
-54231604537201
638832336876878
523926000775226962170277666344
795846529117011653175170419299
680281079402203
-272916904245591
-407020940955950
140545253065237858115703650755
86368386200051564160044254616
498650982187378
1053405839106236
59831743849711560485629160598
-4478237654679
-421648084114699
625520257281081
-172453400357555
783775117027372607426170680370
4020325019098527315117952640
4492216874796
349017931502662057249279972845
348202650083423824292771005640
595298576678485451897131277416
437403044011983
396117715231455045743042656857
-639080334394898
72508954719087646659923174732
232439773570689438459084815325
270757507209068700047928397314
516037514050936139429648775750
81861116116101975860106709440
65363767106070373990060637380
395692557088583
-217821887821067
1208827933668406
652635058565343
1334065077754354
597250430425285
596684725339436
-446609445944281
-262602747825386
74057095585746226850079883364
-550668479048868
17131907859991596153587919626
754071239368925
267978717861030
-202976021857549
321174266475043790148450418290
71967653581710293774788364248
462817597882129633478269279432
1351982284672118
247904644636921
623684157957964
398879919979257945485415454623
780257909987742
-100503217840209
751091678559633
774342665050251
-336155923117587
148054537086746270484008198350
727769695610217
-233731104011831
312937392842583122006852210367
1371287158446857
-513937197679687
-73074879211136
226167780458334019132252074528
22567110568654348216190233878
134515408100470018005147044988
953985895693652
44375742248763538362469251840
631603557490763
285860197000372
929481768990579
550639212896605903750650275887
715805772774036761249082029705
425037826496401
114050029240252187711517241986
785993047578051
1061349116816424
201448404196016710157233252878
616275028276641
671879440355319
107470416328980480105974042518
700766609753535
1223712654446976
-305764127908129
465523290193720764587862505203
670217226501042
80640484255104195278163844584
127006526675552
-735587459865516
562769010500579883762588463143
-22138503451196
671732821909818
493588648983027
409609714017086581884453400680
479353024179362312699375906278
916177118405355
74031648258604658762834453914
239521444592582453104764558528
684310413266198621352523046220
369301107365393
200386566339849162727969652100
1517308933886786
992908786480555
156632792401381
117863761075594727607952404841
569584363769281
-10397317405475
493959531249740
50353121077756
147828583757743976356528411250
1278540887219099
573207817114952
704974670808433
244148179923865030691412923136
659493579377186
188283694943997581837957778912
431092837414070
357247786581424020234573914748
766551488759536
-201679203378905
495629955268045046047217068880
83301814275908360094724297328
480947494372406065672081978896
142304692141327
-104755603593837
1179020175322701
819674594976824
405777720105953
18134134583794
-386485015501998
359466712799093
883501644828884
1458517517045446
270149477356383679171729078400
-734358301334776
1306256426870608
161413389494963
105322158854374
55858497107180
555624121055272102669149207300
897656205238764
3096229733785
98345997730574
176646139346694
94835588555982991763506730281
-244785083158226
644711233393034
87314141850751680368468495976
-469392563061431
294445448932231
1585670495303114
704282879528082843866360193749
404285196632388
1239277950263570
723201770573213
566788125177857
87684171982139
1245511831742370
48740594416588942011136269368
926725132933345
73997694131843
670179697247446887860885257052
1133387586095839
79462838935419
378352181782130640196561389980
906210447530727
606458963209104
456590664138624
1080665886559159756304704736
1628773781996702
893788243242177
621073346023756
-56428963881440
507501274493385
206400403210514281731453255072
427751116056131192199086604832
596239510103206
-735812653706026
-201539715899466
15738205143041199482028038980
-122589633680140
626280192108503907684055808184
391075295552520
1169409426711306
677366621968213
58697607811434665700194050570
893000072409545
930851823744528
1547197804384881
417014059703776
1004627817630589
-346532430086977
36517254727631585760159750794
246153816419293309604411463437
200132177014143
1377646765289733
416480734534408
1321444830623259
79155999929798798831448932284
-367971345180413
1115898023004650
-556031896053403
104673002872529
753508083242240
410933716822875494369655287101
18743470549145
6472649252426907993146127326
-193333905966682
399464045723526324386156728960
66148424845875477912753323352
467046510939959
12589093890535942816709508880
8105570038008720284356124968
-450695649984037
1146482629938322
110079123753138771394599212835
1146021585141989
124174861879944540095979597944
265725747613279
573527693926355
-332363890386925
-252622133711403
1636195673153645
862829892221165
429882919330043497808737024526
-606935867257890
1097850158664057
451695102133284610607764693680
852005111801624
1057928218927745
275309721446883980227269106154
470160120723913608658338293070
784108396843578
73298104080862
197291307565242500415753178180
459071547403417
1112702765421128
892906509078164
288910161848485
960463628032611
30763006774152
109812800747290433509519928180
-79768544129045
211627674733204225600575175107
619889675931670
36157386077188853203299714063
-646805108335076
523231932588923
217794098420553
213107853896800385505392171975
1794293262649222
68060207276329
520063234023937
1346336828476247
-7360073070080
503275784998640
312369200116856
879562301924853
-120283166496267
39523146681159
-893980081442330
-100705346115170
-413812192446486
208446471064102087216837752000
-677528535575260
954622335615053
-44933184868570
26566321014539251722548862401
179337362727586056672730532547
861400332639190
330422810163702870547188646211
95640470965779633948173886536
1304990297802306
587663905064699035711246048800
175015285608352374586065824988
-29055894567618
281837676683899064558877415698
-117900330763291
-45355260312149
109821742009667
-63071300538051
262472343459605031070756794943
42420313953341210079667262204
1040126080029482
341972213872431
186152696093078
1269522665029927
657671273156342
463629498002926827222308596455
-141105423761001
34242214721717335341350525040
-566998929507612
445004973599123
584368935142219
165053435964724390598370811200
1310167366824919
122124726221610856771763211840
1855174523105415
298497535996653100448578353500
171227522630197376152459463554
-91717647728901
135440671706739033738543571002
156388871177128147006834952013
1296722364612233
-739772120018372
1864788116950490
653109657495904939240628990175
960894959783275
-390405894753072
472447580475662
1159651824320400
-297521868218947
291723746086459
56101446496196786003573348206
15970246580030238248316436348
140343915865138648550628570411
-433827456180029
362146092171115
1409885529285191
90500589800962764659691912888
703565032526140
-16801793054826
542673034151927409660545967050
1007981327672695
448444371333401842293898559533
-239812596596819
164224082207869
86941810867552137957625992639
196265089505806679674072067771
72960081152732274163908235970
1524929187760082
627221079748897
1434063244924674
-814513025318639
172562476603878
1239481712896665
868540393240761
73750702593256955035450633056
1030879097227324
81749898893571601176399012116
241748228882161
497035922196758782828497884086
612254236957911618917352402584
269587061261758920549493737963
75643729572662
1590322228156284
382689123638694565371436396280
466360055142161634604942907310
852223353189741
271119757146988979740118539680
917995004273166
286713172690663
244731330982725807283519848756
56269784020915251373459427674
569271243760900395004366692840
-405974151469072
-245336236159347
680423332280179650504790408836
806813018867951
1037710768262437
2725361762155883626298764752
554429287342314494708334822250
666710231199634
9652320908305707313451801700
1142254841004623
97171141523261760032498410746
274212220099804172126951383090
46044143768462044458438679452
1489530092986971
839999225948955
273848001387385563775949338492
82687525200067
-224691180442048
-466498687708882
12703201044614144963337658496
61642127368338121562480929336
286838925498518894369053341870
1800542971825788
844808140810457
1466223489969034
1045883295481492
605847399265972
65349772251883369736276119770
0
