177288827416670118744854775276
196106869479328808628888308940
99230205387509775922226555210
1593394133473140
113734358570682
362063329092963320823886718610
134864878145912283528308638214
287247216267808
393193674258363
-304
557689658566837
-864152098818236
1206215477374723
225121780393010
-29580566481944
-752802507714947
912781431711169
702090815106240
198075960175586872286424396649
838625267309047809686599737765
1560568501338516
563453605044802
252673916162363497766217710044
746569742058241
588558164537396
572800976949552
1184636440322260
1411114759106907
-765064996240009
712360980656865
916338922725795175931662320336
639819571527032
-235847953012921
-517691590809077
238439682379062517607260122816
-731898875595812
192193473699720871389961764786
9037072755893054688949436361
462452869481724931744473050176
937980627040391665228489262504
-673124362984623
332421017867901738535362811515
1862878221891827
1285608682840941
620189310517629
129869104145710408580268076480
1131881597929148
655477453572604
1165180226243516
-506412240247667
1347525225086771
698272629370689240638597480160
79186519204681609972596114398
7117927629298746829170627448
326573559952118
563654733896038
831941657104482462508262176
1492572000199017
415062120905840781696905224554
1196928752561159
-672712668089480
-376981598942537
37853737789606249050146283576
-386073903914156
949775482255270
721810223761139
241523043079329804260785848372
478483789265839565331164188227
632711389527418
305592415068176
726240772928629
944029350518516
1200191476354695
1638597353714930
281640995857843872214938857550
206993222487000035462365385660
206223737235274469465514259100
226809649138608
204376541240792
253997077425158971365349696231
1443530065675714
33790473749409
998184218111316
1397642815468031
1289219847714787
-189322969206061
1295154931388627
558875386545399220559680944920
1704190160022037
445920946636562695454644994985
1955769869741081
3216112258160
577752041132121
710415642849601
225189139336760036892407918224
75848460879110361386846613976
-286112336936866
-391333509177675
1554544767737083
129694032375387
-846259528295772
220052232849554
826163828068057
-650215303220585
1900003942071756
1025901153489797
-160081965446603
1528321651622530
-112839355619241
1560947504552001
380191765237193916671448842688
477407040422153
506567100255005
35816785025265
833003965742700
20784613936860130763611821320
118762420999977
302940235984284
646350595659320527298984086725
389682766063855
337201714681380716955327778854
-766069713416864
733624432041088
360646672381408
917052862994214
1177562450385798
1058292769037626
21752273124440070932484758710
162296672990706
21317171719391051312858848920
542214270965774
871598774116285
424978080749686
692219955417402
116662266079910430853108340945
1179150751304279
259117687280117593453747119432
280468201672496
-425910075433879
337795235014063210855806623790
74545093841286858385444725782
78455673406341405891961962000
766778859484082
1265138836603836
1210582080742601
1328020492840116
1664640976819933
1486320490095515
211014313936402367822192440236
993805271404321
7022082781501168826050354341
508996670736372
585484608067697951037208658272
556969309108501
79338811676757116587022786804
1814427759928178
138120945029629823141767955700
7189959569095156622624607016
1013964391701066
923498455881152
311998227284546143918234920063
113684572671990
-558163480797166
636799911354813
1017016087481592
11654259159483320082139337465
524036197216086636275426263647
1514080072599813773252716800
24644233184335367613900986094
320330986065215589781921104000
13822410043233566368656058782
19911709502368
1086234195102239
67207060831735330341255368802
204127119775255
-515497126551132
514321452742493
903986251605736
1257914066458544
315040695996305564966626914040
606436282435626802659642911901
350236719581199118446257441004
566503383370781689158232474677
253823389551376
-388207561899356
-355697618537366
536517448382735
948895836064592
984211122839548
838839098284426
-104331019219044
918948540454272
10378654498649777161351084792
1824007023860928
413672783274911221823455243648
120166530023451574012954460255
738199969893967
1096853388809476
213495052838550864791841942195
1065564815755591
-91465779390661
1400600075377367
298063166942706
-268751484900457
118760698063251560221516878352
2700236589825947354604423685
484410200079818
317123958563497
152517576705633
206873393330294143619798717400
494468758193007
33506847602094544921965364830
412668758663262
289949501299082205921863664608
30449457548862560685572924232
1085536444850669
306038744262950979704796176484
1133241734996138
37006531130553364031094207612
783206657667694
1183684801185187
964423709101270
526997701466011
222397838446977294170285292480
626223944544725
206861417899642
-56983210198618
904863761954152
130194981408925
1452900516257363
102447434795140711804575502000
471116914404671
573078276156842
1768821569934875
1080714189234424
219588235917877478035062626406
658465116278475
-142350843266465
-93526861101812
154140589673340106127283482085
956456033451795415497322783635
781583818837253
564286976233060
1254537038891611
15572613289946269679196583625
323562419282392038463044376010
541745681190744616303687382490
963837229908063
681666803484025
103038300383812
8068811518693171009796452572
57982592830812960713603082831
308961337781986660623369455835
1232885560191629
-225263635172608
912441848867052
-323497702412540
17643589204274529226357084185
1302580005815766
68772688758819865619073774668
1458931774545219
751014991558141513216480818280
280526556241390022772495067676
389516211226600868469374633680
-744077087006339
214520921238346853433236536128
95365611628314
1171577568171212
112549849758802454783505766453
-172329542993965
232220608130688
511918759132111
983158543283597
913294188969967
1294966800513578
1705976730530707
-479443023959122
75604782615091083560303145666
395618342824582038969887869888
331580544361138
593507708704994
346763792539666
28698840695710
188400675602034102447885319698
888399346591278
624915767050747192869291101190
1988208647676
222610472903878755960165304545
1063627509291896
-117646379849552
1315851684534457
400402114458219
-287007825880276
8604601631029207722423066732
1499095776710231
103186121963885700132605334551
1498748714969188
72189858214728
853868720491955656500375473180
228306960011819516645656375830
119805540245596303218375274562
535060876630061
794432948365099
161213596008285745727252919242
-239324965226740
-52899741485782
-325858306292770
-28681009592060
181364934289151
1051617224902326
1038849974056825
805109852638437
116900870583856
-113094514984112
168008577772128
328942775087216865547199361948
50712375394418
-236898357800877
805748079839123
1319531562426914
22358001890467046416703436810
340646317882191494260434232993
-367562176449354
308635375735806890274025274389
776887393832912
-314605066434145
-17685661422729
720742619822817
312940430555075
1751191828554563
303206941630539130262529910901
798307948750781
485853063110463120953192552584
471476883037616609519367776764
614229550035823
1073000715545655
266917930691085
628112937206238
1014887669813932
1810355873587143
372388829512771148698645063066
-96013138308337
427213595555118
302259862421266812236905293696
893411129774180
560528807180869486558043199551
-15159366488188
310587173456360896323312949755
-387278961452383
247263213928137
449567878143624
165544796082745
355635325518731
148444088825998404067948226000
862088722783623482645372231592
-720026892398955
969741382403763
871251745014975
-138013710839184
865397976161335
133058301667706070908037329040
138888073587774495175620243381
209121339984500081567889378864
229259239761141819743012392289
980635893655484
110652525641986512468939642403
-720215876405419
517497384749334
-430891446636023
406882080708702
166991128220006932713057176738
-679610031557455
1606645717014964
-146502920069178
995695731096998
204801714082232555911810661672
370315428097781
-140836304069162
1299072973944060
146378850568030
782438341165256
5622844071557857981634296930
158549329195830447685047098566
1000792450498718
764592107013593
967677826824828
-269307143659873
1938609994885717
222892237065833628760251644625
986456750559890
710801272243601
-145106645509210
767596772089323
-225845861451577
-530391496413955
-529543365902686
-585538875673048
222561735375017364756868467159
255084898714394
273467910924823270982287656714
68562753338395158098717316668
-758612735227027
307806485937179371477994496748
1071761503294458
745343563012797
644201018846713
597996149931092
863316609947940298629956225712
494768284475088
1062016348123455
221011355804351592173010529034
915323368576525
158074049408974243918255281958
1144695020489797
127313696930156
520273538262669
1405114088990770
1359267799502718
164372283870116
8164387133069
-207154810964573
21975071619745468108519601824
446002855162452
90619169636234443588815504840
-147961532265893
111534960133864398463409908449
16703345723179788617050332246
64680454663051648500843563625
84790148806314198598896184999
83887625347621396312106115636
922455313748604
875597489087124
413598453820509810807414280047
109087138097230548611303908886
253597378393812
411550068635902350538947700552
-260559780171906
335503748428161582930889373250
-591798586029003
993635790099042
612420942794499
1572560411135336
356591537596070
68644264350074517763618037765
69752675275209
446968941099143
-242409617955994
153803282052610008792696968622
14040469224681
-489574969716505
949329608814895
1043252582901945
-309522587252460
173406000789887913672381966720
224006532066363286924897680360
635849338219912417276523445189
-289328801369108
430997772240948649723409702172
577125406511500474546750984959
-244823537697913
1103855539097162
990934051849158
343008760405953
619641053540137
18279521777841901904177411536
293714611801125
-152409362052711
570474128928037695617622983862
1007518465962296
1314672576900026
228309004035343
1317472423592551
14586073465504689552676306200
398170319058546
132891377733810140356658951218
23181562965306266544102521227
502861311579119
527636944706289
-166526471371066
484377804816928679110622254322
882867947203976264083200259712
351803821919554
-208528579037635
873994362748227
-372250144231282
661444277893053
-111132451777877
208586434034484
756212706501276
847813053372666
33007560470048213586354901226
838222131170720
217914174858502704515904545000
-118672605719226
6366070445227948933178917640
-324892994047253
-704778811581166
105497751096640492386549435673
1171064904667234
-660065912434084
719855740329165
1005780049396138
414884512309904466395059060992
828386473507775
195331465683706992904697019504
99854259506770
302234788360877
650382063913593
1283519908562082
154369840969187493449180006808
306751672669218
305700456263352
1178560571808558
543000495658342
1654997446188103
114962901845052375667490057680
805533863331624004813304131532
125765595061963015450966207554
73577915139354
402408880523149383636698697012
683731441342616
10956779530630
700051801249968
6816889605366337240245400605
128602726710930
974972091117433
463315051008613
-158640143784365
-222133693540850
-236460442410997
533073775733384
175994070596160
994505916395104
-356619333216901
531666487507979
742438644489067
56054356317611962668140510408
222276126416572188950343825078
1112597215054065
95983018588832158346045570428
1572650756630621
74286058372621779953922747402
660825147147701
19320378109068258357099789328
-415699229399795
887729893220106
-30464787328777
-495218131058962
1159910242983800
240607500635437992186042528688
265604564762246529941350308624
703552815546607
202189769520173721028813174862
-334404115346228
363474660643855607921148631584
171736371471448870215811261188
-770406699556784
89277665634193133786714310840
985809349518554
589064121267500511306120238252
-375473555240600
154976820662107606797910248844
296800592853779
535453386795250057258850315469
107886575120572765868452633328
208227083387791968470428623476
175345262517959194349945583999
102840799834724105509128334443
410530878396777059953950525477
458020016676670
1009962775468641
912093190106196
1120612730735878
101982247580777820999666302400
1269181335696834
883322208446407
1045186477939208
175131679300982016783652140234
1354794027517427
504898715648219
-257797663968111
123385523172097585426751886464
82300699585153867445905622372
493638196231121
-711635918584651
668728787941757
208361837713957
403246554105022989934499423746
60504696109698799449153612846
458205254734652
220945891799148
1279120172197930
-249775902411742
514755562765109
283202658255261
-325527651823774
964120339044365
-126456903555262
164212937757971046282240638640
1054511491409932
512368010156501146007723398976
-220705040381617
1202585880817186
379503382209643
419689731423536373594631123232
1060546328736101
123499268569038187128493639292
599426240451719
-33219722257212
246689455569075885769622952826
396679003113819093962773435650
273318197738970855278318721318
1203572145807283
187218109792380124100175212273
950217888625158
-696339587637848
44087953242276064188262239132
81609429898995613662481892360
-358511607287745
346702797430944614182489090927
666951652265438
-44882398996742
1387047540541344
536862560078925943785110972498
201563022223564770408900345170
611023001580707
404918575812971293410149976912
476758858100177
1212727695095128
9077975480165
342515247104877
672151497557339
1420519936586266
508557206090870
-540068158017137
156922905164811636101767070716
197948830193451475382948730368
636225716444953
40915605511286931269600035974
1078797543780778
559215215821166350849746051835
1274681928173173
1667172680078060
6213444533358252244381830900
53342764730794
1384851954551304
1009867978926782
1242862627161075
35436565750027941645840124773
866151643321686
1178373678232294
57876472036591514292230184634
94558689354102
657619314463715
1118069262973982
269096727746689436305174464732
-220172885066707
1146386357513194
0
