392705301838993
-758321053019339
365326862876285
439708087182860915713751299592
846648642669698
1514138662136367
1506859196454131
-20340002023698
87523219439621986608336795347
27710638750333
-419980317753147
182431806057785766624390574482
13141616309587081293329461795
-681715251820429
559865703987356
806877734238775
45731102750079583394369736936
1193483517582666
447684266865645403612042383558
82298799474089304965298227190
23812795125198309608139695528
-512158954375424
662855694003911750469981179615
12776122557180700721496217455
1315231393807871
1813085580841638345314046660
893824052606915975759238476762
57869766930298557091102114821
735998417578492
953248866658320
1448348335742822
713518852665239
1176416098098853
1079385888799613
978886025609368
597359335846122093444087468968
-43105386058313
698782346494277685151877159328
389837037344688
325027677434207
245486034455695
13980974346107736987693837334
641532916662573395226984197526
1711618610121157
1344059856777508
350429401976639
907246300968953
332610241110282
745343397204184872180773208704
-233461304881137
478804662271954
375847166247195626705389036764
104647658469300815989189052079
373419487122848220852887421691
927788902779317
43596511464667670640788042241
291256439411245
88263158541982431840539625693
849514455274511
383224440167387006647186916084
167904400748829
1006395289700435
428776221307942431885260055312
337415206611428
1327761898744818
677547309576644
9258721241986285115885487350
611961063271968
-598424401157401
363846834373577191927142867103
667724512528375
195801999568054
642474621664922
-529027341211916
221302476010030945457250280242
978918498581296
144482346928070097463281265848
68556009465183132800464646340
520324983429313
739272105568186
564092358561983861669179198748
8508319790863731306431638995
569535857490447
515188686999368
41126737200226
400717848700122
89234168673095
268014478483542573379309271910
728803805072226452171842170188
250606020671822
62707106326100895043292022568
14995506444450
-157390978282014
568785936431616
1448334878673782
1243795593813053
20047177156340864972129352210
519207381663578
563743311247450941351590114736
-139178845273818
551926646254805
72931294339325408596653265798
419714480420115
298322283194564
614848317386499
986504291905868
225837256092754669931406769062
1475514620305879
-334596384977638
811219751548822
430660560244545127181639325063
540816015085820164026270218578
199306372923056950483538806527
441626554543775
1254038436687055
375895105321069
-289911938684187
499159803006442244822076185576
528475045311900
105572062029269562242345164548
496698398299339040272185863112
104091385381125198081648761244
-61395075216841
639080910557826246912402847110
-279851708807877
200719353348099073442499204880
-223519313031958
-54742742731758
221395770079602
1396167506215839
45268267116780420057112803800
593166379922698083781110151743
1032256493004299
612451788748114
285135544940010221148227386020
1284173985149718
-87164205773978
664412571406589
356860935964955875406704843747
390061981151217395544138813306
387395865705486
957831891113581
482342512711044
188580116169749
1329055579585763
1066627046659114
-314386936139055
626164754613068
370585955548552
330817478990794459518493536120
37576401865884277225158404910
683121313375229
161339315199687
213307423472416305164089709911
292535181419505435588735186750
457492897391236
-170261988838374
654730645365308
1228351460121702
17621647427820092448175598448
1312815577688475
340078505064937
223123841255007701992271668000
242797106035271
793802817437799
431448785629268410041211805247
246535533392978075617621470220
259048356753852
1797674253560173
1038283985630242
296741538207674439981315754365
390160932957371139415984749024
-857279791817068
1783820744762203
161259920013188
392356931939092062858408899340
-2675191063190
-302266669929268
722931193282663
12964493629253
337072573408498482926567558897
36697242867002
407798702417072
213341364442198
-598515967010134
1279654980631059
46417655940629774725957488336
140508109859031518519762730543
23914050690824321387234175489
1575320337172418
24478424190845671738048883853
-89377049831416
1209300573000565
15819510193111146503053370736
174481527935992
1039672951954641
486790311967159712471382048227
144296127315238
229613028557137492094504014572
899684397370524
1136443481446682
-545405473664695
831919356913595
655275423591752
387224606076102400496865746625
553029647556357429767317259428
1516669462133537
-286590925569987
62274330123343136297184500520
732204964596841629917437718157
267734639702787
29986532507026888975865188170
490555132980195549818249961971
12894944580099
735088036231483
-62530799802976
130729274044443331221728895618
661477163330821103248045168182
16514372350141897971706335678
736594975579488
685198327819156
135389835229615
-35373035031147
118659143188756958126388013435
772545123446530
324832454135520
7544558393213536944224373834
1168930719377787
303067082477570005102493756270
117221682516535786676639854586
521850854151055235896063007778
888334792846800
-430584471347979
146173676915552
-125055510969634
1600317324096476
3875803260480060468388483104
1659071786386095
104125547796115
345527814913226742558004568666
1445728377974623
895254409972201369101056359635
0
