390394507863889
257985201965140395804918727548
1814683678604821
-46051581469327
583890377209608471113815541550
95694652550096461333717631124
-687002398239064
-83440731353951
1481332378804852
757531174262450
126598690777381385727460522872
1744141971161629
1008182248695684
338684081022027
1347514535534170
27146630396607657946183628576
391831991730152
348358751246596406735442201822
-256854436655749
92149876112616347088352062760
857043063892560
242449437232566601233648488735
331855284058938
-717570503905567
-99346749840606
476683889932561048382601887586
326637794557783161501571238240
1608505616985831
-786942964062403
163159006766342
8543515715461831256785417610
211150415361306140448263858108
-244271361780539
441308904794896224298554043536
1556200004031450
-118268565341472
792612545405493
440083911110194662265602932155
927232716138261
1320809490368882225527600674
277629681845720508836090901720
595253474957130
771543150773904364965016651350
1350254513288631
-326351161701465
1164221377935455
1023370636655150
123425380518935156843981637865
619281796179079
-204472961089535
717377868899654
487126022921545608203299426440
1717177271178809
57618064298477654793818088636
621971396436129
145501298886177213157527837788
76551243679719285920611151952
201100034636417817002847334694
715432322946278
141392266781300110551096875080
708724235636160
375827572381865964070976682978
-35081161159926
913007974302558
1050665686309224
1376227776296918
280965624518441932402348121934
66779671068742597733178301380
706296432566230303730658011280
574740884086175
271632046746233684898965460384
120932524201929
440328700732988248936363602392
966797604469324
1391766447144487
744863643034311
563820216925875174278973256920
-13287215642062
-172152537686054
96903077954470224185888615944
1573562619673757
168590867133952744650411298980
-431131012611838
821011547049977
23724305600394373602853429218
38577776185317659795240446060
558966783360863619072306169755
130215897229351
955744800987464
192136855031223
-199599980683338
143233343006951554278996811950
868093108023886
180444433716566
145050586523492
614805861136941
20608154951321501560966028200
-853288444566731
1136545962088488
230393723431988
1143586651286090
-141469246960419
350159881617647
42414143225128282770669859524
42533574828315971734601661210
47137074803973
1506353783667853
48384850121442
876364086680226
80788271835816123200858463330
979133907523997
111455324649061
4165408446737
838491392678847
-373178598821322
591577024757161759302344093610
198628823482802207199631000144
366834547067117246615740877000
401996713148950
698173558100477
535912263298844198859853544
392159172852965395513349140662
1023904864013695
445223572496546
8703063579205
103489240209294015338348171624
179112802929461137539896339700
1512300628270639
501311926583687
61377521564791643489842523640
11248187020143651834608657748
1142287702292845
569354458228774
-244571003050504
154749202127645
229552156823545
890045694191595
371775085868400404274764450120
957738550584639
729574736575143009847184323488
-3232959452435
1084908594731078
773921795575462
-79880484966979
947222388691582
476026854891456
435951003036109
-265966303274183
1123855581180537
678493653238773
674282745892144811155671884100
436472577460222478755044257760
605516628494491
-770170079341910
482922105925601569193097976020
857675633769458
472453284350005
149894090370467968476715658608
215744872877031298013664182812
335241717709944
-621692166937533
41063251700535
16143660986407
964847001679895075777060146606
-128087886257646
16790193898916602183661393945
1801248772437190
299531920427628
-203114864540844
1033670799551540
115422666800802346402580322089
-525909407881847
233739609339961
1334147795646809
926013380593247
-61046466546510
623048243306023
-66564344403318
-94584786431915
-238672491505800
1783150683773194
141945989660392195310101546241
1714477378242474
-462805048605362
50950847784891516335384333836
124345251396032
1314310416802249
243880929135812
227919824729186385626613365760
979444999539508
257339841016162
915487884176056
749529929668937
31454463877288035152976807568
131032422191861
384300058513290
496088464104686
214750665526265
1511041908649021
251193765268959
-284603003777003
46086731103538947607479109162
494972167048156007573186869320
56071496205116
1643977849910494
35576144557821316135893221950
-713177718162564
117077893312353039228771935916
374790535100339
982902836845448
528604287253874595991441507202
110385430915457
580620572377856
1518980407691221
36963455638258
1002235802317134
1547636951366294
769092980124857
465015082212523594980348069950
153926844821846
119823247201951
943979056362372
-812745049776724
1400063651437513
610559687491052998121040741024
1471056864714370
-545444375217869
-417070523144192
729994286213310
1264513467558353
604516336073108783375096526762
152331311654560
597902624169640
-288815016839977
-829600619667875
883918288102181
19415450858274
902634174131846
116757913597021728364139056968
515728998731141
2261596302843515364127247664
1324239115803455
313837190300502522554351502720
311765801759571274820649314186
-363650925396535
642436654330454
443405623187333
21646700572560
470384386318823
136440936716520963096636139656
-128122777243877
304517194647470
190464740176721186705068225225
677155137628888
682044061153540922832820370782
1278169302424549
-239918443904463
1092125862671875
-769323670216396
1011475011248320
229428459398725462742709015660
619220265962579
-120036468404413
18963694636809625971912806368
332128684499373940923663185278
91759555330833
514029464273508
70946940363307513751746821270
1142941648974181
240389384967284
25449187316158
943467666302265
70615663912726794309183273054
-10797354469607
145773563735482546925209362432
669624149539439
605619907296351
1364594405661583
190414153300782975463839123184
-213568655449047
125895135541843993986265724264
1121306005107475
-469928595202890
67736653627371
306320769963341823034589222316
898409442659459
8318796417315533266576854066
436033923213540
431024115038504
553666091955134
370206725729478592916274087488
-822974955720615
1166478727394899
868656339809038
1559510640733380
435337651682680
903499497369914
32509221977096510863749701760
642338910172021
1068203699148795
1073832612424812
-716744024301293
131740033381902166380763621580
953274410471438
-565971218232431
173043553870892265529573890880
581913232621484
488968795785182577643295321546
35512746782240899533110919076
1107652251551862
246621241068399476283735815568
-103185978944225
85795881936922904123011978862
-648486786741574
1164233995036724
1081967762768739
1028436109937436
-384985431545672
492256243939828790174417791385
134585175343830512372520054360
318948895819227
933874658962322
290564649572112
285623713907977
157034396062635846925226013860
-418722267166436
610524462436855
10005579668615604527097014742
597054143010276
320067126540357
504194256344865
1242856610680653
614566622527557170699164202820
959751190580109
782990806566151
265476291973257502327169816478
218870668218715391651484527734
2304382755920304254280584211
1940343946947743130515923903
1245008683107318
715025137338843
67703390994416
273616367213238
43435883046722
181682020113636012478178711652
250968315259525594099628744730
409859337454999
744102242244731
642855410133319980637859417814
306968331206071
212696417057298
878519135937427
720224865659013
-76553364397265
14516741107976574323105133172
630981776947876
74817894168605750961426529000
-45964837967954
-441875405523451
1375642156860435
1036000073261737
591332848400700
1226342558193907
149634899365484701663230336794
126670085069535
1375427837709430
243016340679580228520162455560
571800027297375
231913090776498742001927525412
49802421145121321215875929010
-544304542468602
136573042296633454963383111420
1165335943972136
103944457469035
-566922480368569
455512887487090
573279778240940110498724712718
-186120272481232
13659472718722035903581436300
-327617212242830
161818808622378348637764159837
893691403289269
15018254455097
584298165098757
961647715345242
-164102931060824
1193159293369735
1261212213611178
247994387053650
80316149025035538472364689440
576356764534703
1110386848673517
62375465192384638490364201852
879784219480445
255112964395683579498509407120
53517810523300047199428673718
1009473137191316
729587000372276
-331443840711957
198072620306851
-152695600685919
822126154913115568279482008860
54127610229615
153193499189646223912534003248
342429071932746056059695613608
-519829094861223
308376170703705
344477664289594538962052742684
169620575743936290623314939848
1345083678173990
903857839889197
998048350950013
517396696867494
804223542306525
811778660562955
1829738251759729
20361048328750
865929115721757
171843454366873836529704927072
18615721653930853299608896280
-552043512438469
126510150335864453054037142700
-609424352593126
22212274151755922963221363616
114953570329606049265625969308
103920480693031
1837886963404427
126442645016051
531559880515287
425279743456099613931436070176
74377529531234072222370411055
1141749552507356
60671465873551
377232004719787
-720584744603566
527203904829640621258779192096
27040745347169231908331392128
5324935883464825804148127060
-359262743552893
1533663234619554
-823789707672772
1139692967121569
86965733957686
677032007440322
331052415993098
913238842239649
111899856816176
81991533375853846440772986756
173357096948111413510390137249
456851706707976583845134933118
377693448232115252827568776182
1183401547237813
531999139813503
-43913708363161
165814734721757408327181768216
-149983462477379
12966839237950
-35268977679526
1226819583033616
589302028079297
1143815645471590
386814852366620544272248380236
1604912981348511
154262753467928
474131704101930209859729229975
-119283942270967
1172487500121558
314373134225114112100562974343
1197408731496256
517598343985911
17545346474093176295526951900
686518240106992
57829237157668120717690191008
785909994367603
342267804431995585127954128938
83531636186175
912364322143103
1707169371136967
936992737941122
1616916607236155
204286496274496340077378713404
1767275415299234
561374478060284718723250528896
26937761697728
672732916097849867567738528994
885678434109144
104099579741524257836627542128
114076233327646
262342316574633255992126574477
11940528171515720238708187574
608978439660454
1116146478697795
1053353193692696
-331637955388369
205405874857226
549269859908685
572865073424668
701952954098952
-83759397184767
771737295760422
93756245930283521689755394356
218359161242641477998108866764
610942356401430
291614726458788931985647875894
87141293741655
386455287107622744793973048040
339130625086650
103858104016879
18045648603027978290105142052
292154529162079108212425234574
491376319279831
65371925000566960876951287213
192265749207471595761626120928
137110278243802091215382594100
1093044328021197
1523304846086682
187786777736397193804814174496
24703011642782
1163019549806143
547505719903720
45101361056509
30960254534272
736975590641075
273908168383031
1208434279730119
738999323545284754787649397256
-138288225556791
300973725333690462691662249372
1038832145403597
348090100739703
84107772572795895038490046200
292381417406798181993089578010
455625513545125
1177247174974401
576790303251061
43347119933620784553148079244
329327372782234
1403439854506218
478048710240600
1083824298731308
350719487547835546969174611200
634490813619245791487096262494
1729445652422127
-135924572340654
-551353716070074
1055105430572398
186774752606871
327103496957584
509328312279489926187616807625
768872421918507
1639832019071540
-188149641767909
842047481231929540788060030950
134519731645048075620821049754
242493611564678435269266401450
1278697896571771
0
