642082330096150
166666684289399502898245874982
-712249212521785
126302928308133
-322459138545934
195992954091705902783805138986
179630986996763
42366810868439804402068005131
1422688482527931
37781932940500438935244995
1309192415917493
1121101057292053
6123429672318030075732754112
365671279134835232670171617700
1423751199374435
693384018474911270891271993222
56766964195096573307208509748
332035948795678923315982967700
264784270143823561034445323566
1568534097327260
-16765966334639
850302679874950
125936278324892881226366235030
1267802491478405
622846724087125980742486501730
295821537369768
928865879332307
239058646286643
-691117709601480
1368578763811126
407761098886395
745674829851079
-198632993708443
965276827502640321653958223480
280087145463947
1071048636654463
1220036276186175
94428912983783
1681393333580693
1480677721175763
391344358893317070853554272112
673330038556096
1629223195722541
-121858024265643
134559629224576666858017923328
563635775888125
649054676889602215576437670012
1255808430529759
35584770965996023802938786284
823089724606237
602823986404066
653028756424268717887354188324
69628876168382156830774071248
153730176880785032624965937132
251811697464668052406077857929
15585643316636594268027217110
-89983967352287
758150901685551752536119398550
432532238927455
469348660309065
-800208765251160
374926294505409
879720560402795827493765335218
-26025539250674
1022101625018571
34221362192232
195514571673476
1482359387995864
983215756350640
483696358914346
1214800322135489
-580317040441916
-146047826012134
173640295616093968741967425050
573754678599050021982424616100
280717755510898494877276428800
792593829416410
235969462552845
262087470200368172800469462862
96284363814798
835252695666697
125466762091792
279545290549455774412386392960
-168743212206172
1410344159201038
716211405547953
1253772321451059
1267383405923748
1266978760951071
218644234175902585716627379569
-509232108303049
1371787130815254
-755761564411386
1330634368894611
421035051365302
687457844800186
89371061511698239888210052976
161808601112505
1663582100964656
801076220983681
-9607896479543
-2043560912312
611113401831483
107122187079597339022414749853
152861309691362923809584492391
248943959310670222913992538025
260604750432738409614512925168
252192292871600034129360645501
7596962109465684945483186864
-41403344159352
873510651466805
527580824952859
-352824758409652
1822724784335296
392705670593465183646603252297
847184290149532
1372712348718489
-691026815742614
-321762420394012
1238193189716205
292520713870424095095373349582
22069786121384159026031495780
100785702578668
-178403694303498
217636191068282371840141089546
565179185745422
-132155514296828
10542029019701640370142418512
127376058048672
696791917397541
416189214707703
803350399874346
942372148785653
4091676410048274606050552654
546810614409556
195022572769547
829667682663523
1117878318910509
933254938708315
284688930350598469676401838295
-96116007778460
754705476191842
251126927366298
31502737526121001872642910134
217087068128931
638368583521371
1212338090358705
731254496752476
-236419305646171
1473051617828480
201560765762053
487414022642475751356775051996
111535426920509105025665581564
1152553464322633
1620465127481417
1189962090620597
584003541491364445346514725596
-182490436300943
616614204916496033003513751258
744988580515426
1031837602242221
266674647957082
1252946225262335
219307003403638
97962763285359943404945393183
482358972494710
208209500342447
1444698062757202
305403063806834854834694317758
-117140475338056
117335817206621186882223305678
1122848056946720
1151148869713877
157691644464713608758477125605
255394657098877090646433787824
73425388600660996807090092102
1242316327461321
365946364140049
-223397427804912
734541373254538
-613945684734416
-495642614660815
548738108977854
1475227329151611
185602591776401321823261146284
317548790711157
809199650313683
151192301825985821499108500247
777692544417285830394229462196
1910584600099247
189546966547165132830760980450
74071540799271
340899183060461
261720757448091460270030436782
332576772111759
604129696567456
40492272949137549511704199368
320486155477428
915895330720958
-631170281071798
421654989669110
170991981969917
400750224218878684101736310353
193943889870615
242649808443995
-691833709491517
178953739293496667433515441648
635142585375091
605842575557347
704253402350069382519841985678
77664604476002470807609646550
1005335017552541
847136771348525
-514205202766789
1800228440686609
1088833935156607
-560334913447714
-524548579366661
293891191718617220065055845344
629122709506131
1286090691844952
414103053975996
-62449775499442
835501334273756
-113521167031489
379202398674531
178787665248949
5427461175047770137157938912
279436400639377631110742349616
254815703291282
165142606989372
86364279922582
1094529919532529
919764571630719
531794725994907
229778851386919918131684559875
21392302338570371614937506480
341001285881868913688714626154
521692690431484
-314285159982625
15184358068540125724737581870
994118937249380
765806091230556853778031814556
60271417805298437011749340090
965130010248129
13465033522424
666127227001975
434111617652773354906694322978
399818743939738
-179597615055026
772061749516600
-242223275403896
797349940209823
-721009833637286
285317602189497
221949576219640081533069745800
95345708009181898921182815991
25427438114183524932225769858
-707749267413537
398539362554490565705711770384
35830551111731007182144189284
504088362338500
-119668943499788
189699208829854
-567790584671967
1047754022243926
-608729024289475
1709229981038458
-333135587311884
889738644569237
1023913836798830
483893107099231
593001011593832696959173764775
598514932868579
119018311355018
760233155346216805158841587288
760374853154629
173027006026165221957382990932
-130935046239278
43855574483957
958485687205854
991347379288448
575570440032855
199760687806777529897879719218
743528168751195982761015386652
608436997911355317473608807293
-475459512424534
260586387185310190064055799540
1125583708906056
562805078457354814832935570908
459154620507357
759556459334422
1290876243290956
283856048530010
189565176489554419292124676327
61947551145213671268834558774
282336126736435953455710866220
458325549589432
247973473478243103012263340940
1020713920913533
105203593010674
284380142457062
180952463583128559732103483137
37266214664899881118615868298
202042175601588463036913950360
261322780911291
295336136305655
443603890830142300231681984911
-719579758711816
897235566716951
1395490213527494
130221378271006407485317010180
245272822697125449108801616784
-411305112779979
366191818711866069183366233508
-532787714469188
-235394776866101
545315356619990
784125207068202
-592709681530354
240182030336288
1411219997938478
270020190744366
246755434607633
1463576875904792
19821629660368445980315928430
499890492009839940932597959640
1143754313092034
353186642432570
-181763441039016
1387486358463673
-487012206923947
-116038226091961
832181752719535
-195446203896687
1199046498676508
1061730479649393
238189108453667352906024681022
706507274240104
1227012863492659
384252395612468
-874549534803985
77741604081912865122413320527
197777549736948
-850860683439978
-514724516303345
-242549476672766
-851312732023219
222182212314158758414725153050
539453598964154
190753866725113
979325157420105
223037040574060
937863129182350
500588414516087883699940987442
954540445945340
245664823898671779052161020205
81488269560703343015221185345
318135739770655
72498768775440348127899381363
-289394461948409
1689552337744041
746077259191109
641740729296069075072812685990
1024100703471
169798771155109370818800647132
611039697263110
13326228254648
55186090910630
763597557155035
141791849723463
1584677407278306
1140116745438866
1336737059920748
2093041413494159209674554509
43396040773811479043349399062
557388608387118
142903275276197215672027275525
1023413621319043
640981932054219
850935655308184
668070309193392
257746470987768
1161306500116818
262709844868920272263878203163
245706186106967
369016423420550741801925210118
878360684462268
556883685757832275523058562644
730286762754047
603037236547016
491694340432749
-296465938565312
666329157281686
-130462620446201
1772554026606100
322604809197511
89689191106897940955431513640
404281381366183516599113323485
616627136037243414136696255168
322073642347147
276682620313185399467261296080
12620221988786
788607877268769
391553286106826
801968899420686778546606096221
261336153832883791986268454159
101215567467191
317690364326712130473856343725
45824947712220637340438568950
194495094640079
181445097122232
627403623770513227989041927723
223884885325311
93449973064033679363958444705
638298416805263
458653199433416
965838799799587
1037941057543052
979026757171128
770941332715033919685649121126
809102565216502
21187020185069538318170227320
375205412534828
155892349648314231980855980334
1975371615926523180565390800
1521631798173954
371320050477021
188198163502590033397037286900
758626684387843
-488363743313470
55285149866030174044561345369
55971479407360
578781011601364930068986272602
14991538107662672244011235012
117568857011049
635817819510395
27004420393493
1650355417606547
205785991830243072168785010549
1678222721103527
-340809220071993
2494989906186734773748921090
226289446932812
-395297912693597
437898268006819584416117829
184634336489530955470945245312
3629952809102483663082927453
845143481265803
350841362907444291676393176825
-301772648314559
799770793484828
104232626797884000572756973534
291705049904289314476604819328
1212530656378099
933605416333370
63744100907281746590842789993
430556100720001
235783498201053122856749274816
510029301795833
1460883680696430
34160703678353213778478234410
831904277855131436265154479135
1706921725212676
521995491581582
-114578960175377
531661299993744
231038217752720844435143859960
1583298866637856
997083033679979
678330463803948
3572894380625765999025867160
1328802891253339
56734563216460
314775508891086
823865358992232
1050946863103171
1093300060408713
-32199738232708
333961819404219232094377388484
1564108898004283
-19039746820636
1619631848471147
40692179166675378271337273999
53905967607422741662415279880
104254302306182285429083814058
796960711075314186852553036842
1718931853312657
559739440781797
-11893924112873
495890243680945
1052127267859721
15017267351518958105592321258
1615788225591610
883142472910721
-146395176903401
491901966888560831552202837496
628210104787906
985022349163290
698000303288404
1032476156125086
-222997492294196
1080220358646630
-360711126963626
23819502986967134740365070629
469467036248809699783873011776
40769906622101035121404624900
904717582507805
848596564279706
668596336593196
933045587553331
-319245930346606
-342628189890847
3487569497156760245633601696
376177041661009
1745384561640478
420604943258130
1640101999811925
1112806063975115
1186203509664185
110634621450053736034568082640
83352431857482
873964905374087
216217634992489485437070237690
693601957517695464524114088540
1263408179078653
277826227581484894879440807750
540679535621977
724991327936415
72662076773411709417844817958
617683284186475
430085506339527
-668526970424704
773767539392641
1072607132286483
1241425227927440
-229864186554175
1587446086187985
70742993802426398105198647190
189350504884998
925160747950381
236448632944386136597958111451
218225814863224
1697175656255697
75773112336839961372970831464
-9357166109549
-39437659645003
1251378341108997
-85761185005207
479976419221998
469819761607659468177863921250
213251022091582586825386231138
-646352120414636
1416188426115853
1493800822037398
463297096652840955815116413000
1453821007976144
-341785960532470
11460045589236868204045792665
301499578633289
75555387236853935351037394200
696936769359961
301776488525391
447502838571138610909791685920
13424618796984288426467017242
454031152717979
434073339726967
535137204555421055168348047000
-264295652180243
-499254184865703
-17478384461985
1077890229522482
-267699050486166
895656987560371
-186700472806618
-69090626238580
827625952245299951986645857643
173964392571113806409741107168
-86603034787191
-232578251139787
190873959657547419680085281763
2097917616078
108680182562778641685867552852
1526171548296600
762135870513212
854658939836645
310371004647459
-439497637535991
728680516520872
469462852636344
1019661720186136
18090791578971497868225620423
935235830992241
501401744111465
747909177571546
-181514342920230
128204513411402773414372440150
461937114866963449913618479445
604747968209422
1244301881499583
117780799496597022729235830336
61801224994646429776319040732
241901738182250727980705060576
114147210576689250997046619042
1249243091773537
-318151737662477
1930733756374323
539852317000403
1511817554143141
1356824228204714
879157708357010825128646960
-165379661877436
557839292978059113686474879607
150515559190475471939254164090
364722962936771
-146752358891545
-189086914550564
250789870263762
340885838909904
75605201493698086539099755272
64470358809846991112041029060
-267342700043039
-137088148441013
392056496783920089338108715060
194820329048201283705292580816
1032887590908628
508037595476974
359837506099515
1690679175249991
1135978931044003
157336875604866906691143501555
808670802004379
308576005248617926321687494367
-447325769619965
1097198993204197
376038283351157033015325576812
567817674878896
1746224141401715
223473502305720
604810647564418
437740315161710941081808350245
1267294425158742
-245491304530430
350592768302177
606479284376696
1078629588953367
1622658295523394
204476739316091
-440627564623838
174813103931806
969840448136065
65705541114017691768881503476
497892220679051943763971056320
1035148989225299
262185023094468
62754304845567
460062475577243
1973706742331577
250169000374385424112868782678
-878083394682690
60702263512433
141542814455248
185750413024655474686864970586
412259288573417
132097279233030618615465049371
157247681890081359887191577475
180491803569235476939476169984
1468014692023930
577629066806499
-467351669822648
755039861667779735852019038426
1249490941070338
196344145650024538087133816877
1246403496764185
208095362829988771419343717992
253328674590614963758882807875
1149524502497819
808227512073762
14189197674367
673281166945328
-199321402739623
397889897071853065534155219675
119495761712698
1730635271464161
220314735798224
201323466078378798762729872524
861818087496578
817086367655533
1188532477694992
1598665773000837
1207126154201786
499252651189153102573785866896
409670994439229
436925757013345
10471860421163836575840061452
-549819049205598
201947598995479669846844714295
501762343638009566709120032138
51663211958063145780086977692
109387622963987083147731120146
-24571037399546
155628928511572368676262928660
-210141899532416
-105337197088511
-776366386179734
1596220430932341
333936274829083439813580378196
817751712267297
-253549747337761
244309361553840969013635285265
222768764672912017707574363607
471403221407958787498645498947
152257810632757680036541050304
144956924726923069485332259474
1107835161668995
120575695534351314405770350125
1289823120543696
728788212168026
1410846103424684
188753356508245
61446013908572
340271338652402
306412061395819122297441601791
27847891237130246562814199150
174785446580802
604215088096037
984190410136219
162568823615397
111009991652179
1053809440615570
355172455570332
-147171237541184
1322778651794599
384056464206349
130430389530140
577776304426610
186425759839165401491066129944
379768562694089
693438038611956
2007679297221704820291221538
263243706351201067839847994016
141812372901076286872944073726
176912023834276254161203996640
144766498349880
1040467956132017
965830062106465
61775231845965
-372237226800874
326470489808098
278383526224844
319138820594367814055216740780
255936188819381
397466030543322680880629956333
1329323778663594
516445028635419529522521174430
850690725577145
100522597401120
194193505353455
475965180663589
106359641515828823364322986400
401901122619390208508645249628
160062771597050158074157149549
663025608677336
-57495360576093
-97518387723824
74149437781510668517909377357
84908070364694009321155853404
75014359120034323232539372975
-9397286818293
460831743112100840885927112831
341281788615812
853643564282854
281315424412204288198609169280
103200811787752272945418482136
543329176385756
1092004279022338
689705091976073
27666061186380642942179964734
727511093922843
121097127079961757837892412230
-194110142294705
169882471299741990546811173276
1513429210496299
-285918667800244
828375385257010
932324210381249
1169023487207909
1563634074665516
697887904075015
882345849217035503333561213842
-355735207640555
1549873798836332
389226613876309
802938982542584
1218744460850452
-65779091763175
-198513467715159
297774376360364
51393767026237023974214949550
1550732862465804
249931026151152
161247424181056644108421010050
344549722418202807689547741424
81360322882330
1372239853676005
934831370967997
28460441324174894186138253425
537736116477439
305157835342014618715500152664
860049079498018322271135499219
208694937608233830055633545072
-901990063074824
150259232116097911125925483437
311155499846078001904518377600
111035363872778758822278328458
517248834611039496257307183036
1041064415247993
423720473345885
453672360895053
280753833925870
169401698505009
1476528153053035
436568111847112
236836244559796
141845392038648088598521313934
1003412250655866
861198314256795
421284363065380888606996396200
319745591684324
-423337983852876
35318618461822779636032254656
1033193987710528
1146174023714814
121307088906428
423446892370662
656535950778474640240970289040
-311088462591536
1156664438784733
94824087464517719214783422315
9332175625264545063815820960
41126162930357335781671332106
1634127623864679
524557568890080
693144754695705978145283905379
1066054021838292
380879629080330
-297227104249563
294185171106977
1242160756363913
-724809499034059
153368311297255
372509383855488
1568333372714810
425451455891744
1841940878403420
-14120601353541
331281840042451966754002974330
1754384034677259
716732191917780
294233019833307
-627532120956790
908265501201612
448117302142904115691758589934
-393173403390637
50669258076168881997780017840
479487503760201501078775155300
751033868781496
547179771601999
1833713307202094
-446415604009029
-267271232785550
1511635750956072
-60264217408791
511188434306179
11114424253731760760401530304
1352375938656113
127782431112213967065516262800
590588928136609044474438857250
-626644496515481
310475503852148
1901024409890540
374764395809142786530574112357
-420268064884223
859843237057255
574467730303958
92748227971641
820573473800970533941054314038
286003756072223
1176415579888925
95541348545754606057580032400
-293183684686532
345361747602732
0
