46862591948841645849820882630
596806177783608188402240300600
436087789773072
93252376633312004041336941768
644630889296677
-70746395933231
1653801329118276
1739914431093288
31916841415682382252644080804
564636685548512
2129967483418692448801148563
-280166644253298
542087357489596
53469302792772632483406719922
1589933326030242
618336376535179
-76854825427360
-741208956193287
535498600918110
470364764311301
262029807526559
611408627472358
31122931455520107991307374670
958456891090111
61881180911228183717284747906
1647544008287176
2255595784969130625622375490
-43946564826935
-670448497726654
1195909992383591
1758189806448290
49585411581996780721296292258
-479286056062433
1834671295578992
1491776055729651
997186086226487
1445008496846313
-34723344834845
21703165411853
250612306978223707840851054138
-128785463356339
109164803589673125856052416356
156844819813126
562268475325345
1422313995130954
464729610336639998386355033400
-416819513936352
1091015241145542
809898217540235
-184286553656933
95874905109318
590425541226315565467870833764
1133453443333511
-120842139525316
1373184584609748
110319280273827362375767649124
-141924002294164
1396790350413936820534036530
47766814376080
-524535444372255
297281529337537581708076104252
1254656671684644
263182444687391803708262944951
400506716459425479548440347584
341792640789079
187598928601405899799192736079
-63092283590457
3005034145389464158841735163
5406582933026984059010265755
567954873916831
383386955973660002364100614675
887055916589633
772094818918422
712174300319416494185845199352
15319897489337
1615763434465533
47328277541262711591305569541
-311034898027931
1189685817637570
1598153582951397
313631903246220
1831516938154813
840090590595120
-252118069586040
-725005041094926
1772664288971653
-149814613895591
713104938316597
250561412202716
98530974816254870370397476990
1382293359292501
465221635522430
944952637335642
635241156770511
97955668132254
1296065554024243
643335441290089
-128581956825874
-276150450401057
-243282341325776
1200532497517703
766952660293018285513475470941
672153839919585
514697006274480430233678121600
-33167914238219
1973316884025184548022845072
1135044721848798
150251339638117182828762087509
90938337402039
1430298762304143
465169587466030091906771380597
-44670665616198
2506821943501819234687733379
138507277486248469875157402716
676368724928817861285477718720
433878563210511
729094144546060
698927239023971
271110591776010532703435576860
1518221439042320
1518883564995845
-157295886019122
122344736430364924379470507512
-597344256746807
218618570168523
463170217635979585255013800107
3483440115429018206307774464
603529566330722079367380087000
1107315574590721
1557881245491655
863617304022511
1517164738630622
1011603289916081
1526537664984086
191503490589644966466709686218
229746073236522
153150981316374359111773487560
-500700138093198
58940254998763503461641260657
-931994956366345
677164236340710
380579696179766943792943819765
461147616357414
421555666445617086242051919426
383714868232672078218141215641
111304876071819217060637292816
570956586667963946717107682727
-33556364397764
-573655869216437
1504404705902988
-512597678493813
81208523809199103979477161819
-321372291623422
-194180235839424
10776397348247961898464798778
129273486549582826809109595004
436464577750194
17409362567799840845244720300
575578563885614713909593660496
1766701889440888
-653518344116176
401822243111819101749819693774
10094678683020529181963711640
-694239541196994
586629730968206
-970082330807262
-54346925805260
335181148659947330209808241730
-164213555756313
1307110430876219
-898599111688699
1137411361603911
297234240220794
-1544209867525
99949525163460
712355411715872
1626547036978850
889169250708790
198503814822841734122302751847
91421249962405
1637604008927535
1673713889881859
1221954445478656
1147680885493845
-131972501091265
463148035427662
917724225649928
624242559510491
865632642368661
149048233445939
908030092349455
166767749914161030905678650
805612146764941
53921502300317006340963849380
263578245489503
233526626909650
-164454378892990
-184300037471902
688309769336469189367398091008
63462320349305285639204471088
732390082291277966429968996898
-272044005366364
642212798657487
-248111819531085
-434343467398422
459141826326354426645917640488
135137011773198466559661307527
1176933482255487
1762455050831967
28805349456176311828771811388
133544285864128098137591163234
-216241532262358
135752971792000
1310872271520587
-525476557753562
916047956551685
328309224522586
418939832758494
747240540880885
198587475998204
523209075263886070821287638616
385530698167337
1802207587525486
281824647723127
113335980051232533811875850752
224949126080345407592663880936
554402977712401397701004059284
1665858896944810
175959580747838825526655379109
1199851179646365
-41961090220881
302340565541014
153910752474012
303804021019850
662526010111039
880349284048441
1739238467725677
1684880975224047
-156739093396405
294910826985204062590922907559
468828897972057
1438248498350860
769230794541922902366380205436
-465358315845267
1016609227093857
818864385194506
-263032616540962
258972608922204
46167316218850307974910155260
76815532981345809479715321648
432080348110375
1259101004957359
-133517260565009
-416485075413590
-170515698529095
1420406420236502
310689924490414267633183043730
-860550324610039
319188232056357450444423145340
-845156155705428
435117016067989
811119675627761
367604629399184
-362883119802251
91145922887745792536577226350
148393692490324024271752356636
681545077700901
107495345077159
124071260582970
1073545759362947
736791377113714056658501501874
1587156473716176
225807823276623
847470316025351776276774939551
-3120571828666
-495853521365767
237571489009407
-230120758525979
1118439992504356
423690122020596768363302256651
158470279144439
9386397761675905297688506768
1628233741804702697710435096
538917137531103
269912554542831
1343483111980183
279482156338478
699071022653054
1044207551888317
149078438124266
583477129803649620334294878764
-469734189611894
842163389290002991888814275304
-87139580581303
120185846501110
-803027897068720
81198693872585312339594779172
1355986030857558
-347321281049172
273268042952933
-322203591983364
276709312063324
812095915924726
418154143496955
321603882742067
1072696900490855
884938039970869
1060290825649842
171697822792926311423470918567
566374344627518
63714007584535381097346601184
664497811634300
1009952064838877
1362305299911277
-289776880906051
776140220951316
1843191299210350
937049642011267
799653819196759
187421351404170
192231459288397595202312286245
963607770813587
83811108426186661926219925030
-107448647315550
-255604248465521
787512749014347
467495923370419
1023970405044094
809720693545240
1810964519093090
65689287591313
713986685964829461789942332511
-87881090177864
51562625628600
355322472516904
1313323163983418
-318068675537188
21938768334872075489540027188
-151612445178912
-650579818753433
1143494353346457
-157848222476563
352660624694982
1220084823862850
1405511061377917
662103925464563
-432796212052800
749589201786664
686602545639796525747874938664
10431769982621387040998379681
1613568873447462
977065347604432
32855006414758222662432781155
29060430811326
215662458928117639767894726017
56614121223033168379824130184
173594547064126
1815429575442747
173359729000553579101441245312
117625558963070
36828109638219001336134341885
442620262525735
462328554720259
281024381532271006067742473583
1370625775558484
735034468111633
823969850775457323973008255583
930664672513592
-941633207277833
1458254428319491
1156792819161578
644060425895905
321884819135083
-168625819061052
449782227668979
124921995766291595067533155400
5356478745809832924337136080
151872313005434438758418849700
412094727398355
185296768393633
826573576972852
932049770203622
69981229871996219885093693078
100248386523000
231608673413045
-565769456689747
1484998564845464
-490720791807697
408232807797213
-208749598732492
-428841692799210
558474774314320300766973345026
46026575446468120323675670275
848982135802924
1017083034407487
427180259170358512405970711172
482667682174487286733531870164
265006110570896
-21040654676905
759089032159325
510809480078819
540949451189422
-492678069000038
399312128006839327616922620496
189747796820253
332946116749704
562590524338728254746053411640
957745661386627
-280364014160921
101774986215194082757498344461
656331831895346
403695829453668563101931299716
50338381468242858573083558424
407508374594938
368506046513470
694011480773675
-582101232888909
705381212305151
-297460437034316
16689485475091
107822622762986476201149093424
-189086519459954
90359673496494339746966179880
41260209111271
241703287723829566086259916044
749182801482872
670148122837262357517918293770
1734147783893381
986716699896089569519047702
313225086817297
1158464388111735
344454710332641590872080131625
288449971385132
23711829428925
-253326698756612
501605208469260
427396619498633
-516730563877072
409416173497762512936867861060
317295385399786
1313816321088428
755341630874821
-186908962283932
478669482346867410695663773016
1465348416546317
83062643620269961719145617760
908825844387046
275798902579469
1187053812020488
1016165433673777
-603966675224115
-186377051694912
340099300638416
349832868645816380698546420950
63520414184368359434949469970
107015643057512056022593494750
-742077538299772
198404309999640
681611658132531
374456641414126205998072043288
245885455915024
469495790268632
219122699372128
391265495146668967354876798768
127949711493988476971626919136
1021489583358948
60549593713350165620338270442
88911919803931405081980230860
66977681560184
-534881732596159
-246305437452405
257234241617343
-232431264632063
647310342958464
500321857575185
486599305660202108135132577625
-840389116989765
83121113768141418362798796224
247787635246849
212516267136857754147046754566
-66947882581852
67934414434303824342778909279
167477870810196
1014225417566900
374524578218141
636768843453749124428393333080
2538739920030714076833565893
193647895908667683605266118235
245838394161844505091410912182
892842249944811
385704415823303128798911194885
4805361041102680607008460790
-485662187726263
35036548048978682499308654496
244883184588221
132041221444924430665869031475
1359429141989384
411478824595822
718980560057214
106117454988868
166309991564180174085314239535
38114921045389
-166671473547058
751517302188612
779572342188385
1274720610987114
-712419713351055
-727215149407213
99256494889151
100929939051188060979715140477
563448632309608878799769687040
-603070252522138
10453305119520824425089083826
120834763707505
-860404798970144
680572148288650
5807544330426738681157435238
1087526271211323
-493169121262678
476594384077389278749383691272
277587695958768856102007948778
890031945239207
125339448214907
542642928243256444283070313690
1453968408100257
408301957068939
587216741354065631606429082948
1150535812998579
-546242574369930
85349333214577312197325430688
1738266180111439
862337256503367
191256611302035
-158752314535724
286148196680541104195047956255
1804387788544235
651675720953687
821059404204357
1308498056122715
52594261147069228280078970354
13458912266090205310809325679
853087345285494
664999218236369512597494897084
454969834074756633024211421091
-648309398015526
921680368626217
585711138762942686455853016160
147505533614386974751509619560
178966069020000963114299830920
313687751450489
1087041681076587
516254731796218
-533651291613126
87924460835668736730514209475
1155100550621943
-734922193181140
744371391871362
120545881996446568877032767447
943759464094423
820386711239673
1327418719249389
478682132968973
1036706785608034
116001306602230459906361406684
406080040907696
184467607664002
396783934089607795511414210445
49399055644206216855327634628
531630139459194
192251730733466992674895754232
439227343894825314392817395579
549006572993282
1549098500124658
202945752187951
790460590646693
538013155961713
1531133845015057
294765319316396433962775990618
7219936360094785740299496114
526345158662889
-453919844660365
296283043682560
1180347057016229
131629923305446312901127959940
18747774966169
329980565945259230317312422568
518561431805299
879083498183161636490074290605
202473630390663
363439790039643
488313252816301
77181028059010213398439888252
194964583365752
32590054311855449703829757280
57815422107390863798020403200
998001178843292
51029846178681575984426385320
123543924721630
684056791856059
148129669095383174593036695219
1303476937055156
-193982670795149
-657355409913725
1932918784985229
672801847497839
-156188011947583
416219016509533
333501221793550839757159686261
854252581049249
106433523536446
1526937780748395
752483185311235
707541593826633
653718899790536169316663833750
975797093667705
89774910668887
1567684274938098
527784958753995
232948488515154691811924689433
1528284959684085
1666640684966383
379410435822816199191397383000
28626502002002912248770946770
278288425831250903931057788516
1611589302918992
199469126238948
28311792662739
164651752983779
-481512739942146
27401922057391501707176767056
1489744336369494
-12310117774814
743712439835780
51946068880873522310256241260
782528413068203
1256632515232597
-758965232988113
1115356713676265
-130654948620487
810606198450720
457669910280190761542700997622
224897062564503748362906991120
-846575397773314
1297555379292812
1038821375791294
-45768921795480
742786230469553
-164975467432011
86710463269473140264085681278
30181116259424217218627284361
48964712541330068626765042122
681415780990163
-96609804085710
111862089268270728407794956648
804231335465098
500675731566399332104420384966
1204961818696198
779437046771495
502781664794378803489516829360
105034177109499896091442451718
307395790413018
621748687645808
-284568932747484
-40238101783096
28627709964880012304606044434
145738751539482906871004748898
-564321778241833
443125442538236901055968862200
992095035732532
113184955725419
342928719718880497541965714970
528730175493637608166736190203
-39312618479280
429528528618379
680345396973869
166067660313873724259831519232
-247886231622600
65473040533934878459717381032
138509592997195
194365431013064007413015611965
420615288432111
264615377213309057117419830375
832518684946211
1124158296613193
1325141625810110
180720843706555
284682264054395860709182474560
-41587531471316
621955389182751
316962812965267
426539131218639716986021140
29778698116632097855964845038
89656149195392758072753484595
1109767361779628
833700873967611590591369233077
482432511257674
42232202395864823728285340452
497986502749674
670634146218167
-136595026214644
-220255593779518
1264530541608336
-140288631730092
1634012146425205
1477327796589801
1159109169074077
927073417124220
400891209767865540460840708122
741108019098396
549428061532781
475559105167071
-635850807602466
878507741943743
-778079746070932
564021386604061
517604479976330
1112181989074464
390930573584235
1091712760866413
99963840011884958620383374640
1035180191291620
16823206213418802954288060180
469627353913199941940126801445
127808599290589
728294281435004
416255155463367954250089890436
124093452396609
-27388889337918
1689249336370923
-44742774670207
87259307902980112783095498268
280779477517992958657372048479
0
