860592082502359
849734870789156778713844231943
417792045577073087264620995933
-50934901844192
185669562442972
147989615765390
498806604798612
108396236012980413241134966141
812067276768781
1069843008693875
682914903083844528701598027610
280711657510156967349896666102
211765521346519634511687149454
-294900767622205
-298545558638394
66137912464004933182070648245
937788550331589634595973372075
-810827217722437
1417852333547306
-311073667986552
411814968572269904450977977663
-399869481710639
4532626965481
372911610507257729095749032410
1040833716284612
629161394002315
-19231769671997
621800279293805
419247167421557
666729505357158
196257672504227
1131423027256502
582596190604404133270374886770
82098206989484305812449860400
-203623950916066
1093456471799920
469696421883859592146827262359
141609043082505
576400139604595
379438665316186
85567002028155
192172444534935
170436492908762895956569531194
403317436902807
-110066304774129
-258922538445070
-448274247733045
230376343087915867621490544036
172115071314272025077651695000
139548766737904097965347422750
1125910947688035
487191866393251312978520266118
233851866545562
35886586813782985987451509030
6912000873854997520635927968
149695914142236161063439273380
-556273736035001
142907089136254
216633174136919
79335291618732074779734310032
-586583570392457
1340547064293196
469749971580094
-670913785254072
15237712690736149784650350558
1633878801348774
346044839978334
975718885113648
63359235705749
23943832989773545736313812001
426109588227271
794720488440649
107017665105358
244272969795476
8635062608509685597068460676
330486981232170615677345546628
-314330336989082
778157627108713
212029739074130
583804299006412
775632220442774
-227151778473707
435760259837593277793411278460
-362628378091497
1417238756637756
1047638826515780
174949265215579811787767816208
520086880170098
626820846120049624233762843334
375362507624709
357766239076239
97136578940276316962922437590
551147120230775459814475155554
194098514064727327369186780704
859744497023029
1089334503370281
-129798879128590
602648878866168453010077877353
19010707571554713689678678913
914428547209127
863847350227418
116336375745695881724681895222
57283702064215492765959885492
100002008162333394859419735200
1199919259780185
38463858293148696486176714934
163963941277809739892646676023
7315974355531714951890010815
1377862798570902
1485452461475551
575608309835532798520256226654
-235261453889593
825024902029117
197905070228807
992271450431564
39650632750291868779604885376
335803023062103
646178923868302
864717862744122
1007971771774583
42687058786246445860603533240
804571448227793
128816175384405520249404764550
-484156829570327
-180459864201170
16396979764290866064523699092
797550132413938
278062964837942387665752397764
540441096276907
1896869059610315
-83287198166089
441396483632909
-265522319855114
209918822777886802347215891584
1515473022128864
1851329655599873
-782284789484672
18556637779279489735945689750
371693289883221493597202793516
-255485835760839
249847615549067919294141555008
91422220513207
61556957782056135651074931745
971398064054990
104408814042442101610243144620
405543965643878993938824399414
-300940796167591
107874535810255
-222862721766349
953760247093645
-312672267114667
971187872089682805133746510934
958100846022477
528284007294420
418463363411252
969848348086197
248452961477640
323836623458306779166701995633
1087675754142786
-124353238194481
498558406665664231751253807381
61680762606329
80713786017094
303967889340547046902319751974
143437614233284
-24064319257282
156781348078568823115397260387
186327122918978
507304689542426164488544021872
-134662055437168
-315667030576274
449080969713024126845171579808
-72700683298636
-234194730985895
314985217787817
545481979088551959706309868720
1257221556469517
-299373439596637
503321228255603392120610090880
832161969573421
-563393424071240
79103470384219
-261661446498638
122528004202770
439297271818600906514823791772
761415710343885
1430688141041470
-490106550297161
158452597076159550726693592472
1188599414274505
12285702029424444667946817318
119813232474792724933488000900
13375554074795325484861723440
286351296002030969206238893604
638981818811978
370131823422800861899306350222
498351474278611
35846874957611628429373915400
-222688938800760
1093385757928704
393612740700363884176540016688
-304669203954209
1028501624635353
221232474228122565458574958928
769747332762580
685204027157461
-140864546188986
752254183050926
-651891965513182
373620360321010999427546685482
612719589557289
336193448233123006349443166756
3253701854984279280439989766
675211520312901
476416043910078803371309840800
926378999760816
1266561840852129
-485025508251432
716109199348338
-292377752408996
144114307390565
-177001271884696
-52210974165666
-37921038399697
1545183153168553
192046939476681645396410472187
14953651576353093004939390930
418417228144078258612381423152
-231632673479247
756961767269856471251097473536
67773188258489360783364638625
125722227794666
115562805416056242583491309696
-692928889629502
-414890605184805
1601582236919818
671625083730780049503836114304
374038133483844
390970029895434
238863334919113656941303385705
10451244744227366253237398040
436669937507541
228312442409112094706595574152
160063061217111
1454183012121558
1789615712731763
-667135337528413
-159484698819999
147690429416733
1638818721582837
1550118759457301
-947065403031007
295378833324232
234446651074107520646882493086
812189845345330
981866560445672
-270426182085566
41421922168499371985405189468
367151062886695302794908723576
487130462643971
973670314664500
-813145369938425
1976928086443732
310858287884144271488772370705
39705036172006399657005291994
46051849945356192108793931016
622782533713491
381890388312831
399874397499260
135393660206394
522460993094763
188367410034601578445302343386
1699613068845603
763304215287383
1231369752990669
726519296816129
648396592744165477200104430195
16655973312339910231301978212
1039329459814420
-377400970093271
668530197207609
1286186584326908
84498692577069284729319648768
435166745635741967804574150672
210433439985103
1053685949258214
332575650331380
707151906523903480591257363120
278567009605395
103398142050381
610038440085518018127668355660
1556805409031109
-707826163158286
134324902547525224823067384046
449988118906563
-525802904696011
647338712525462
1890563241583249
252342559348781291347260954816
608853827098729
360384370201750
-84372733533554
338329262658745
1612698221229096
270402391188260833573709121582
-140355360336538
-143593047904318
-253827079674799
-188565154534642
363288417109697052057908472000
130419196405950
387412386771051
1053574090506238
1045104234861047
1028927158293313
1094763556789055
1847939825491835
15404237883234484825595929750
36917759749519777764421489400
987256847314720
-58702313655778
23581279651420648265849955612
403987436210678622137612859011
369965139085552
976832850466685
-54996326818085
478605653137664
-112127959000523
1268331373344761
477612006004435567767842000438
52272045261832936760123047384
1306994809346179
697456765025604
60423945903204485145392942168
46835669846818296096010481640
-612464268533895
1029603247499764
714077301394564503790071969510
657266338511517
941637361201278
541635909332612546878058441820
34830901338305
1772375338165690
518964699420746698660655946786
125390806623970495708564570008
21643046362995687192741274290
1013997012002521
314172527689117
-131440111849082
-628235737270135
234189628425174411310145296797
-683670862306166
198013436739543
791691914358044055015347244515
320833787586996085976743718280
770718016810560
737447781185222590473447992816
-211487657899572
198782062599647350047819574672
138769677494274254127791764736
114331166020724686358462014682
336740261896295864039510217340
61816032153216259904971404990
243657578779297408834962548590
1794743125652096
9673523208734047569362318052
747805451899729259556598317552
511516813463332
110102028270985339214021125902
8431909273553714998622787088
1018351260574793
115506611499171599921807820678
328552819789170342905044147904
638844850255601
239184692391169981160440807656
-961215376706247
236159601579290190908206166550
90521760283995261645982946620
579081851558849
7562547176359714301994851544
-382576931000825
279556312823809
1004807091881145
130626250628812760088476346096
208649806814695605531678048770
123848619697662
819359611490788
415913605216588642281162658653
-199025630204175
1265441823714053
969537642810567
1468746275059700
595801425885635875633314728462
1461407810412399
1378300182809645
715281675894381
341247157402510
59069349471692
180817723756795982844866184531
-432376249020192
764612630928226
467410803390740083117540681818
87979195610196223234668307475
285853635368013
554795789720751
714880589062354
41625216557252981937027147289
1687311437155326
324400541458325
59205780856263691014644674135
735903426171236
534763567813481509137706370751
1482391195878632
1738517645438106
125972289615430466023340633556
82404667229554148416789448988
996008323367464
88977206762072609783804611302
452664089954476668237215313697
462101800364929293106370073234
1068369836731938
1568643667474437854565049278
387618176478168087974516706656
1144068161593537
388611585620579912601000399822
1226512966398231
144557053626947874066953269716
1431851516092257
76484285061987
374485446620843
931478052706118590351432293696
-89810487992711
375922598594454
80771199374285246338022509075
53978049031861755773523561101
847743833110035871837722271872
81038342922803130999279642728
272348150389374873794527530235
508214450203973763721984092260
851793638258374
71358230274364112200420315428
235957315162452326808135766030
10121135061875328511398328896
11550255933391053297481809457
-496468541490309
1281218338954501
189784644040294
1833759843718661
1417105310378900
401074986829021735305568293928
658995128057231
-712396215672428
120139934702263
865862294933899
147863380176690
121944951819701
1194349449102508
665271012967638
433581081992341567662797781480
427423327437658
0
