1400340213555970
82838347942313958443737726080
553230547248956289770673054270
201007759542491837778924451032
7482936163410022753215231399
443246672859837462512357456878
145325003902200
-503578164500809
-161764864391482
68253690790066754026277728344
57150105596739119641508539905
5650718396386059264471178203
503352767632231
1142884432295255
1178822523605958
-635494781210986
1101370962565750
51960656645196347626698180852
-618298422587283
51732683287010789504724624976
267420875832843850727216871184
79131486395744741366216626804
459303892712731971758776620590
-502540183035189
1103923761497096
246430888970918
408115197117171
-99841950083611
69398069606549490449656796940
1126669145927733
219066768613003099878332143335
311480907274554
259671127173659359671395403430
852837620834674
428755963789574107597734178450
1274246233424766
100694531711467
664668526238905
362687247422988896538012457720
1406142016450772
653872956146590
905112576385003
414245397787516
161187756939346826846114400576
1506936008453009
443127531319507639484026823424
1752399418404331
867229400315430
-78268003198821
254396980199240377119839226099
118871127745418659241060087567
261033920392054189867650271848
608924599579984245818048236800
1216174416370310
28191939842497517093987593105
47147715269750370389702491301
638156798417789
8008475464205006856059905833
607530612201358
10690162464287
326408119233853
338323829211269608750194355893
72699022479340
296208901760920
207648146708428959648308684324
1498242600650729
-46816734140082
61272112008235313653153585650
815365307615761
177000686099905
1454610450843293
759183651731628
1179598493667667
184744949153785
1492672882871660
134354799929860596080794482076
80914161949784579741309134590
287566545404062598937866221824
-557101796650989
942486858089878
172759713498710304395134469340
1069086773229287
-429036177744037
24723835280495881202661353838
1203005006515315
781099713775372
719221683731688
1029182917272420
52929387738954
-418895213477910
102657865350801832609323968730
1010485532305667
660427757318529
1083414213156608
577450435173811375868280494618
543281771250544
-584220422552907
-411312300417138
1207528160965543
138644344261007706092878871390
-646261455259333
815151405309902
1555622122839634
231884223663220426959732833344
11372851032004
-29393818668452
1346207014611765
212765591267243
1663246725112880
1110320825819205
1555945016902970
759902303193951
49431429999099939072784546590
149244526014668
590646458501447
-273595004292252
540009131151611
98510594931792438084244854196
544533574913833
978482835185322
12153112755601305224618062038
28414734555243
1071204171122733
189679026576258
1401318307879210
4265876502676952815642828014
93453005079556
192107874600841511880310828940
71365481526159717330530023805
-40140385961277
680658204183448629910482851835
553871249122247914313712912264
57028041068946
1148971516946509
145059883111415138376693352782
441936265073690371624170173670
786984541007610
136198095102371
847566982888087
613442362026812
217969809468252055573548501408
1141877276754843
558724787587720
403370782424279
3150673544425
529669737969240
4055032628526800800782964572
630239502782204
-431802903314463
171814372268174148268502171664
509098885847610
-138957370095643
-115273908724553
-518212640691424
649859892757279
-202077075694529
1606549693448355
479724325404096462540022572662
32780859178755986114779748520
1123861205324717
93172689582555495016435278206
34843764582004
540914149981899
178918067589570934467508488896
-82432799476115
-519189969351533
-315727033686417
180704241783792
-505072747899630
89643288988408559771303500200
188555763216163353782940079436
1077428893310279
314504086369571713901687242269
236597922816032297038507423985
1595316199186272
615147527502695
393905583243691845557625688200
-49625004926446
-708941831241638
74372321727536842931563916892
578829875348095871257975764782
618128808052478
102282889107305357015123653545
584503468780695583237091338664
41540125834997747649196934228
782180529966017
339366691594763856732804237
479533355942907
1380937124464669
486407915893051365762801936804
-126684668223017
518202676946200
220216669285970
445435976715694910656297453600
932797154925854207170674750320
523048623885471866299447725612
278294639896021882099241858933
21228374355998544494419108710
296209247580623
1675021159964638
34173941762806040001321658112
238506446386451
1054793352523062
535697473548956
219300826290925
163358097964093968876828217360
56387395079603380037240024114
24650023660195718828396869851
478111292355874
4821959949467722180253844536
334637492207545327581782280020
95117528889252495935721905382
-308176316623063
844175180484765
5191573961701333624871544800
-606297541618740
10207639071019317420608068705
1347072941404938
-211985562750418
187736425695209
-126085774580136
1600231163441751
724370194034768
98538724931646763273185177537
162495188567089003307778339152
633479968748046156788910235552
568182739903184
-630443787342507
1361703896398824
3105867923544876540673994910
383686870698533
408332792224097534584727173544
1543549666233662
789537243462395
321758800892514737936743690968
398474039812584
1401251146774034
-778557934170018
1716779908691720
318775723279394
149714187870026297099814800937
1544006693179930
-165569637404974
621782567518185
1731184222380046
32387702326109035234655807176
889413263583459
537427923217844333149589032197
1258731731485712
189342044268425502979762169616
1277155312264522
-440406365559011
413491983241416
6663438185219621568586239216
15782029667143
697969372638467455937081135741
494621830589892144469694716062
9020170665525
1595642267335316
257186609524979
953253429189756
-71724814804770
78238217351753
545924206058210
-76375805658990
241421249981539376924615763554
905633310395311
509537746694971
687296752776632
267135658491137267434111833345
80733169964777480147514201231
-196829031147596
214729677398459639863715971824
-574972585088827
42535498968257875819444498496
-38079824452824
734415046986283
375075652032772
520026220562490
-86707082829358
735478067061834
721263082841059768036818229804
687537491822702
112450305001502
118484643722571
436909454047424
921658043746476
341381678208952046959115144820
1105274542639033
-338171177779074
601032961673179753306600043391
252745578704433692197385187066
1228542325316569
324347257000205905173270959638
38765925054056904097190244780
401460596362958
12567249716531333657635676804
-202013871364268
413580422854704
977802475110806
-507143971615687
-183572237880596
153021562070016612085415580081
677814149328248369258259248916
444467009111057926312142787150
-193159188592153
-826181297780976
885300145779690246937056006020
80417069695394
58358139071419840738921864032
237466821877635
-505111719304314
458953541406289
847428502110143
1009640735055050
20281933181330837703003123450
520162665697906
548602318024668
279066805760669817861073232208
93621646068516825246360500424
185203619969522
93283500092033387792732413452
20800967024999998184870778120
419144384773189554493612424004
138330040223737
527901607349421311395577878096
151407276275895046097582053920
111122005616482399263840884400
-607639252364083
370856428324036
-266097745972030
19212241316700164391405481488
88848308395516742756037915755
110612074951385
520392221853836
149952294608612316466537782930
208360873204628918843907396627
1179149441638200
526716546909496
-91427393965492
-350353690681204
1108726407278112
164550835308240085271605506764
833194727466092
-262405819724395
-680768021934613
1430074430472685
554391668725964141965607554031
-375696363182392
112827945490812757644561808153
-344183621420049
102564636431473857451085193600
-67161039414196
1364534034993603
1381463648403452
17076838304145533152619575437
1505661082142693
109221673674499
-732298387423935
116311633786016341712706102168
243299353440404084419828394540
329518649520834087149006404107
1018893758161330
998568993378797
1174287778994460
1052059263021646
687077991296521
1039343768862238
1307037861516059041870633848
1498711200190646
275051298271607639879101666468
-79386556410468
314211039810953374298881083594
-573348417703308
26385427776394456405412071031
-189931363276001
105368198304809564318911808
636825023851523803914998682705
661786717959694
1111698328914525
118170104070769441795890123696
-13730330506488
1600654592951420
145965364182821167051404490293
414565371957501
217867623552813267407868737193
-80975624692227
367870283349092
1017086387723546
403330621139070
397143479340050969312658974336
822115321709056
362964384453377
1847820629917792
-772670099869862
174797475135920
682045501806274
417845324173875
1230821233357307
1247793558824206
1374252850195841
-489774178306346
749367262537949
472803998483944
65113196920176214637481934735
-163340343703303
-346205195230763
337154446901801
1010399918916257
619909066053305
-194689616280838
293953849765745851737982162075
453792114507092
951630135701075
677664446419805
293705816399426
1382568097440276
668030699439460208440079469360
1458589649044186
1172819268685958
141469653278674037305754406690
290892918011458
273099093035618
951152755326867
44899135346353443644578301870
1432913328412828
87175115214253890531050723720
-555011309060373
-228455315252586
295663593243783
-627137807528555
174424293198351897030791055004
105987707997923321477168071413
1307430587989688
66108925645277252037299609124
-64922366917773
58292712763050
-221557202121126
943951528712700
177205150322830
469424816920144
416638361991456
134910383711172288192241664704
20027828739307527113849833820
725214372088958
225495372825330296067961264682
1374275681734150
515608791655407
597031814707169
779156456824806
391664014452217492610537845284
555299031602946446451584174187
434857752538314
319124046021200470964699407132
109051440120321
-269158907577892
915584964953892
199053912243711663390037978509
628959172576576816010869345792
-522312038289970
-247659036502426
-89226703527286
1163926244864132
815129047203914
1378942114564708
583994993267432
-751154068529445
1460876345478886
164737783487756642298304702260
192812434224179
1149232055737164
242223805566192659155759722208
16234984638701
1473423120097907
115427852007204113656593038112
596224904737634
1590876067819295
918064941589022431256377760963
830026338713432
142100549907441500899840697832
1086536450475201
743950425703393122519783731396
447070391132005024501243235728
1401617031420010
444209669675698
-296459317178148
178050387627642
380369561837848
1331670625233827
376453678773237675410264823124
-137407459697704
1002044855136695
146749479814706098595634455900
1064880050231639
214027072363583140915882938600
849977413871162
-548877922126196
435376916071612
495844373845533
844566546644548
278724532622923419347399693778
213340695930006
107531695351164501996040470060
266060517307175060242708784256
798117031269044
20060781999271615364865725224
105007255474784
-581016456626573
837879798391145
-25901020762856
469374552123126
554898188930762831409492973920
100758038529162
-273087760449153
269546498817993930664685796730
370731528111391844635056429767
120967205958806243249710045329
996287233848305
-544296384166924
589478743917622267348221237392
1463281925778864
114381987023488264708729308270
1492798068140981
1253350816711389
-212139131729743
279694250169651064078062123665
103194390599486
459242083051296360507596857203
1537522896219711
31225324886134845825280014522
-833683398021926
-560182721279925
853886538130728
84151025662514
1015421255449595
202982555125187
-323007596875648
651789530152749
609985882523729
1126851683098072
1141143813937101
750320065215403
475453907955394
58684605713796375609733857390
-342917498245362
439214665281541021964026977524
640481219606394
521508066122419554905105109720
768837819234425238761036911332
14433054034007
20207560337497957203979934106
-610234652308812
542426425220506363818260566510
188127828634887
-634945037105126
-127265655878833
238516498816484
986377418713870
-217971164668205
478083274526199959028973323896
284368783220610931737879193560
941716257378774397191690948629
-49004125926322
-272930601234911
346792825034006215785114403390
1756515563145635
498271127727859
586859060957234
71112670228659
-231693090543637
460909901921944830787895303706
231092281309166836987449327021
1643834699052531
78216745288401567195846974637
-316993993703498
541543336685782
-62272138404912
595574241280537840065962522824
874865693014244
347494463645980
630058170510084
551651470453844
419815525463938888344714393264
932113005856600
517007739334658465889395128425
-331826195704716
444700788339803407841827869408
27989620757642
-49763263549187
55714193424215601896502959400
2174846361456368860133517500
1058608660916614
784317395592342
1127363694349957675277816460
652183491299269
1404736710102392
195841245237221
243316091920765786713824914760
737307391759167
239136319048490452106527108899
569677284275168923824785112720
174044311965574340108355387774
54358790105983
-670689940068154
1244783509972759
279926219739863436153237291615
120805944340099584556877647842
-28999960169620
395913799696831152484562949420
205339849830777
1492553695238572
235951409054985726205535294127
-260631221267233
176797090085483
-662659213606014
996881091634722
19403911832008933385830167672
2007794804449873995305072820
606965540947950880583199898824
1082777375652566
-64329726759417
512539710099468
50921591133348140934990242436
324602988859791
1511366661841940
-351952445933062
34714424907080
1301500196526586
1251925377593609
69456499635614393914610620293
-816674323938713
-975764382563042
488271589200984
127391545528426
1065042628698471
1893111305665324
650290493197377
29193354495081430803717162984
31246942532127184811534005413
265718963890532457741264259916
15073769724896
118595093074185684250159089881
-345068379724977
261716191633991336159585283200
155598687071993934662623615590
546891663805060
354401252449333949823423291942
-669425179977312
1038422694935808
-279457369259633
681494616730428
338743842162538338635444180574
934806179414886
741418085599302
436882906044350
1238865100611803
-328413870511291
979214797394460
-460258660456498
1689485037657480
1166737621041513
1086032295637873
438473991928987423400466586118
97487681545293199194526925736
26496628765084051416260973090
482276014686250
1492279616447538
-307683684826789
1426633593592163
-276955068708632
761951523676763
750333770226057
77540250135152
33026199559831950796838774208
717609629817299
492802670959480854917181766101
24813842576734
-108412046990219
1157351811752407
-217638226820339
330719138397149
240768884466356953198623871224
45238006473631206287059164152
22612878673452500800221121280
-56796134149959
1320173811595165
931156841995306
628840253547546
-392391196934063
-259357334205584
1018808084681735
851357435797172
1003899634517196
298154734124376
96023860660820649243337419236
1005567543380860
890389991236283
189277588097942368333902811075
614686239610630
-261447860372719
24069573523028208778250166907
-369651470394746
39444047216842
-551737622420348
509044197094032
998034770146250
1362890540468124
513359256519459827492415659104
829891153679835
591694149608773721284573180170
444335240676476794054322634900
471426120326273153480002211508
254600705522828
117670119500332
265820194439825
761703933810795
581877768977553828913056919110
1084601078751882
687712340657958
770087041580382
88813964588787202047154703092
1170550993867684
416029048182291
569191131226592534286845389710
339646557297236172649880778251
22972251031797937391696822496
1497577790770056
1010911301145362
1156672377675173
-85181350828852
261798674622393222078802723644
393203709933106
274250923931243
509564917422828
773252367047339
1048205900617700
-517722847062306
1650237403068117
65976755426974974612429901944
591836269935995
499736285466850579000812109697
147962397384577
1172437001967116
1033869153375223
1073085588893538
1286218285087118
1647526126107037
750814521511059
812083004601922
554027877272009166129416660562
-701888800923810
659855896064565972846077999776
13661848981469331123680926272
404269160240291
-526354879686408
177580566116682
609343010049978525248280843264
-267854964149185
13739571665744876503385608269
966643451337325
-199692607770549
270790305299295
1723808960457730
1277649252477530
1323502507626940
200772434233170580507476331944
164968197010550
134298901694434
442464427757978103853178391549
356255915810020
-197699586285084
1568425050493437
5161630750662
1214369798664975
75262495067451024935961318680
440532260078335
119479238100846180994048621302
437634227947380
128559034759129008463489174576
864936987033138
193122456903326
16223110790462
1782698960415982
776951231628471516788135164556
1240777022318894
135764503319693661218255093760
35621437316450093319436246024
8616738053653337177108329154
66035147421506
293377192308938598212439931176
436103153603665
460597997963755
296292713168107039134654611765
31836456881697747795062209080
1088476215370137
1146865450371712
116019240994773976646150719548
582996394841840
592918156146247
1286274039275679
13252857958801
1082392091887389
12410087797317533634509064039
1242068953097246
730161173114369039489220146841
689923306142031946071972475580
1431013615475057
-740825102671384
590843996112100
849646995295148110144869198
0
