134388913189349897846427052540
6328760301881823844933157632
13298287043652037710249007019
9842915873212870658652410017
67940517305640175779155377584
-257582992851733
396883172055575115530479067494
87490656626042
1391400395366174
69320665500200958575985035160
35456847909503876396866464062
1371490777412553732915232304
752840993505746
1241226299987
1231755474733205
327162237655648402537650252847
444629496555338625197324463441
130941343555998787267628597360
1163801431537491
446676027212849620640357732348
-606724523421190
272651086756266
552994254734687944142863969967
1043554481535580
1038503739480870
1014300543749837
623575737333363
173201845123523419047668804643
633115512855656501295885213668
381714531682695
476332452801514045257542484700
-491842965008988
617088460625504
797092656954092
1549857300196383
41108338252005
-682081907510104
1248611701540865
105215972816391642568655884832
621983732289983
1370977837983985
1239813036330852
112216432171306144896826034602
1710086164601754
1116415782331835
407528355453025
420269440164365
-257426120369813
260172977130204310883157897528
665364741594327700059214152
-160995006951440
189502550912036593539311331633
-507922222437120
332564081891540900638922458895
-6366670934227
1406142135650164
-561199569165271
625503152571079187822678624930
79377939534202
-376989526403664
151533362278640484835734607251
73780621321133160952170610620
858434332299995
-102652909106556
-369787532114935
45483847640851612653607847229
274398847217291614900595624905
932059687657904
1381375615863666
223305713866329
813558307927500
288292870979656
1899590257179029808007758940
778910081268671167445540195028
597621213482525
1390372043211980
157841301939007514221148450040
63881537003134
311580190600985
430784970126113
966591474844249
22951708461526234632824676051
1926372799628882
377529628569584809186275618933
113171829169646
625399012362010
252336299259831760461155087628
118640220527132560770865654195
64275300739908498667651072776
1022909553839859
532750710595493
356378317925677
125216985659785565126476778160
33543417530355418083352696582
1028695043929777
1671976402239874
399099904019722
266573642077095427439273653454
1292760272139873
-276612019470579
1212430232944169
988338316481270
382145454117945393152067350560
281315708288701
-789109032470822
475789868589360
195837755385245149365142284306
10966950243021115512860941332
-33794127030225
1008340233828087
536727467033096
1056924558282398
167839352443357977078286222248
920838927679645
-27470816258688
178421919689895
405486665968700682154925658396
400200865365632
156001042732276021520183157885
-737347718644372
671885948549794
774277596003348
10771900866054
868385477311030
126316848910663
398378695216163
1649719238721289
1755576790127608
100058477252889
1541821281763217
735249221924860
-178128690514838
957898699318949
589785331843507
264142940697960
507777463219839
998487433434207
672841782323374
1743088739663480
27817164848558
-164949407140298
-55881518018781
523030297077059445646792674183
1659683916935284
529895401189266858980663952706
-145408197145813
-672394042158713
249669127476309379688392966752
-245155250141958
131169699054962
-484184771748736
256032801538530
-226512448038615
356107240683513
99369402982404562175963671450
-49609659596079
300322108736038414973512946310
355090146556970
1522075284368485
880390928604451027784984294571
1101447989464482
-531977256012091
-295948844448734
273335924691511
192516696696259
-41366338364840
1860846468203389
171589577418171858277075969536
1781843186667925
136863492036085073987376906398
877076181416406
137978918270587835550678222082
531144580759975
189835691896883
910447667161529
131002925572394611165987307220
640790988777831
-261505800037906
69529035076958531482363133128
46877440157919240306831051360
287979362141353
15889669169350
1413052968474513
167627853100628
603729551270099
-692448863905389
-451524767509853
125260397201557287286732293420
-312691220670263
581045151264294833924740790672
868182287915617
945208633111309
416903908757574
87723529696562831609600353560
1362142757206230
318080657239875772800477523884
15754999772860850656692834285
370231764890047
864023730717788
872083841361455
586160339832697
720479013370017
627256256409497
47591842709180439229979591804
329046245664310300571936604624
1877651203732452
1761103154468944
1179324218247368
351870073363535942672747942652
42509209682095449914133828894
1536372167260857
125203371153299534705834205756
478426047053625764747225712000
8807623957882813589005298148
854909607619461
105201433246090686714391018800
-163004133500518
162041460964778
-521998600881829
1042592078829649
414643621422502176118796294784
-711143456453383
160968579599598133273417740685
616262879436479
510747364174923
588798155018263009055200492146
84165222891886
1094876132179851
331385334776795803872706527280
549689632407517
789070445190528998084890985601
193732153821657820785156401670
184699328892934936436481065040
251891306167251683547980191266
133964198058097
134756293791191238446118927855
143438760939190
1508777631689965
1247736859698106
1691827345013538
27607380307641
407883796670733
122913182040646109958302865475
569245154136779
116481606272850
237542987895608
584287673763613680293086678374
1441632476549138
158628629421818
346632718585141
-446827008371862
1639242546063952
698886420923806
168206892837221
71578822189271098336540078422
1492259469901379
-72941490127042
607387540082910
475843783928620
953263366917900
1754659647712809
10220746296025849101574040595
1471024334190726
430205153677132974367236167610
1558211262642803
415423877717642
183596767485064625480938257066
250600058973274
-329442599113408
171302454128656081381263799080
-135982488446061
546127759908812312189897938146
366624478850672453146007095715
1551232466014226
1036154583802528
932650278043235
409227407452531
406774508997667
548693375225793
-783041511020037
122708049760791155475100998134
350983498750532
606848560554796004173741449755
24328290827021366276244068198
-103955861323696
369421190986791263819465697452
1944808366181807
355563240175784
629504445278588
525684902893364
124447924594062883206339459005
981368106136837
-309227403631034
142745581985571
836726153837304
235753286325558643265642674740
1046018401444455
325645157668830955955329478286
906471193476125
117368808158239
1063491363733444
-63679273429263
-826666505306146
1137963915951836
1876963297695912
50499226525795189102218071730
454063301551771261768981140732
225776773468087868950209947944
-162198829608535
189791403198314962806506446954
146361121586870
354466418560872396260128763319
-25083914662086
624122092467618
272353644682799314268052118733
167262175493887790881297835505
540193372530638
464996599549106
144283523473066273661957504976
1314640593470909
696079681437228
1409951968359568
642243859348969
33440846435679
-295499903373595
764722023703572
-602689619098768
-225213255359073
928460594767790
492699367147209139368602975250
820695528391235
603430174893186
489450558031834066824036000622
1617320703335320
57658914915259
190002356053641619906212125347
-793338203712678
652787533322434
-65762155059340
1191693544978631
316571072402961565452410925645
74350868209761
1088674207142982
-15688538665315
528562772407771
195504907088101186325727117516
1141614218154710
107025462780718200295232001536
166774218142850868918066315500
452232855741062
-216825880443910
1100073160335857
156242376693231973342193224820
1107589774317070
187687233006738973958109350823
-215252906322771
-114315196003235
1746705632702761
247548491185494681184836395664
505497398120840940507544131346
970818819235024
484284413817290
910792339124192
404336630962131244800696123381
276472426967556887162181549452
557011102648578118675235976987
171043178214801011003506350564
66197314264988
68894032931811678420144131832
13441182514507
-627410453579048
-166081134928696
-158287583980841
148630013023548730681165606785
76486500277019877183109096000
354160337605269613886880498996
132402953903961
7209516943649029502695810634
18532953508908772368964617804
803351943770756
6863387237563
-697962701868449
123383615655359810541323637594
494024090654247543627704857620
837253722250048
83677836392063939789592485734
175547553443173
29412466810150048352994807688
335563829362338
177219382185679
624223806412066
546820122227155048487684895930
525723184918441
925912504580240
213068539662908
1197789528875736
186706027581474286094794424748
829187890305621
-4096462382318
224116489945112864444516827290
950905377692156
954158743076300
1394465576195492
367523230549867935070406898448
229025079547414366565572968192
176045817195027
999819776819167
709039753194672
-160894845989762
337820084339321902977134681040
-30422748100775
581050332114794
739817921485223
408771856679938
22364154975952651411947022314
-93813880939510
207522385068871
170214730466492
177911361391189433440243297536
21191118032452904752308427086
-467174024922093
121092524063014946867634556530
406903467493598
-680209491586763
1318543261845186
820756596226641
1118417227522751
732923920094719
409993534668686299959747522349
-27454741274294
782189250467181274869459155700
379134555507558631003325287680
1280442325597711
803837055941236
-384691710058556
1028044598074803
191658289482114
1089454913013574
670949694162564
224783341959445023541286027641
117458767791075743257711848166
483401598836857555935621312576
662321436005038
23947259712137244901338999980
175513601113301
987204756934270
535069329114915965663215316307
-493894692245031
-398444585212592
-398924920748380
116075728379671138421566032504
371802442441754
146243364817661985830922300800
209857513781064850348513358740
662490360809615
501935563908510
899904811460556
482409726320247637513708365842
-630490338271649
111386809719662748781504793214
-645155304757730
881013647662959
539158383982821
1307114321655410
303211509682421275423867919784
1772188813298355
286180479730836
308089456915421
989443705978204
-76254268673296
425195613966961
878862599222541
91740925236039316652456656680
193985932949977248686090582685
65981598480876454391270008809
17146636830919953277215467832
1084312125056256
754951262451088
-305860614372542
50868554374617319056166115350
-247091054919720
761470205833153
1500310622369449
509339456851360
561920920261823
640639405295193
894644506077340
-159014053640694
378804142267182515883186889120
446867530311223
118268627318454435229707099822
576390633823947
66670661438741842011106443168
487621434803846
436868218254490507134465343346
642028503769808148599270866205
744323714788244461636707052888
781623832759239
377532606785437
408110934773567737122772899362
74835161376420329231116757007
556250201305023
95871552606064766330830781415
268691230960726927129681215668
1684909271420964
157520825798398
-255366193506278
606142924071309815241144529137
1594372180222445
352506793359494
553214786577353
448977326153895051185078362942
1031409951556557
-909486422757778
16046353727883443868167955756
537332345945689
621830456465399324920440242452
270904278732622600675853861550
764827626071606
602803137492719
966172499071770
207824291915374817165587811445
185823670303663
-31592043883579
95303071254216580410772836876
167453209171415290388847870208
915158145700004
111429072518870326069587741
230414443671983
537893156957930954696043242960
1760504113081293
3918631749068479878437315712
27747391185913
848600712800253
204558813952664371246672209976
942609181868934
-500707562994727
40659328950033915681935467114
1591705289520669
453015081742499165725939054674
161516876951572141714934568426
9070204458939199506193748751
16937004263143016390146036120
893929579190319
3573269557796925229478951296
-630817875169057
1081289814914865
1000311468571799
196741799922107
64097152355500641668787261984
-649858043241162
920246211466009
1205471529978874
1516029310006669511388327420
75783121863763716091804370256
300522355217734250706224597538
204757745141019277278609035812
424211697538931438198429260300
-306529327589033
-445863848818404
1295591388987997
33638868776673611980584272420
111846421005766536791985929311
-483577175593838
1750843328848722
88087905310907396017047169436
504725028828216
667888078359170153301327380480
171299107424802036863600967024
-633034071165002
121011898232534
272748882097049582028002601186
268273533263096851918667151256
519115753697103466465789888672
840859044557143
814556674336800
-466735553367693
-512965768878858
-90094934934523
650410208094384891628606351269
758978270863857
21180059043504
173659434542385551698887927888
178843699294422918128316177040
-208146499563615
734979391938855
162759519112972
338176837011781
-888529452912347
1311469617471232
195232701628574123487031826252
714221123633663
663255192923957
-588798721939785
5951228879854602012432273300
83022872226644601343886593668
178261282342738482071322507598
103558536855021075026314282524
1100757516772683
679499691711823
195209308463267651814217475992
1190630341829453
105427784132711
71334135511548665487504742680
-189737077032275
1285757066341796
39572414588096886093504158838
234834138829003453529106109858
1000898887100956
-123135593826815
145934208221170
131259882181670
271780893444045
544344962335937932747415584425
-266220439251727
358538551686768
1243092311606888
122637166152960431359274216373
63621159245997363231612568131
134143354202098533067727647424
1425600383196765
301309294971856264815120588292
330054497662310815894829836800
570321934256157
435443308650826868330348850208
811587777565950
-266590642819549
-536581518358631
721974218191317
371351373890503225180177157884
856664295410606
409808867960350405199015539440
242581085820598870167493716480
-433038080034110
248219414746093486395117820248
127249372497499
-483328051532397
934880709562399
428564717294621
381908112993488
-59407677568891
-830171800272350
-393066799373722
579361737735893
-318871335146512
-407616005520920
1023281879759207
206965031145554
816947617827763
881569863385912
900797345349517
103922603572476
1501590652890408
11811821336128053369363227660
-609715634737047
-196959484824065
699357918381434
85097348334771731787226289840
1572533975107885
-204935531180133
55547737994026025898296373341
312217765795635844117328151232
101841996770974331459908317936
221406179832713919868652386808
195296217969009366196918481310
959360913395794
239888194885931
255923921168720721895368834200
10980662476401712018461856500
1017080628820209
-53753561050889
722333919862018
848399313202636
-887183900568988
481406814678521916874886914029
157668922448329
513728610100122
44583610977438
1155968990255329
1661127331364569
465548165864509803656165274366
-128157478623441
953758420364357
-351533934533950
-357658935114025
-361346795681612
-211826905160259
-203508900190211
1558082003641721
169296826462353
125387330611091153288917233704
-964933173582001
125914067159980
1171689681839933
274540542793759
1080854991804859
276751713582919
-292980791451297
-648628110155811
295514903023917141945733952880
628534334428563
641588114693051
64523416042264896872219276450
633849853825897
111429405332932571634309425930
26753329418790920244836635681
-504150810629711
181659072879025194703125006173
1660602595148451
70600097018407623900060182760
28923667920261289313620288086
-632071783952907
1266286870060640
438118598892529799104373676642
-563855588135802
741328959184665822977735480558
92540007010589075347114070360
722970038584256
681701741176993
477409049693630934657676231480
-573633207751419
50692505023260222159433401288
1395007376442795
16190219651810
16741538746474776552532136826
318303608422945149608170298663
6979485691900740418191987608
1739501045742940256355879516
141298497988701
312518506077749046238341419379
-12653942230282
225647075890745
143004699547230410330418398840
827859384384984
111049311825980158196017921108
295277102055326
408971287752196976609639560815
250737195386156
873548935473011
228017036760496752874256002795
-366906699941979
125993200643459315960496733836
34364626139993926550837317891
362702053142659197480712554768
-259786033539280
772071610018646
175971426314301524576203103445
46274242042740
-297758570700682
795003488964696
45047873602400763065165943056
2921869465557035446297816464
1059922782093608
1736470333047
426346048482494047747366757464
72442551582525
16186987903297
297500174629000
-328300986857147
133006741810970135606885309616
141476426531652335905246158750
699652878170604
171269314640812517713253496135
1315215821515591
1297795720314732
338358511963031
59176873803946773239492803932
1146809104196103
203350392975562
1795723141496193
804335620543376
409272221557091
459930756715179
818922057853921
1146767866728327
746678912069840
384497440266427894464905043077
223624357694382
718326548711534
1061063565915397
63662962745293352585125698052
1259588414416428
221671675116174197477256851880
565976262618501
286773162281852268327168477240
595679560224262
324306037025922
581822613700236
735863618749736
1026648043113314
1225972617356047
195070304746605906993225201920
316278894871118
151778802821660425864596264400
-92480429210399
1871979381652871
1310237483358338
1270724797440716
377188281974204841557354173055
495623237562170455363525704944
460013761000284
1586358554703461
95640624526986230769410857348
503378515396980
104569083917570912581801786253
-177851764316256
206199933631474
-36631786618907
-56203187587638
105220980173545877700993517605
625793908875544
487222088788685370964057395564
964420212195909
310281897757183332342631805376
649530580159944746292876542826
-157583536102404
-558176507042034
125932750390666288573572687871
5136498157279539503369767890
563029841950659
-361626943853367
217842836822398300908416449950
1425880661237013
783968766315386
-293998617844895
1202814913762525
124658929083682
-235995279788302
-41690848351005
-111207922527756
264962138753912290196686489098
-207475249315102
11298913462003517453620692759
-702002887680881
459766349969575
56244003144911180163825360030
361110699542711171106943291473
397258835223971143587755443510
651239342199079
-334160551903961
-458438964120310
683647672534330
227400629991720
536065839940870
305257861528947018621663426420
1505195076146922
137567834001750751687416360351
691146480624930594835974259992
362947687805791
182385955096891224506242101561
1060409965045407
1061532421136107
98464659874993822044240843735
1280151556948414
549460571209982
106900839695678431350664659144
288547778101738
240796730319367645301725783078
722027552100884
1056105044824333
560584390840544
14711759689218895408578350714
-523494597561996
-477352847179409
433259854509832871164528194145
605007031825863
735713842428961958594269596820
252529954989767
-25020835522191
95389652985723034519478481690
554754673033403333267236066180
-201171400876844
56694415294124
635753525077357748455080902262
59961358076343
58990602140539
657705376536326
1019519728797258
951036505054689
162549899244157461237577419100
211832330580034245536395481352
437068213782878
-52162064167181
-259039180018898
-93943383352593
1156149984722078
-613864664638585
956599281799796
109326264453149947351862519344
896454735877137795332372608431
269021483624434843065582713160
24260696101864097654201884890
257171855934705720874732367430
267214854242643057579001227648
458208888334522
1347824134801881
329638455966587
-372016094110653
393192138837105252818898633708
17100432699302
-529649797042547
-561637724736050
1230891512803914
315299144768453
138130170723032176091061582000
1452798359727023
67130108101847
20369653974516291279868257686
309900752068927508843029614099
20843641908861241186101615309
0
