365000508267616
702430013778686
-237226309638561
514936769125904
1037419773063217
1054927845791652
647519541234247
1682309525255110
214534105090481316332031299808
1313587309533325
673155675576029438245726438920
-459889924946547
196176706627198
1616928750741467
-569945314426040
99308864691778059581015720115
1138306499272433
1522443359640772
117088967475998
18970458261509946953662219110
215227850111801
118238196280463895823254864783
1170589659845638
1736863005518753
455994267745631
280673786800844
1464715936770394
454730782689277
1314770781523268
192839646557610288547109097339
-227660477706372
412807599105154
623165675467635
28029241340392373520737201431
198343389967214
298011584612255
-154836713142502
423381363128657150138088212223
917500154081802
-861749717214506
751324638066190
403418145286521
835844356212397399607956736490
664254201259228
367918976775971253042965160606
1141047895972383
627034441397899242647102341052
478094653198630
1709666133577540
692823751541012
-340855295944712
12280102957283936418785790025
17378041484836814795233548
790118235602426
-102623080322717
528245541382392
21066508083605
395185953234983
400494543669702
653024773040946
218089390435316000709964767705
250743242589849559705090970393
714038670374075720025174957036
694314851858266
301478063882228765529644025250
-437623043228435
36520104111512
501262331645552
127371754992349
498671258097091879940248236660
84773657851133703977597154984
348991704532551
55575378040171311505544657040
418612588793791
934362128588517
4439019569913486073181076936
1022517884293846
73369362345441799438990349208
29278969977977392755750729308
169783036544415
84705690368750971955010582750
292500172153710860267825367960
10671577984575
770355359244083
98717839534215
57602762878222
1225767750728409
1547896220608433
-20649701852572
318873350443612439323086800436
468948060833560419656788271600
243455772508693
1597302237145730
1050383827750100
1359419073712998
457272417278358
1375307668841968
-714330201039622
1030576511627549
956427694741356
-37926820760184
358144558686980
218291740965892223343555232655
-286525651890164
825089922693478
370515138783279296667397157040
181104735746976069310610057522
-15615871541234
494336610806697
116373654193884
368940101123649
1482015751744898
1741887902055693
171863228479009825938779361381
1029982966068249
1123535370497125
-714879979168985
838596193314998
-800225338282510
-83160281646357
759147124316278332922382682000
14192847460162424891876949586
1399084582929057
26096343599901982743008513237
1079801780414175
932152727148587
325829979688604
633314480193053
752087656690670
44294094178168583097049841256
105271208918139478226530725480
389991960951483133366463679339
243446210730499
809305468671393
972410340424679
40687900627525
209423131792170212036452938880
456272507019172720051497748725
1145649612612929
478281539043675979413589717563
-899166411743876
1098913650293351
11928816771868
709776661735824
295460282137692101338845724830
1162052333233010
726671996022427
-255917653770872
942949663565281
-550881246165241
-129066123586115
-272718868115812
1279428217625068
75902923799503
840550562523609
48436520273577935688353950280
-373991551147425
905630926268876
1517492852736152
281379552474693
404250675005540057897923201992
684690044779336
899266367413980
-364762503468601
-33662480025096
13794911326284322719551826905
673608169402353393662080171350
-38994597719622
960043932970051
1132121271762359
160622218322429
606266636038475
160471961633731735479071984480
927906533683864
-923793918560104
-157958786304672
62754777127865
517979571408173
1346824800049116
1669741616654592
74749453744929246841888974342
-224827486734298
7757999475082169127989134986
294261784889431
24938812524925387493508712014
1038146833091172
356956506712523
-338029060401411
57721936121178
482915653974427
154180611746814375722684542803
-752581153799814
596543867214002
670588355382134636740235560436
684224864301957
664163049218232
556807747197970
1351393410830260
311295761544602521168681119202
1664888065983477
1362955744267109
-250354904405912
584638273356396356321986837472
563996465132380107101498876847
-358605743727926
113144360857426713032669160078
1130393631194202
763904206944709
259635756736062
1240661572164649
1724412991621899
1545057795476756
1075993946309903
1606573681173829
105487191599550247588215680225
1346517902333587
512958523107967158838422735360
-208390650806964
301271254679881573542706255472
-216300167910152
415449746431899
1332672394553959
876446900828980
585943474636249808136109231320
84179988668223
121617912639250
181148711666510983550476221850
1825891519977455
292300985572663
913434482033142
1786391092069598
-139767103407783
977690454306942
60457925358783271867511911200
-373683060642807
1822829383807125
146158434085214
1320548591943787
6238929420049434675548028918
10826428715952552308791120104
538818451922227
616659652050016
1025300498944764
1848970899041781
386732065825290662260858303674
334173415576444588347027058978
832729315823582
479121599828848265296446823554
10014607710217226932299926818
418124213708477
936410244215672
550874856686878
489487112848620
13104429763450477258152318759
-42774545629496
221217806977480124923402523772
69379978256394843828575591442
-708709952890357
151253062178885836070308866900
81880317751960069970388313266
1027390345410548
168001398267749940056773045776
41295577282006939382168439307
198113536620422
-553744568401650
59632581966439782392769081344
481525759910196
693996189192595
1191267687685007
332686487354244
194059893375492983090331494400
902717653033566
-459563552957309
657729452202553742840156568998
49692601065314760953880446968
-97781700519895
607568770061643
532915729759517495561811759989
236123977083621650899645963500
-151386655385149
744381374811433
1001753057385361
374687662299459235165012436112
1084599016029186
53522584144281
89648483702418
527091125411101
1056510558803402
395705277736496162352035190944
1274760452310401
64947833881439
54150820252913698527265737275
120902788607252082294051370776
53005378927976
447152955886530704607903386864
-25043729281661
427926630746158666589788712006
439684515762970066950407416350
471248497474802
945157789055332
385557636836462
424110003845880
1481795157582370
-409088111385661
468213805776716
995318036058289
1163291508071167
667341029390938913596756241832
1558691037497529
55464801846026785890794859320
-750461029111307
44930222215548969627280155744
12483193910661722343735941514
254868229457016
580320438358231
1796391299369186
263483072317182
727668802901627
452575142839237
561876156409922
89423643979966372072840918035
-28412963686392
640836516215658
125766407433630974844022144650
73634472394111348214537680506
399608488067307233749150235595
143827521310214724240190052720
48917103014800295507964537965
71951978899700
1546331659452334
1485287756614334
494859576306665
259153643078992234854346813254
469543513273615
311574743253268
1707321907915406
415679736138847023717602591719
1532595946696867
1175175669045440
4890
1027460867821617
7747
33441561690129417567207007840
61189466021504135071476832910
721278980366100
305052303900929
715001821210723
114550839198671222041664742420
-221953723451281
29431625266508560696222179725
116758708827755023659875843800
55229610030596396923251407920
577545248356519
1731548509089473
1305533039054850
420251784237030
471654766575057
1617975792299653
75838130518159064877390347072
559950333609631
654888303520717
1058714860858398
301774524535106824957819659904
1073295288272285
132614429883243680094286683600
1102676775149182
350443632526166915251434245700
211918451590747469219503239960
692248412956863
732414336937677
1177374447892274
134685935052383
-176346729609817
665445974848772
-772388448446594
-191082332981928
514716083221222
840043526895882
897670939135010
291293105093598
258151863218440055369770300230
-154730925695172
997390958365132
324645632701903515956132916464
493053233215557733290948998205
24427301954921398781275024977
14510122638240784155765739140
388183120188141487324868268389
213845324555190150177385652480
488469699573910
1074537409530908
528430185693907
754508947046691
192504020858048699636573757696
168419548082551000385268447400
1223548802954300
282739710607184
-21775508357884
791284196209460
762200561346519091752486365098
350356222370266
854096950749618
897300154599873601546136369005
438266634248861
-385380877445770
630903733419223
568505093953955
628606746470563
596839917870149020118145003667
351557613898726461004986403471
139564114047533530137383910870
455854808421487
1426239190591580
551783635084296
1494558029969079
1063089434563689
439644505133221974744798432756
177685843139530
-19231371372013
6280658755918586975944716645
31239154188792215064917766880
351006733686068
-749434740029756
353911433698998
823161825815650
467119400615822467555416904838
35351647942977886514793323721
767807286458894
-41627698684390
603384860328521
1140675653803687322236862342
-214884423079125
683423198214810447481990398444
153867789311512601443948325829
1771734471699549
506186330504310743277800206254
118308646643604
-101632770695762
4202119647066606398236136127
361828267197885779326456712071
763139549032418
616592449226123
245186153572202
1187026133304297
144292152212342
1466538542206402
-31654357618616
286301855929184128499593153257
-467309401936878
1111920873973642
122266155108834051340772551232
180909297552023255531380961171
33644117307684970815016416210
1252836736828175
540428882258455905297331363344
2416451104527313520675200899
494271508721541
-172343571587935
-415276918115465
-94440303048806
64788758856505126921889940048
1290081361508338
-254891592428333
200974273992982020367767204912
161933430776145
424324545162653
476790737174785
1493846603994815
-263569941526685
997656412004950
326172662169636411516789681264
465261320416471816179295259459
922170503454304
143756272029039418674801874050
337060871957720
1486510456991592
598280826746777
557264873681803
169422637298594258394039650144
8480196393354927069763211188
458903413030394369761240700724
309960733026741
563036773652331
1257144404471587
172950466698372431048504077770
1671394041787538
413099692475979
484754251844102
306776421118722
1188585108216983
422994810250009239628501627960
1667754691730986134447504972
174853882842710273296027778845
1366989794530132
750761344570232
1383608284751514
355810609791371
1432323628464871
17587477341834754725838102792
843090149898004
-165069882922649
-290289190666260
56866199962478254595301994108
-196384983831752
588805595127774
749685626569790
179102999188545262031697795457
1758312050463698
-437871667850363
1074607220773888
1842970792872748
55761305010503413580812036152
804821890593103
119946010691245
402995681765242
161113641596985
709676282689365211516726162657
1046215420913872
1698416473393988
637424538173393
305084053243351405405388439721
538762959323675983258206956088
411786808550963
1548467099470589
561229493023478
513619309914232992822564545168
467610898680698511508881842836
386726737542261796757653401672
226817598818435
-434732740684257
475745629184068038932147559408
770752300620315
66293830472601
809170976890837
365556450952357
180603349895080
289999151318616
1163105614039417
1161987812385898
20562572071417111918653976380
11052624085400029850787234648
49549982903553693752730561678
-106594687210817
385405122035517
188760085947156
1363418521144494
378365196750532
797309408560420
1361891772661981
275365305679515
614232069368104760057997079464
50901620131707
1509054764006620
398449532366678
763465763046480
143339490717043839640739104060
1030006672950422
135423974796315523183101804361
385062860817137
106914382232062123697130310070
469083030998581
808896796142191
815350890692703
757932103254964355463026096904
227937145863482107387040461236
-469351790403190
237064388401189976890261411030
112259682342976814533093878976
414768483336053226358813672794
10486957389094521963181216725
851203906926314
745235567980915
200238213790601768390448327946
-1330217037414
276246614825941299578884286820
304634918261547940268689504731
58025166981311910063926189256
169568825328061879864225560430
163919440337081
681950024744865515421977382148
612342098096306
530164044912196966961404827392
212308582776054
-150148535176480
-61300051448811
1211950965757722
128893592198964
87008277022120880806561626555
303439762129791
219622475445929
1271535526680864
797993782865012
-780947107774080
201317459854314838505123139741
131820295388785936926533420313
-31414346400966
419109512996683
1730556396448213
45154861359254134466530919295
1153963204586498
-325362251573566
1305910904545533
1337075623696331
507826188173108
414146029102870374636618318640
1256288995813700
-279395281546274
534993290938008
811117314806024
1411592407183240
423252065862246634807544142625
1390131388869269
311151456161856
-577862296899712
-472155444270927
175586206087304772583337800764
331765236060445829068913936520
-658295098849872
908684422908747
634625423851608
-708844185723714
143876450753027668040510496572
772549099341587
-451210300238658
1209652368868283
-336407367078427
27047257585892329974615475120
45340175971950520714932966948
331935883613764
534871131312025
456611024557901
140250435872055758392411064529
359750221463831
64270365381803352403003794320
2460362955289444479522997665
187212725027363712680334403108
165284235797571927672735944799
88623466760437129485480242471
1219522055937923
505322032320323
227516839148299
-180508145190703
1158540093517865
272435297198534
-531952452271933
167940116116649684004731901512
-42343381580962
-70115025359103
44662673282952383084387072992
1191987107931722
61044914134597943229423300105
519054505649642
22458211169328202151855613048
1500358940466952
916121772008003
1113717723999842
469651662643244450285543826486
233259033088445
515759903716421900985439471440
129667822019034
-43045744349336
149965432671313860965131406683
1319375885018358
-699144584532461
14303689996585906971364141874
1192603130552676
885010478506971
1914376855154849
-320668625217738
-147839687494334
507420451977755
1406599584997950
-136496535995497
4578488378916834262447520460
-274797712682209
633844842606999
-689726135232491
273006171608933516748299203284
-28284340944115
687794290683406
1201222855248747
142219661082009857202788562770
508016356682625
-792304634772703
1661457508575388
198589276453361882934620122440
259719307927022767142208988332
-673821217019560
-592688910106306
287001542453345
396496523060236
593909387064260
328307047657233209659706092268
171718448531225
673888968613102
653065833267263
143224851122278859266537144245
488388484349366291226901815308
1582582285255976
674467210759708052461483805199
-157793462772229
-215725412460854
1023564119878082
195726598792410234740190023343
773417206852858
344685338752694502239689666720
1041910061165137
640007588462883
138336605902221730589624904008
-668568449145269
222881957894493072456246547400
269834073091810
1689177585916105
167463899642094
57218448994034
491933856314720
-90901978363939
58289405287697198187777811404
302286443776817634487504078956
1297608757707190
468182222731511
617979142049248
766983848777368
-347385675670153
-50258169586447
-5832508978667
430219405467455933220293821170
1244582665496645
465563984375860914059256035680
204850175031347
74339977153406991605526276648
712005716128550
334679057199799
27851670563548877991893571894
463874043924404386279251276150
280379305820101
684426465769569
594626717113337
1026374190097167
311692911643349352001080868200
1429855024915503
-139133554033005
712442128720071
948840501204374
1039567310860676
307503436062458236752052313325
939686961921999
1468624611969706
-775164161406297
1093416523501803
12203197414564683373359693312
1622939826864152
1056739406427022
-494890807174796
631016055909834
410236310898907813925908024485
-801757520133190
188320890560253455207260364230
-189387099787471
205117360882566
401930806427474
162548464495466811760606640412
406049262250342
585566635501563
345390370388764924412388003896
1524035318829092
326089125321867577121312740760
91203063927447
1516516356079087
813721722827295
-2465592284038
375056108701256
1106165774324993
424507983966010256177340439650
323008504141927809907233845751
-684608696553783
1199113934022978
-310014946443252
1212974311705297
1014525696570401
247316098576225
10253326080055697661359048906
46159621545789545393930469810
-129300449060270
78919130746973102020830935832
801414060541485
1187508920762693
257434812365699694414883448368
-168534117803996
300030837388659
-231969848444702
897076957251991
319432759257160223019824162432
84037758341136763505817140042
18423791973979759372716829200
919196985551974090190528372968
240276060681694
6228851245790
2489731610084735538553307518
417068546591054
55541680149192437812944129490
-334394948751494
1072851873795082
741931764961042
235645785120556357481417040964
59909976525037126821165136312
958074713225039
494665404950864281138847273115
559998071973366
-479954383384262
406003886214935977264109020164
367556973668690693180685737125
114471942513764384675937315456
600613936099930
1338832060590025
655714281313148
473201063601991510315521420588
416767534533458424309283253040
674110753008930
546280107914689475675363638775
-28229481333938
-103188862372371
-5493578451799
-14270387199770
901416983791515
380594596404739
1367330193148752
1092150813366896
869459093416084097525331070220
-84445503152242
977686530144843
-269754536654573
1641766887857172
-42618299520276
142082272951776235348107855392
1279194204241532
118231125021374941936991958028
1480113169896807
1080086633736152
450253856949929
914340664473343
176677945003556183246370820608
989977126923050
86401407180845988330511221640
357142827477142
71227233927452643400870952505
-410285149340909
921789573036172
222099086784169
122864613071421599972417543412
147105203027855316071314720033
1718123835425189
240869956671770949674844652536
1334717136103714
435788082558011
258499311131488
414583181348551
71468280509843
877181944962104
1598799468187347
404948793302521
434284871139984
15979119972178561271667963010
-101000570714909
1648984128398241
742083637361573
-76370643788422
152855906923423
144615172148082
180531887626559
1420608392327527
358775319175621079258589359288
40121232099548514972808862756
1230585146340301
110237658830510
-337492008980771
134438512258587966002717186628
792936499742457002305762375629
52868947179695549744692539045
637171875620778644312011843088
441986766376931591909393214720
83893795764490350644882154534
1113054430708663
280389561023414
-555751226297144
364765953422104881282073525761
1020798799176825
179646997949358452255468221335
1163717091762710
264657275472357662455565712540
1636301075412077
1197972084738178
448834098490760
81951818746057898682083178128
188237355612986
454716156586343
354879999688341
85229005231261699954421780880
5525661270236122687612132920
747536593791803
1344960522519814
84290837584725014056379670691
510018601814254096154758593720
-90724558149849
139148697486323449797099313080
-710365638924111
1750187907570881
636877711056396590915462507113
597371426020490
357182202856021134622302536112
690721862125371
-787587040420815
45206453273564778767738258708
332551910888941545319102838880
488566678872714
724213055648291
-670650437807040
460405253206327905877345372256
498581676006243917886102692035
-617579288809040
302077641246117
230639760076828
0
