37591768643346
163962635534393167320365112500
624457963433681
871060899248161
1353943201622458
-18282869895659
981146023295176
44923030822282718011910639850
30957001391586966484079469113
10765595406902112344773179558
544026145744924
-401094774358828
372292254998718006700083535536
160181887292177190035462548225
-185302246456050
96433400893709886814234329794
-215318511356182
423366251959159638856818263084
86524019110931
193203777877972
110818164430687632108537800008
906409814337900
-40765019249857
283364959454969889279843212889
39477681315491800300213007586
1368665563857400
778722608635011
1132442011985459
-103953184555981
1610562746466192
242246522857737
-801075295710164
623238624759152
-55321858722603
1311866804055384
226333659513691250427389990480
490149184052025
-324237033763010
295707412136556
-50908421710053
496643705240841627807308888957
843595360299640
905222473088411
-483748051118569
420095247042288453475643568548
940127813308334
277897336617868904020473084168
315946731205351
743713487475464
554892975908023292850223415072
124542423599182349054105447524
-246440501443035
464953709608477833434922011340
346513031867197
1777600474957392
178895049564206
618475846708616
-145529001874053
52805253134802741468452828128
307062091443612
112278308839727001271801427584
1436041464024404
-209864579526149
244113625236673230691165712415
-591877856250763
969408789440960
152800194410555996586887352322
1027243461516525
68680218053465384533595116218
721243883927997529589263558134
220608499807373599607865941126
170286222329978480594740136295
586212105649814741425634659836
124992564733576
497369724838372
1052227824686273
97904404259298324213481100070
600968449577988
664192517272705248021727562064
104889945542721
682635301973914279174025302010
-134128145712105
-471039759773853
387999368933518853628321871076
-75143033835377
39829031416461349347325067445
1713464488210231
1967667095100444
84471755154703118599392178862
-560640124296146
-204005132987441
1261058569415918
710621901788633322374360098000
441206948143710832902290422340
409364490576614218034453937500
1213840443133453
-36363939693798
1149896301707420
1440362056001928
-182779231517220
-30745866923835
999172528737004
1313049547962567
1067373778666244
1548861787104714
523292093107801
43062421859273290405716975260
593150488429919204011233248300
1262357056963170
574771979461718576443391528234
1673571895636005
31127762171600
458652111747011905296827196123
-650649660734642
541294414593514926595328223765
350946927446684109396888424731
11021272141123
778005086374960
214854437484959074075842469790
6380247857784879564931635600
1759127731837773
655155528576371871253318256496
1105521785870280
832465368194113
-689922006270948
423257304986808882185111384871
42324222615419
398758660222364
-58212167764385
1358841956476469
10482383584834779710189266774
-75684778496014
431989526700568
654908372634025
1071613183930197
-247848840121192
166273537509423315279076428572
-3998979400213
43257149593543
1386218138068065
232458000988192
168412182675716679368157976116
1909697767305422953681570077
70648588351076
752181136201664
969283336838645
840346009418234
321954769432161
532383401755363
12984868376152
416775618854335043104927978776
645914375703317940176944460664
4092396273651178494640672176
893602268326435
34369002293148857524196212632
810395832286888
1034664225810796
14249637813151073923961453577
316340913772780198667886730462
405479266789356
-445308153099844
223625402861496
975586712097606
-95394248950585
346118967693737993964440992716
847721484846371
1006126554067010
14552774281404200319180701800
146637395867052965118050373840
321235309797594920256306060558
1175036937875325
837510619431900
142523253737593
281147487281526
328884677352451857174598088714
1122594702073581
1339306633548425
415375768071145434767883227240
881878665986431
363476456727261
114107632778542528291485916620
36749141810893
119630827758238365124534569504
585578899216145
235591081714654929985720599118
284705094304375005854708237850
487205473483347484122719210135
319845407841623
-393817536636893
1334647146928301
330461819789356099872779409840
2829723913686326308524158238
795533961065455
700883531451035944845361003656
614132319343962144299746281484
1205605838203030
26953050474973344980063204800
-560105073549237
459753896110297593902621012370
-238918643470727
705702582832725
-203554123659964
1173257416157637
246027095830248818760237301200
-11958952814133
1643952007272929
1494153152946144
788331724477118
43938874881473
91750804307909920814515765920
1130616905083382
1261395118528887
-133825686922714
1179452855384141
1193028216082905
115640017955929522718485834128
117272655172974
137604685360106821923345920816
239898201130705
681627386402659762751056143756
1580892790672222
45450609294965832390720871086
258797741341751703213044748551
-247749483924513
-229579691487524
292210407677732568249868822200
389029263300566
386818089606303
312295060782621586213039853164
-106178622044212
5277683466241515344366974000
731934498987523
363044696355600
-913223193703169
1064494429634271
352417473511199249080933304514
256662247515605
188219746953065
174258679256253
827434112292707
1332071154805269
910021911975908
1650535228207705
-576063846493533
318497616118416
103194776727283187394490821584
2597502699551
-223062307865128
208119691055371
0
