1138387961574760
-239921189605657
487606875533936839198444867360
126883267412035571456520948600
11502253907495047827304587000
1873478031951212
-555673438502239
955398281706934
897908057204201
1342563994348685
701372198837674
571365980403981574743608053825
100544089997232864645708720396
891279440391123
955656791257818
155578350597303
-312302734982734
819126924399759
237574029258832736320800272181
700224505183360506884719628541
-5233
-866280472207453
47757820082072269629041352486
63724069772407093710717362160
41070691052872269741842653948
3870730909178813303137231262
760765407069452
965351838525756
-33701461284622
16423132905326
47976762693017480025563957576
54725425236094796657232881808
847801215639897
85027350277127785490316625848
901593661493445
-880395936434884
1325536842592218
261296011711911
-9205572829717
343726613089523485435801191158
508227944791883
-558781402423891
238960603172586028122294520480
253588419954958091198947006365
48955520409027549889023421992
873856690509631
462440683598604480689214528234
138466244652216960741248559960
876134735596457
-89911618748455
832496748360403
728289333857347
769387351013056
-351177945797345
206721013458812
1292582223874638
6761308531441
1784564114159327
604600278942524443922053084090
-173385626689547
624482975272833863634232521024
15468072165716
18741654557834107149275579252
620041527415953
876790448055985
100634146152806
1683275180393602
52677003876207027431024639826
124842807743709591678657522200
80759709185673
918125690839655
857656080267073
10752836685283163371803876992
1256515444595015
717058631911226218099793781909
904430524850727
-775780576732100
1343592079850881
230407808830114947896807962030
111147920854780092364432328627
155781187242668
1919538725445253
157916870797010536724702939631
266186602118187
329650736805177033232137093102
1185502453212519
436195872433013
132077779187304358149916028584
127510761652402424598583087603
-115940270965221
794003316443885
484093204111311939718005946563
577947775499911254129500971260
187597171214219552992289416828
86474003310295526495273453225
5672967946041773999693367208
368004663608934
13818658781333
504542923026710
1712770411704870
376386105165396
1565804438738870
15205190999646219931662636378
1648328256692968269772990896
-4838594058007
69189480224962604206360843260
1444543099589486
10020195529487942541902354568
-417955358615709
807354306007231
1016912836058493
-524991244147979
-246504703964174
778741570410966257875967600380
585423548430398
547730149437916
853514503751426
-264329764738675
82134349518513
-384919888185449
876597929420350
836801502714347991389683981680
457524312785124
-557501200694961
891292037602786
109591819556235439122750768542
375036975135598797294089714745
415207049731880784628214782368
687069047842253
1299696430738605
40969337428757833898478048048
9849163160327
1314350910165118
298193629518317952333302239452
1687581433719078
388556558379207
1059215628416796
238785838538858
1472891415386080
260889309729437
-63715831458811
57960734514419002408463358531
44002100006958101733294741648
135761346590845194613458429321
1448759011981816
1277789703622435
90089745047927371680421164780
902914695180672
537860692142898974513212139228
902253485825119
1213097594825893
216999569395300724195490889686
85653232643210366146883582368
31378373790932806648624079476
16604991947438773830492698607
944268035394975
541208390242684591471987431885
1444223185510649
252874774376911979352925653260
1735414166529376
217508292317736
233994154765276071343374548516
1213757449903064
-286223792168709
214366822470204202385805358770
-517030734282763
294886013000093510515168514220
-476581658333626
817334169434303
119700135428454113141681034108
236002830073271
-444416636987965
-412077632849513
86539581258752081344852672185
1112119008884136
29016506540848
804734787369353
593930673457174721634721265455
-127123254960605
144529458750736
1287827073728207
185052744582165791950940347276
3146099161235735533375945980
1406846106807187
2272174883841
856359905280497304418713404306
351996765284466
976880508336058
801946250037231
405697877388934788711009516182
-142939232906508
1597709939538087
292828074449314
343871273268914010383307184080
40756796748306367857522201069
210530575015956045255752185608
730791642512827
46823591304991
135944244050469798302781734352
-485638730399029
377111498658006
214858902047230
695512821343539
969132820941306
-939174174745804
190534684526631626676722427000
335821993219796581112256078060
663789934391946
67812149474745346810903910925
660735325970863472971788619122
-170171754755961
1042133690598011
-413019233272279
285651034500958163260436146830
655593586491771
1426981964632331
1174240153714805
213303033638036
-716628686057031
902297296470210
247124159433298605791267148802
512509699427683
-372498759532971
691777957441893
385288866124161
0
