17234597261360567612180993826
277593355761164916729677928586
-72303200076953
912945223941041
1121942708346169
-405537156095626
124695648697231156464998254104
125170675743167817020330593696
262629435925183
236015559042811386870122717500
-264686425348778
-512543808782635
-287958643487543
-182470518229970
1365476018720861
-452854731974773
960340845489730
-635787074329287
-355068518789074
-594527271383284
53004383758228850957140658152
517016946402277861594954895268
245831191534751835269703150441
265159265778642146891370998241
22362577685733
-436494993342186
443485558034166045299546609895
117640395948452166525784118447
300286214474214
770838428820208
331039255143348368924466172309
756566498125814
712651325009068
45977619238098
552302155216975
100400658351468826255551327616
169607682364633
946037827568948
244331774692024015904388902988
-105591550953555
178172973312076178920625399937
-22840213108729
190378657867343
39426467408057120636728417968
176096750765252526625967563530
429418578864288
1865548370786799
382579715086379
734703166085176
1048116522777369
193397825134395717463137127408
412228144661137
604347949660768307002058988875
33550215750107714889595955625
-513553660934918
1437429669383571
411278293986118
589761099634769
-98956594887871
-784344730974498
938400181964837
45991178451803
481989709028538702795461711472
-405566344291806
1131375521385753
256168245594164193405361897200
-96394094956740
-28748461081298
-301833213064327
1660116490320732
432285020019614667710137216864
67689850622025690443157698430
269123272128711135640666178498
687281147232015
609982656937690
754947196454979654224255828697
18829756789352377528630147278
300576222115456396774801072048
984452696564519
542325896561279784253797866800
490922159664247
161080927060657901913616003636
988753970486997
333766878150891
944417412605315
1008741176595960
207277049938209285750120028422
1421251743991269
1197904419422002
843305819770079
-185610367779238
-320091037525301
-123451033836878
496111988164241
319764560990055799981993239984
-140919955224374
205098837082224
633922716128919
358825767448632
-174889907761491
1058662579166736
195562868586482
271462145577735222971369452384
1710891416363953
245449776127404376448113086600
786574367327702
921571390916659
52054066464470685767090955222
337552030960149664399037010695
-469967360668903
1227055760436464
30155764255828495740391651510
1270343366451021
-404597348227336
844235033096129
-321873830795181
1156589154041207
227948512043601
1141059065999121
461936455314397488268955717208
54119658792854380265706030458
-580527712049644
85433251931299
1202494717773082
228915342702508163337847609560
186462048143566129565878427895
-741752760087021
423487757541350
630013034582557
144901494572696153030746259991
-725066352215617
1723967548243100
3378541095414
-257534665735593
364481998697479454609578022625
298418720580193
208452882513113798812570715424
26856498936242498211789896952
957822679171350
107920482764569335512714276760
23710285312834
593087758516734237008180006988
-150351063706024
-477358880717538
121893873554201398798462807554
415494293354225
-570119686829020
-270320858307941
1129956813451258
184685149317326
1059182547713867
516427415625672
749458628606292
168982792288085
839321761857173
633723334229678
634649293678355
214471290274378
1340707430714448
108539698351651269499289881542
375168983748745
342675525770958469198527509832
-198075371720351
-56448846548933
1398593906915059
171563744632323
385070105609352918891444989168
741259046731278572834915477520
370303239801595
54609087547552911695430317280
1010459660069103
322080421682007432460145656007
-137039932995178
-41476585589046
1732772292625193
843985922150105
700655809091841060285900526470
432672149015216407384038346600
663574146489788
55125302736980481037499304903
310122729456203907252021015849
1127779926717468
1150872712177315
249539254624837365761470488360
-80209296297557
774438937641516
226695710416160087581155866364
1243946907478105
365919226424394
85915546615231
-8019378460078
35370128253103491788978631484
157524975516727
554407319263595572931435321887
-502117471016449
31498681462618033964400996042
83166329888830734909514643544
375751152937055
880010017775231
-321971522647510
1321382076355936
199964755060937306160598182390
515712674281200
90256078505582316157187145468
-125419204922084
461053550271637
-280580511328370
1151704500414869
971903653708978
-31889390239107
758474894622426
818918759666406
1377238716501910
14811905261570707160554799808
578798374799226017461439073300
58084427714418709035767202425
442931707831978016175043812592
6805390692586089496326638490
1417336037782196
1346556146214922
-153334451827820
-413020794540724
-704717707531872
-522735445230013
890342856767640
164685404773333623882001520340
150625480047904986724143858123
176730136368166
112185248277366
-208247974156308
-95792680705040
963484783205282
976424327336018
356530819237309
185834572431665
731481697046173
1372773904298437
294625824108161
12770884568465119368750371553
92787770793978663580752366288
4284616143872
644447936317504
-149140434885387
1293571562395715
215352835269858
-117369346883356
489121029504514
198946858385493
-86092967513046
11513947730616482269309367585
-346798627805514
58941314507578028095252545912
340145948267080
223952660411344134559846425792
817192912123665856818687328630
168347683296496090607559430937
22446907488511713547928905822
1013273028893286
-422894402963257
260171990872786997516967084749
565542615679768
269816960866292413637385313310
354566362442426609130776088388
1378225988413080
1631938701571044
110754923502252
53987925985266497010052927352
313206975678903952666716267735
203986159612148978353232484424
434717090619466706196360402560
92410302119978512075140308664
391042944017108
1665439420724608
383295663808426
118059774225528921829234804680
488836230275055521925864754396
324865428870055503822412584465
164243831509796864304046086024
812088966330494
666107515329457
258734299847787387905266026693
-325849686570791
4861139818118
566193000920460
1143528297654586
388525606532111
1074108280433643
402116528262650
532292565495720031762738029236
340505236245221
-469735781727474
-552963454167500
908922755768917
252577244312089341748631923920
-267495985027631
530314802962573
749112029148196
1537992817653560
316960216708840
899622301616112
100421152676002614491360471933
612939940670588
841786130957494019243507644300
96753229473645649163087733410
-137329941984125
-359666805150396
1073802174538986
1181973424377989
1835429026579863
724449818291621
163478476899593861265287070120
214935594656691173520959232372
122761142127122
1383511166098026
-645985404232314
-175949076724529
165100889836229
41698067438927680820440831200
1380234710590450
51199710343813608644213435352
607605671917284
-455382457630617
377450004397877822169495502098
43301684896830207287228651550
107187359660862564540088459117
17194670730406
546231165511173210787216878337
-805061267838048
1317921973287729
977955166392682
1006793924268930
1233590536122444
264575554569104505714873329640
-137092354878914
613830130819446612535001033210
21291135624571627530499953840
158817764372928
1007225348677254
1651575547384291
1010994147081204
-17901208113324
327802901319543439750016573220
207793298926952367823684161320
657543652648600
116473421737575218062246671710
-328057040610316
310953876149173458977178593631
40851454356902213472338057202
112180802865984157025538423208
625592178450642
197922709952967
149503951757836
-189811929296061
15697863755831394447078464865
91097164505121664186342369297
-204709805865684
454054319841259717209278726767
-613123140800533
1578762081266049
1115945131539313
951800051618295
10595688636746717515519828957
226245959733572
-201303076738133
412483284239043347732553910455
-171718179970861
-452033163342114
624042143388024
9524296775421409302489412116
1515634130274225
172994743759949
247531739997754427141922497024
128167062845821474603580319462
146036187356529
788197145066933
76797682645426181320719484358
1324939074318536
111410963596627424840149754130
419289200327083254215432104896
913606072820189
952021186517278892880243365336
490602695375260943687765575620
207334432149672040575640701300
519289396423753
11280914722367
936382926141850
595783544120704383819664512870
490074900930621
1015816125130595
1779559873587666
1209196945832846
861662113656996
-42940844974952
521858262598770400595859048795
1024447435381954
390659562295648271912519722368
452546683666023094489736680810
-179466593142080
1243846027611860718089106760
243681195908160898962234457500
753177218132387
375409284663285845319595211138
112992064322859385180883852670
107911773256715819358758773752
-225364435768644
438611167177445
1114581433681701
314674382778283
379157243903934
446288529788145
528379214658637
-28980234197642
1556013598328685
5674433173360043643192768037
257081313478404
1424747349430120
300705782548797803308550697908
175844150547553
171762223152059343081398809160
2349065261036798823822456096
-428375505533496
683681306938960514773028399496
491667542854313066036229188525
508385306454893
141124420001893
25970704903375687372407907914
1249207676487571
372765803033830224503516592525
143123291317445753161510724532
1752670471654440
-217440467337103
658965341150480
1444853987320307
651730393532527
292301245485822922330713651650
426771301999185
-323726244863712
987978416698059
1144482665214269
777503220732631
1147957754856577
284004559122409299371543443550
-275346780137771
645356693910091
1097682082802811
-555497871883962
544903161850586
428929396465667251727559331674
14257688457359464524562122297
33506195227391827613555243244
-238536336087650
0
