144715878472114291501599359997
1983398170594281116568420742
303094952647147164774596433432
925570778569861
117095281496127116780614031760
487224796334465
109330029551608125703951453966
1144667397330768
1968363026956094
490100402430402
71231117814956
198483045046319784684870242430
-540218063856026
99163963328290
-459829912295055
26252708412609841137660149280
527100470861137886106083583972
44831306554268032901758986576
385749615772890
-402567623079888
729249690627682
75107318160621993258084716043
4944389225277243809358091452
-322477460226926
899523496902623
-125212530658114
-398491692850377
-218391264656908
912673774378738
1006675666949860
487654656311307
514556136518583266041003278102
-388212220067041
439069136875028
82782875199967607114598809850
36061389663474
684686954694275
-268494003206592
-324295738493778
58276769779987590740117472989
-639170641381895
81296606099600
-492852807026438
-30452467630698
333276940066812
1305776610144541
1516122939851780
347415400215426662458506060810
38942171664698375976091384468
484343012766804459699568193875
142078178363224
509925081709547191838550192230
808444920142087958679619933852
996232187634476
747401812828370
-464820114951287
436778116039318429957813805304
-176724973597009
272348418676875
-225052918696885
-92655313811728
805893589256453609762614636917
-102549810821893
93012940033176149312832266490
69421005391612
474396346741981
-487261992217719
1032455118185303
148564922289576561523423704847
264062767389582701864174963252
733450615725968
75040044298248
749427601504496
27305844414020028260529420393
553540535633228
33475573206436
1448109791449632
504686572765026566748886173420
-5493628766744
1203712881144190
1173921974098112
1366684855448994
25409412898930711785886420440
-96897106780781
-406387466462121
1346117895428332
230072435742876
-299981392838452
850835202946855
551109565349002
57673995929701550464713531105
699433318265137
1610708995277588
305255268732660
1408337705257306
621369857529910
967255391195476
-392372005668369
229106022411909
231734097403770272147662171515
-242525905512746
-126851066335317
1562797312678608
1012663219225641
-11245240287480
289844268628717
478981892856378
842874628149597
-401027866974003
1212980446096836
654695470693125
118200763305528183803183491838
2988050681436221327511082594
-493148416420450
94865791660792674339607210432
417334941844336
33283248066806624236386052096
319503933936340
5507051516618180988600047690
418647601963712589872079370194
802031489983185984170670281952
180573105162812578955826532984
561358882338613
638358306677327
629443954512384
252077529141653814294011119351
494798098481855
1005760298763750
264482058044109351867855713532
315342125552809971609005825436
6017287709633666125051483680
1298058560124958
1303412157742783
764873913219693
220393663136261562152756683992
352058100637125
1647088508021916
222568660980100
353085066701064
1066208979573295
346932122665242024563191852000
1930544466871383
591620693157073
385554921334002
72405893612319199899544557765
298929382856612603104782402540
114839626162987
18915841417921163314137265067
1073771059203933
1637554734634195
17862889811361
3177960789292979330774944733
1303447510059089
105858246439920
57431826422222674724785347254
347713873561640
605387387333236061342399925950
203931888166122606713998490748
547255262818698
28686999446479191296603133030
0
